[2017-09-01 15:54:05] production.ERROR: exception 'Symfony\Component\Console\Exception\CommandNotFoundException' with message 'There are no commands defined in the "rote" namespace.

Did you mean this?
    route' in D:\CCC\sitio\vendor\symfony\console\Application.php:548
Stack trace:
#0 D:\CCC\sitio\vendor\symfony\console\Application.php(582): Symfony\Component\Console\Application->findNamespace('rote')
#1 D:\CCC\sitio\vendor\symfony\console\Application.php(205): Symfony\Component\Console\Application->find('rote:clear')
#2 D:\CCC\sitio\vendor\symfony\console\Application.php(125): Symfony\Component\Console\Application->doRun(Object(Symfony\Component\Console\Input\ArgvInput), Object(Symfony\Component\Console\Output\ConsoleOutput))
#3 D:\CCC\sitio\vendor\laravel\framework\src\Illuminate\Foundation\Console\Kernel.php(122): Symfony\Component\Console\Application->run(Object(Symfony\Component\Console\Input\ArgvInput), Object(Symfony\Component\Console\Output\ConsoleOutput))
#4 D:\CCC\sitio\artisan(36): Illuminate\Foundation\Console\Kernel->handle(Object(Symfony\Component\Console\Input\ArgvInput), Object(Symfony\Component\Console\Output\ConsoleOutput))
#5 {main}  
[2017-09-01 16:12:26] production.ERROR: Symfony\Component\Console\Exception\RuntimeException: The "--v" option does not exist. in D:\CCC\sitio\vendor\symfony\console\Input\ArgvInput.php:224
Stack trace:
#0 D:\CCC\sitio\vendor\symfony\console\Input\ArgvInput.php(160): Symfony\Component\Console\Input\ArgvInput->addLongOption('v', NULL)
#1 D:\CCC\sitio\vendor\symfony\console\Input\ArgvInput.php(84): Symfony\Component\Console\Input\ArgvInput->parseLongOption('--v')
#2 D:\CCC\sitio\vendor\symfony\console\Input\Input.php(63): Symfony\Component\Console\Input\ArgvInput->parse()
#3 D:\CCC\sitio\vendor\symfony\console\Command\Command.php(222): Symfony\Component\Console\Input\Input->bind(Object(Symfony\Component\Console\Input\InputDefinition))
#4 D:\CCC\sitio\vendor\symfony\console\Application.php(888): Symfony\Component\Console\Command\Command->run(Object(Symfony\Component\Console\Input\ArgvInput), Object(Symfony\Component\Console\Output\ConsoleOutput))
#5 D:\CCC\sitio\vendor\symfony\console\Application.php(224): Symfony\Component\Console\Application->doRunCommand(Object(Symfony\Component\Console\Command\ListCommand), Object(Symfony\Component\Console\Input\ArgvInput), Object(Symfony\Component\Console\Output\ConsoleOutput))
#6 D:\CCC\sitio\vendor\symfony\console\Application.php(125): Symfony\Component\Console\Application->doRun(Object(Symfony\Component\Console\Input\ArgvInput), Object(Symfony\Component\Console\Output\ConsoleOutput))
#7 D:\CCC\sitio\vendor\laravel\framework\src\Illuminate\Foundation\Console\Kernel.php(122): Symfony\Component\Console\Application->run(Object(Symfony\Component\Console\Input\ArgvInput), Object(Symfony\Component\Console\Output\ConsoleOutput))
#8 D:\CCC\sitio\artisan(35): Illuminate\Foundation\Console\Kernel->handle(Object(Symfony\Component\Console\Input\ArgvInput), Object(Symfony\Component\Console\Output\ConsoleOutput))
#9 {main}  
[2017-09-01 16:46:46] production.ERROR: Symfony\Component\Console\Exception\CommandNotFoundException: Command "route:ist" is not defined.

Did you mean one of these?
    make:listener
    queue:listen
    route:cache
    route:clear
    route:list in D:\CCC\sitio\vendor\symfony\console\Application.php:596
Stack trace:
#0 D:\CCC\sitio\vendor\symfony\console\Application.php(205): Symfony\Component\Console\Application->find('route:ist')
#1 D:\CCC\sitio\vendor\symfony\console\Application.php(125): Symfony\Component\Console\Application->doRun(Object(Symfony\Component\Console\Input\ArgvInput), Object(Symfony\Component\Console\Output\ConsoleOutput))
#2 D:\CCC\sitio\vendor\laravel\framework\src\Illuminate\Foundation\Console\Kernel.php(122): Symfony\Component\Console\Application->run(Object(Symfony\Component\Console\Input\ArgvInput), Object(Symfony\Component\Console\Output\ConsoleOutput))
#3 D:\CCC\sitio\artisan(35): Illuminate\Foundation\Console\Kernel->handle(Object(Symfony\Component\Console\Input\ArgvInput), Object(Symfony\Component\Console\Output\ConsoleOutput))
#4 {main}  
[2017-09-01 17:14:07] production.ERROR: Symfony\Component\Console\Exception\RuntimeException: The "--v" option does not exist. in D:\CCC\sitio\vendor\symfony\console\Input\ArgvInput.php:224
Stack trace:
#0 D:\CCC\sitio\vendor\symfony\console\Input\ArgvInput.php(160): Symfony\Component\Console\Input\ArgvInput->addLongOption('v', NULL)
#1 D:\CCC\sitio\vendor\symfony\console\Input\ArgvInput.php(84): Symfony\Component\Console\Input\ArgvInput->parseLongOption('--v')
#2 D:\CCC\sitio\vendor\symfony\console\Input\Input.php(63): Symfony\Component\Console\Input\ArgvInput->parse()
#3 D:\CCC\sitio\vendor\symfony\console\Command\Command.php(222): Symfony\Component\Console\Input\Input->bind(Object(Symfony\Component\Console\Input\InputDefinition))
#4 D:\CCC\sitio\vendor\symfony\console\Application.php(888): Symfony\Component\Console\Command\Command->run(Object(Symfony\Component\Console\Input\ArgvInput), Object(Symfony\Component\Console\Output\ConsoleOutput))
#5 D:\CCC\sitio\vendor\symfony\console\Application.php(224): Symfony\Component\Console\Application->doRunCommand(Object(Symfony\Component\Console\Command\ListCommand), Object(Symfony\Component\Console\Input\ArgvInput), Object(Symfony\Component\Console\Output\ConsoleOutput))
#6 D:\CCC\sitio\vendor\symfony\console\Application.php(125): Symfony\Component\Console\Application->doRun(Object(Symfony\Component\Console\Input\ArgvInput), Object(Symfony\Component\Console\Output\ConsoleOutput))
#7 D:\CCC\sitio\vendor\laravel\framework\src\Illuminate\Foundation\Console\Kernel.php(122): Symfony\Component\Console\Application->run(Object(Symfony\Component\Console\Input\ArgvInput), Object(Symfony\Component\Console\Output\ConsoleOutput))
#8 D:\CCC\sitio\artisan(35): Illuminate\Foundation\Console\Kernel->handle(Object(Symfony\Component\Console\Input\ArgvInput), Object(Symfony\Component\Console\Output\ConsoleOutput))
#9 {main}  
[2017-09-01 17:48:04] production.ERROR: Class 'Collective\Html\HtmlServiceProvider' not found {"exception":"[object] (Symfony\\Component\\Debug\\Exception\\FatalErrorException(code: 1): Class 'Collective\\Html\\HtmlServiceProvider' not found at D:\\CCC\\sitio\\app\\Providers\\HtmlProviderCCC.php:6)
[stacktrace]
#0 {main}
"} 
[2017-09-01 17:50:35] production.ERROR: Class 'Collective\Html\HtmlServiceProvider' not found {"exception":"[object] (Symfony\\Component\\Debug\\Exception\\FatalErrorException(code: 1): Class 'Collective\\Html\\HtmlServiceProvider' not found at D:\\CCC\\sitio\\app\\Providers\\HtmlProviderCCC.php:6)
[stacktrace]
#0 {main}
"} 
[2017-09-01 17:57:25] production.ERROR: Class 'Collective\Html\HtmlServiceProvider' not found {"exception":"[object] (Symfony\\Component\\Debug\\Exception\\FatalErrorException(code: 1): Class 'Collective\\Html\\HtmlServiceProvider' not found at D:\\CCC\\sitio\\app\\Providers\\HtmlProviderCCC.php:6)
[stacktrace]
#0 {main}
"} 
[2017-09-01 18:00:43] production.ERROR: Class 'Collective\Html\HtmlServiceProvider' not found {"exception":"[object] (Symfony\\Component\\Debug\\Exception\\FatalErrorException(code: 1): Class 'Collective\\Html\\HtmlServiceProvider' not found at D:\\CCC\\sitio\\app\\Providers\\HtmlProviderCCC.php:6)
[stacktrace]
#0 {main}
"} 
[2017-09-01 18:01:50] production.ERROR: Class 'Barryvdh\Debugbar\ServiceProvider' not found {"exception":"[object] (Symfony\\Component\\Debug\\Exception\\FatalThrowableError(code: 0): Class 'Barryvdh\\Debugbar\\ServiceProvider' not found at D:\\CCC\\sitio\\vendor\\laravel\\framework\\src\\Illuminate\\Foundation\\ProviderRepository.php:208)
[stacktrace]
#0 D:\\CCC\\sitio\\vendor\\laravel\\framework\\src\\Illuminate\\Foundation\\ProviderRepository.php(144): Illuminate\\Foundation\\ProviderRepository->createProvider('Barryvdh\\\\Debugb...')
#1 D:\\CCC\\sitio\\vendor\\laravel\\framework\\src\\Illuminate\\Foundation\\ProviderRepository.php(61): Illuminate\\Foundation\\ProviderRepository->compileManifest(Array)
#2 D:\\CCC\\sitio\\vendor\\laravel\\framework\\src\\Illuminate\\Foundation\\Application.php(561): Illuminate\\Foundation\\ProviderRepository->load(Array)
#3 D:\\CCC\\sitio\\vendor\\laravel\\framework\\src\\Illuminate\\Foundation\\Bootstrap\\RegisterProviders.php(17): Illuminate\\Foundation\\Application->registerConfiguredProviders()
#4 D:\\CCC\\sitio\\vendor\\laravel\\framework\\src\\Illuminate\\Foundation\\Application.php(213): Illuminate\\Foundation\\Bootstrap\\RegisterProviders->bootstrap(Object(Illuminate\\Foundation\\Application))
#5 D:\\CCC\\sitio\\vendor\\laravel\\framework\\src\\Illuminate\\Foundation\\Console\\Kernel.php(290): Illuminate\\Foundation\\Application->bootstrapWith(Array)
#6 D:\\CCC\\sitio\\vendor\\laravel\\framework\\src\\Illuminate\\Foundation\\Console\\Kernel.php(114): Illuminate\\Foundation\\Console\\Kernel->bootstrap()
#7 D:\\CCC\\sitio\\artisan(35): Illuminate\\Foundation\\Console\\Kernel->handle(Object(Symfony\\Component\\Console\\Input\\ArgvInput), Object(Symfony\\Component\\Console\\Output\\ConsoleOutput))
#8 {main}
"} 
