[2018-03-14 12:01:43] production.INFO: El Usuario direccion1@ccc.edu.bo Logeado!!!   
[2018-03-14 12:01:45] production.INFO: El Usuario direccion2@ccc.edu.bo Logeado!!!   
[2018-03-14 12:06:42] production.INFO: El Usuario psico@ccc.edu.bo Logeado!!!   
[2018-03-14 12:19:49] production.INFO: El Usuario secretaria1@ccc.edu.bo Logeado!!!   
[2018-03-14 12:20:18] production.ERROR: Missing argument 1 for sis_ccc\libreriaCCC\queryCCC::Reporte_psico(), called in /home/cpmisusbol/sitios/sis.ccc.edu.bo/laravel/app/Http/Controllers/Secretaria/SecrController.php on line 86 and defined {"userId":8,"email":"secretaria1@ccc.edu.bo","exception":"[object] (ErrorException(code: 0): Missing argument 1 for sis_ccc\\libreriaCCC\\queryCCC::Reporte_psico(), called in /home/cpmisusbol/sitios/sis.ccc.edu.bo/laravel/app/Http/Controllers/Secretaria/SecrController.php on line 86 and defined at /home/cpmisusbol/sitios/sis.ccc.edu.bo/laravel/app/LibreriaCCC/queryCCC.php:1529)
[stacktrace]
#0 /home/cpmisusbol/sitios/sis.ccc.edu.bo/laravel/app/LibreriaCCC/queryCCC.php(1529): Illuminate\\Foundation\\Bootstrap\\HandleExceptions->handleError(2, 'Missing argumen...', '/home/cpmisusbo...', 1529, Array)
#1 /home/cpmisusbol/sitios/sis.ccc.edu.bo/laravel/app/Http/Controllers/Secretaria/SecrController.php(86): sis_ccc\\libreriaCCC\\queryCCC::Reporte_psico()
#2 [internal function]: sis_ccc\\Http\\Controllers\\Secretaria\\SecrController->ReportePsico()
#3 /home/cpmisusbol/sitios/sis.ccc.edu.bo/laravel/vendor/laravel/framework/src/Illuminate/Routing/Controller.php(54): call_user_func_array(Array, Array)
#4 /home/cpmisusbol/sitios/sis.ccc.edu.bo/laravel/vendor/laravel/framework/src/Illuminate/Routing/ControllerDispatcher.php(45): Illuminate\\Routing\\Controller->callAction('ReportePsico', Array)
#5 /home/cpmisusbol/sitios/sis.ccc.edu.bo/laravel/vendor/laravel/framework/src/Illuminate/Routing/Route.php(212): Illuminate\\Routing\\ControllerDispatcher->dispatch(Object(Illuminate\\Routing\\Route), Object(sis_ccc\\Http\\Controllers\\Secretaria\\SecrController), 'ReportePsico')
#6 /home/cpmisusbol/sitios/sis.ccc.edu.bo/laravel/vendor/laravel/framework/src/Illuminate/Routing/Route.php(169): Illuminate\\Routing\\Route->runController()
#7 /home/cpmisusbol/sitios/sis.ccc.edu.bo/laravel/vendor/laravel/framework/src/Illuminate/Routing/Router.php(658): Illuminate\\Routing\\Route->run()
#8 /home/cpmisusbol/sitios/sis.ccc.edu.bo/laravel/vendor/laravel/framework/src/Illuminate/Routing/Pipeline.php(30): Illuminate\\Routing\\Router->Illuminate\\Routing\\{closure}(Object(Illuminate\\Http\\Request))
#9 /home/cpmisusbol/sitios/sis.ccc.edu.bo/laravel/vendor/laravel/framework/src/Illuminate/Auth/Middleware/Authorize.php(57): Illuminate\\Routing\\Pipeline->Illuminate\\Routing\\{closure}(Object(Illuminate\\Http\\Request))
#10 /home/cpmisusbol/sitios/sis.ccc.edu.bo/laravel/vendor/laravel/framework/src/Illuminate/Pipeline/Pipeline.php(149): Illuminate\\Auth\\Middleware\\Authorize->handle(Object(Illuminate\\Http\\Request), Object(Closure), 'usu_secr')
#11 /home/cpmisusbol/sitios/sis.ccc.edu.bo/laravel/vendor/laravel/framework/src/Illuminate/Routing/Pipeline.php(53): Illuminate\\Pipeline\\Pipeline->Illuminate\\Pipeline\\{closure}(Object(Illuminate\\Http\\Request))
#12 /home/cpmisusbol/sitios/sis.ccc.edu.bo/laravel/vendor/laravel/framework/src/Illuminate/Routing/Middleware/SubstituteBindings.php(41): Illuminate\\Routing\\Pipeline->Illuminate\\Routing\\{closure}(Object(Illuminate\\Http\\Request))
#13 /home/cpmisusbol/sitios/sis.ccc.edu.bo/laravel/vendor/laravel/framework/src/Illuminate/Pipeline/Pipeline.php(149): Illuminate\\Routing\\Middleware\\SubstituteBindings->handle(Object(Illuminate\\Http\\Request), Object(Closure))
#14 /home/cpmisusbol/sitios/sis.ccc.edu.bo/laravel/vendor/laravel/framework/src/Illuminate/Routing/Pipeline.php(53): Illuminate\\Pipeline\\Pipeline->Illuminate\\Pipeline\\{closure}(Object(Illuminate\\Http\\Request))
#15 /home/cpmisusbol/sitios/sis.ccc.edu.bo/laravel/vendor/laravel/framework/src/Illuminate/Auth/Middleware/Authenticate.php(43): Illuminate\\Routing\\Pipeline->Illuminate\\Routing\\{closure}(Object(Illuminate\\Http\\Request))
#16 /home/cpmisusbol/sitios/sis.ccc.edu.bo/laravel/vendor/laravel/framework/src/Illuminate/Pipeline/Pipeline.php(149): Illuminate\\Auth\\Middleware\\Authenticate->handle(Object(Illuminate\\Http\\Request), Object(Closure))
#17 /home/cpmisusbol/sitios/sis.ccc.edu.bo/laravel/vendor/laravel/framework/src/Illuminate/Routing/Pipeline.php(53): Illuminate\\Pipeline\\Pipeline->Illuminate\\Pipeline\\{closure}(Object(Illuminate\\Http\\Request))
#18 /home/cpmisusbol/sitios/sis.ccc.edu.bo/laravel/vendor/laravel/framework/src/Illuminate/Foundation/Http/Middleware/VerifyCsrfToken.php(67): Illuminate\\Routing\\Pipeline->Illuminate\\Routing\\{closure}(Object(Illuminate\\Http\\Request))
#19 /home/cpmisusbol/sitios/sis.ccc.edu.bo/laravel/vendor/laravel/framework/src/Illuminate/Pipeline/Pipeline.php(149): Illuminate\\Foundation\\Http\\Middleware\\VerifyCsrfToken->handle(Object(Illuminate\\Http\\Request), Object(Closure))
#20 /home/cpmisusbol/sitios/sis.ccc.edu.bo/laravel/vendor/laravel/framework/src/Illuminate/Routing/Pipeline.php(53): Illuminate\\Pipeline\\Pipeline->Illuminate\\Pipeline\\{closure}(Object(Illuminate\\Http\\Request))
#21 /home/cpmisusbol/sitios/sis.ccc.edu.bo/laravel/vendor/laravel/framework/src/Illuminate/View/Middleware/ShareErrorsFromSession.php(49): Illuminate\\Routing\\Pipeline->Illuminate\\Routing\\{closure}(Object(Illuminate\\Http\\Request))
#22 /home/cpmisusbol/sitios/sis.ccc.edu.bo/laravel/vendor/laravel/framework/src/Illuminate/Pipeline/Pipeline.php(149): Illuminate\\View\\Middleware\\ShareErrorsFromSession->handle(Object(Illuminate\\Http\\Request), Object(Closure))
#23 /home/cpmisusbol/sitios/sis.ccc.edu.bo/laravel/vendor/laravel/framework/src/Illuminate/Routing/Pipeline.php(53): Illuminate\\Pipeline\\Pipeline->Illuminate\\Pipeline\\{closure}(Object(Illuminate\\Http\\Request))
#24 /home/cpmisusbol/sitios/sis.ccc.edu.bo/laravel/vendor/laravel/framework/src/Illuminate/Session/Middleware/StartSession.php(63): Illuminate\\Routing\\Pipeline->Illuminate\\Routing\\{closure}(Object(Illuminate\\Http\\Request))
#25 /home/cpmisusbol/sitios/sis.ccc.edu.bo/laravel/vendor/laravel/framework/src/Illuminate/Pipeline/Pipeline.php(149): Illuminate\\Session\\Middleware\\StartSession->handle(Object(Illuminate\\Http\\Request), Object(Closure))
#26 /home/cpmisusbol/sitios/sis.ccc.edu.bo/laravel/vendor/laravel/framework/src/Illuminate/Routing/Pipeline.php(53): Illuminate\\Pipeline\\Pipeline->Illuminate\\Pipeline\\{closure}(Object(Illuminate\\Http\\Request))
#27 /home/cpmisusbol/sitios/sis.ccc.edu.bo/laravel/vendor/laravel/framework/src/Illuminate/Cookie/Middleware/AddQueuedCookiesToResponse.php(37): Illuminate\\Routing\\Pipeline->Illuminate\\Routing\\{closure}(Object(Illuminate\\Http\\Request))
#28 /home/cpmisusbol/sitios/sis.ccc.edu.bo/laravel/vendor/laravel/framework/src/Illuminate/Pipeline/Pipeline.php(149): Illuminate\\Cookie\\Middleware\\AddQueuedCookiesToResponse->handle(Object(Illuminate\\Http\\Request), Object(Closure))
#29 /home/cpmisusbol/sitios/sis.ccc.edu.bo/laravel/vendor/laravel/framework/src/Illuminate/Routing/Pipeline.php(53): Illuminate\\Pipeline\\Pipeline->Illuminate\\Pipeline\\{closure}(Object(Illuminate\\Http\\Request))
#30 /home/cpmisusbol/sitios/sis.ccc.edu.bo/laravel/vendor/laravel/framework/src/Illuminate/Cookie/Middleware/EncryptCookies.php(59): Illuminate\\Routing\\Pipeline->Illuminate\\Routing\\{closure}(Object(Illuminate\\Http\\Request))
#31 /home/cpmisusbol/sitios/sis.ccc.edu.bo/laravel/vendor/laravel/framework/src/Illuminate/Pipeline/Pipeline.php(149): Illuminate\\Cookie\\Middleware\\EncryptCookies->handle(Object(Illuminate\\Http\\Request), Object(Closure))
#32 /home/cpmisusbol/sitios/sis.ccc.edu.bo/laravel/vendor/laravel/framework/src/Illuminate/Routing/Pipeline.php(53): Illuminate\\Pipeline\\Pipeline->Illuminate\\Pipeline\\{closure}(Object(Illuminate\\Http\\Request))
#33 /home/cpmisusbol/sitios/sis.ccc.edu.bo/laravel/vendor/laravel/framework/src/Illuminate/Pipeline/Pipeline.php(102): Illuminate\\Routing\\Pipeline->Illuminate\\Routing\\{closure}(Object(Illuminate\\Http\\Request))
#34 /home/cpmisusbol/sitios/sis.ccc.edu.bo/laravel/vendor/laravel/framework/src/Illuminate/Routing/Router.php(660): Illuminate\\Pipeline\\Pipeline->then(Object(Closure))
#35 /home/cpmisusbol/sitios/sis.ccc.edu.bo/laravel/vendor/laravel/framework/src/Illuminate/Routing/Router.php(635): Illuminate\\Routing\\Router->runRouteWithinStack(Object(Illuminate\\Routing\\Route), Object(Illuminate\\Http\\Request))
#36 /home/cpmisusbol/sitios/sis.ccc.edu.bo/laravel/vendor/laravel/framework/src/Illuminate/Routing/Router.php(601): Illuminate\\Routing\\Router->runRoute(Object(Illuminate\\Http\\Request), Object(Illuminate\\Routing\\Route))
#37 /home/cpmisusbol/sitios/sis.ccc.edu.bo/laravel/vendor/laravel/framework/src/Illuminate/Routing/Router.php(590): Illuminate\\Routing\\Router->dispatchToRoute(Object(Illuminate\\Http\\Request))
#38 /home/cpmisusbol/sitios/sis.ccc.edu.bo/laravel/vendor/laravel/framework/src/Illuminate/Foundation/Http/Kernel.php(176): Illuminate\\Routing\\Router->dispatch(Object(Illuminate\\Http\\Request))
#39 /home/cpmisusbol/sitios/sis.ccc.edu.bo/laravel/vendor/laravel/framework/src/Illuminate/Routing/Pipeline.php(30): Illuminate\\Foundation\\Http\\Kernel->Illuminate\\Foundation\\Http\\{closure}(Object(Illuminate\\Http\\Request))
#40 /home/cpmisusbol/sitios/sis.ccc.edu.bo/laravel/vendor/laravel/framework/src/Illuminate/Foundation/Http/Middleware/TransformsRequest.php(30): Illuminate\\Routing\\Pipeline->Illuminate\\Routing\\{closure}(Object(Illuminate\\Http\\Request))
#41 /home/cpmisusbol/sitios/sis.ccc.edu.bo/laravel/vendor/laravel/framework/src/Illuminate/Pipeline/Pipeline.php(149): Illuminate\\Foundation\\Http\\Middleware\\TransformsRequest->handle(Object(Illuminate\\Http\\Request), Object(Closure))
#42 /home/cpmisusbol/sitios/sis.ccc.edu.bo/laravel/vendor/laravel/framework/src/Illuminate/Routing/Pipeline.php(53): Illuminate\\Pipeline\\Pipeline->Illuminate\\Pipeline\\{closure}(Object(Illuminate\\Http\\Request))
#43 /home/cpmisusbol/sitios/sis.ccc.edu.bo/laravel/vendor/laravel/framework/src/Illuminate/Foundation/Http/Middleware/CheckForMaintenanceMode.php(46): Illuminate\\Routing\\Pipeline->Illuminate\\Routing\\{closure}(Object(Illuminate\\Http\\Request))
#44 /home/cpmisusbol/sitios/sis.ccc.edu.bo/laravel/vendor/laravel/framework/src/Illuminate/Pipeline/Pipeline.php(149): Illuminate\\Foundation\\Http\\Middleware\\CheckForMaintenanceMode->handle(Object(Illuminate\\Http\\Request), Object(Closure))
#45 /home/cpmisusbol/sitios/sis.ccc.edu.bo/laravel/vendor/laravel/framework/src/Illuminate/Routing/Pipeline.php(53): Illuminate\\Pipeline\\Pipeline->Illuminate\\Pipeline\\{closure}(Object(Illuminate\\Http\\Request))
#46 /home/cpmisusbol/sitios/sis.ccc.edu.bo/laravel/vendor/laravel/framework/src/Illuminate/Pipeline/Pipeline.php(102): Illuminate\\Routing\\Pipeline->Illuminate\\Routing\\{closure}(Object(Illuminate\\Http\\Request))
#47 /home/cpmisusbol/sitios/sis.ccc.edu.bo/laravel/vendor/laravel/framework/src/Illuminate/Foundation/Http/Kernel.php(151): Illuminate\\Pipeline\\Pipeline->then(Object(Closure))
#48 /home/cpmisusbol/sitios/sis.ccc.edu.bo/laravel/vendor/laravel/framework/src/Illuminate/Foundation/Http/Kernel.php(116): Illuminate\\Foundation\\Http\\Kernel->sendRequestThroughRouter(Object(Illuminate\\Http\\Request))
#49 /home/cpmisusbol/sitios/sis.ccc.edu.bo/laravel/public/index.php(53): Illuminate\\Foundation\\Http\\Kernel->handle(Object(Illuminate\\Http\\Request))
#50 {main}
"} 
[2018-03-14 12:20:25] production.ERROR: Missing argument 1 for sis_ccc\libreriaCCC\queryCCC::Reporte_Comunicado(), called in /home/cpmisusbol/sitios/sis.ccc.edu.bo/laravel/app/Http/Controllers/Secretaria/SecrController.php on line 82 and defined {"userId":8,"email":"secretaria1@ccc.edu.bo","exception":"[object] (ErrorException(code: 0): Missing argument 1 for sis_ccc\\libreriaCCC\\queryCCC::Reporte_Comunicado(), called in /home/cpmisusbol/sitios/sis.ccc.edu.bo/laravel/app/Http/Controllers/Secretaria/SecrController.php on line 82 and defined at /home/cpmisusbol/sitios/sis.ccc.edu.bo/laravel/app/LibreriaCCC/queryCCC.php:1518)
[stacktrace]
#0 /home/cpmisusbol/sitios/sis.ccc.edu.bo/laravel/app/LibreriaCCC/queryCCC.php(1518): Illuminate\\Foundation\\Bootstrap\\HandleExceptions->handleError(2, 'Missing argumen...', '/home/cpmisusbo...', 1518, Array)
#1 /home/cpmisusbol/sitios/sis.ccc.edu.bo/laravel/app/Http/Controllers/Secretaria/SecrController.php(82): sis_ccc\\libreriaCCC\\queryCCC::Reporte_Comunicado()
#2 [internal function]: sis_ccc\\Http\\Controllers\\Secretaria\\SecrController->ReporteComunicado()
#3 /home/cpmisusbol/sitios/sis.ccc.edu.bo/laravel/vendor/laravel/framework/src/Illuminate/Routing/Controller.php(54): call_user_func_array(Array, Array)
#4 /home/cpmisusbol/sitios/sis.ccc.edu.bo/laravel/vendor/laravel/framework/src/Illuminate/Routing/ControllerDispatcher.php(45): Illuminate\\Routing\\Controller->callAction('ReporteComunica...', Array)
#5 /home/cpmisusbol/sitios/sis.ccc.edu.bo/laravel/vendor/laravel/framework/src/Illuminate/Routing/Route.php(212): Illuminate\\Routing\\ControllerDispatcher->dispatch(Object(Illuminate\\Routing\\Route), Object(sis_ccc\\Http\\Controllers\\Secretaria\\SecrController), 'ReporteComunica...')
#6 /home/cpmisusbol/sitios/sis.ccc.edu.bo/laravel/vendor/laravel/framework/src/Illuminate/Routing/Route.php(169): Illuminate\\Routing\\Route->runController()
#7 /home/cpmisusbol/sitios/sis.ccc.edu.bo/laravel/vendor/laravel/framework/src/Illuminate/Routing/Router.php(658): Illuminate\\Routing\\Route->run()
#8 /home/cpmisusbol/sitios/sis.ccc.edu.bo/laravel/vendor/laravel/framework/src/Illuminate/Routing/Pipeline.php(30): Illuminate\\Routing\\Router->Illuminate\\Routing\\{closure}(Object(Illuminate\\Http\\Request))
#9 /home/cpmisusbol/sitios/sis.ccc.edu.bo/laravel/vendor/laravel/framework/src/Illuminate/Auth/Middleware/Authorize.php(57): Illuminate\\Routing\\Pipeline->Illuminate\\Routing\\{closure}(Object(Illuminate\\Http\\Request))
#10 /home/cpmisusbol/sitios/sis.ccc.edu.bo/laravel/vendor/laravel/framework/src/Illuminate/Pipeline/Pipeline.php(149): Illuminate\\Auth\\Middleware\\Authorize->handle(Object(Illuminate\\Http\\Request), Object(Closure), 'usu_secr')
#11 /home/cpmisusbol/sitios/sis.ccc.edu.bo/laravel/vendor/laravel/framework/src/Illuminate/Routing/Pipeline.php(53): Illuminate\\Pipeline\\Pipeline->Illuminate\\Pipeline\\{closure}(Object(Illuminate\\Http\\Request))
#12 /home/cpmisusbol/sitios/sis.ccc.edu.bo/laravel/vendor/laravel/framework/src/Illuminate/Routing/Middleware/SubstituteBindings.php(41): Illuminate\\Routing\\Pipeline->Illuminate\\Routing\\{closure}(Object(Illuminate\\Http\\Request))
#13 /home/cpmisusbol/sitios/sis.ccc.edu.bo/laravel/vendor/laravel/framework/src/Illuminate/Pipeline/Pipeline.php(149): Illuminate\\Routing\\Middleware\\SubstituteBindings->handle(Object(Illuminate\\Http\\Request), Object(Closure))
#14 /home/cpmisusbol/sitios/sis.ccc.edu.bo/laravel/vendor/laravel/framework/src/Illuminate/Routing/Pipeline.php(53): Illuminate\\Pipeline\\Pipeline->Illuminate\\Pipeline\\{closure}(Object(Illuminate\\Http\\Request))
#15 /home/cpmisusbol/sitios/sis.ccc.edu.bo/laravel/vendor/laravel/framework/src/Illuminate/Auth/Middleware/Authenticate.php(43): Illuminate\\Routing\\Pipeline->Illuminate\\Routing\\{closure}(Object(Illuminate\\Http\\Request))
#16 /home/cpmisusbol/sitios/sis.ccc.edu.bo/laravel/vendor/laravel/framework/src/Illuminate/Pipeline/Pipeline.php(149): Illuminate\\Auth\\Middleware\\Authenticate->handle(Object(Illuminate\\Http\\Request), Object(Closure))
#17 /home/cpmisusbol/sitios/sis.ccc.edu.bo/laravel/vendor/laravel/framework/src/Illuminate/Routing/Pipeline.php(53): Illuminate\\Pipeline\\Pipeline->Illuminate\\Pipeline\\{closure}(Object(Illuminate\\Http\\Request))
#18 /home/cpmisusbol/sitios/sis.ccc.edu.bo/laravel/vendor/laravel/framework/src/Illuminate/Foundation/Http/Middleware/VerifyCsrfToken.php(67): Illuminate\\Routing\\Pipeline->Illuminate\\Routing\\{closure}(Object(Illuminate\\Http\\Request))
#19 /home/cpmisusbol/sitios/sis.ccc.edu.bo/laravel/vendor/laravel/framework/src/Illuminate/Pipeline/Pipeline.php(149): Illuminate\\Foundation\\Http\\Middleware\\VerifyCsrfToken->handle(Object(Illuminate\\Http\\Request), Object(Closure))
#20 /home/cpmisusbol/sitios/sis.ccc.edu.bo/laravel/vendor/laravel/framework/src/Illuminate/Routing/Pipeline.php(53): Illuminate\\Pipeline\\Pipeline->Illuminate\\Pipeline\\{closure}(Object(Illuminate\\Http\\Request))
#21 /home/cpmisusbol/sitios/sis.ccc.edu.bo/laravel/vendor/laravel/framework/src/Illuminate/View/Middleware/ShareErrorsFromSession.php(49): Illuminate\\Routing\\Pipeline->Illuminate\\Routing\\{closure}(Object(Illuminate\\Http\\Request))
#22 /home/cpmisusbol/sitios/sis.ccc.edu.bo/laravel/vendor/laravel/framework/src/Illuminate/Pipeline/Pipeline.php(149): Illuminate\\View\\Middleware\\ShareErrorsFromSession->handle(Object(Illuminate\\Http\\Request), Object(Closure))
#23 /home/cpmisusbol/sitios/sis.ccc.edu.bo/laravel/vendor/laravel/framework/src/Illuminate/Routing/Pipeline.php(53): Illuminate\\Pipeline\\Pipeline->Illuminate\\Pipeline\\{closure}(Object(Illuminate\\Http\\Request))
#24 /home/cpmisusbol/sitios/sis.ccc.edu.bo/laravel/vendor/laravel/framework/src/Illuminate/Session/Middleware/StartSession.php(63): Illuminate\\Routing\\Pipeline->Illuminate\\Routing\\{closure}(Object(Illuminate\\Http\\Request))
#25 /home/cpmisusbol/sitios/sis.ccc.edu.bo/laravel/vendor/laravel/framework/src/Illuminate/Pipeline/Pipeline.php(149): Illuminate\\Session\\Middleware\\StartSession->handle(Object(Illuminate\\Http\\Request), Object(Closure))
#26 /home/cpmisusbol/sitios/sis.ccc.edu.bo/laravel/vendor/laravel/framework/src/Illuminate/Routing/Pipeline.php(53): Illuminate\\Pipeline\\Pipeline->Illuminate\\Pipeline\\{closure}(Object(Illuminate\\Http\\Request))
#27 /home/cpmisusbol/sitios/sis.ccc.edu.bo/laravel/vendor/laravel/framework/src/Illuminate/Cookie/Middleware/AddQueuedCookiesToResponse.php(37): Illuminate\\Routing\\Pipeline->Illuminate\\Routing\\{closure}(Object(Illuminate\\Http\\Request))
#28 /home/cpmisusbol/sitios/sis.ccc.edu.bo/laravel/vendor/laravel/framework/src/Illuminate/Pipeline/Pipeline.php(149): Illuminate\\Cookie\\Middleware\\AddQueuedCookiesToResponse->handle(Object(Illuminate\\Http\\Request), Object(Closure))
#29 /home/cpmisusbol/sitios/sis.ccc.edu.bo/laravel/vendor/laravel/framework/src/Illuminate/Routing/Pipeline.php(53): Illuminate\\Pipeline\\Pipeline->Illuminate\\Pipeline\\{closure}(Object(Illuminate\\Http\\Request))
#30 /home/cpmisusbol/sitios/sis.ccc.edu.bo/laravel/vendor/laravel/framework/src/Illuminate/Cookie/Middleware/EncryptCookies.php(59): Illuminate\\Routing\\Pipeline->Illuminate\\Routing\\{closure}(Object(Illuminate\\Http\\Request))
#31 /home/cpmisusbol/sitios/sis.ccc.edu.bo/laravel/vendor/laravel/framework/src/Illuminate/Pipeline/Pipeline.php(149): Illuminate\\Cookie\\Middleware\\EncryptCookies->handle(Object(Illuminate\\Http\\Request), Object(Closure))
#32 /home/cpmisusbol/sitios/sis.ccc.edu.bo/laravel/vendor/laravel/framework/src/Illuminate/Routing/Pipeline.php(53): Illuminate\\Pipeline\\Pipeline->Illuminate\\Pipeline\\{closure}(Object(Illuminate\\Http\\Request))
#33 /home/cpmisusbol/sitios/sis.ccc.edu.bo/laravel/vendor/laravel/framework/src/Illuminate/Pipeline/Pipeline.php(102): Illuminate\\Routing\\Pipeline->Illuminate\\Routing\\{closure}(Object(Illuminate\\Http\\Request))
#34 /home/cpmisusbol/sitios/sis.ccc.edu.bo/laravel/vendor/laravel/framework/src/Illuminate/Routing/Router.php(660): Illuminate\\Pipeline\\Pipeline->then(Object(Closure))
#35 /home/cpmisusbol/sitios/sis.ccc.edu.bo/laravel/vendor/laravel/framework/src/Illuminate/Routing/Router.php(635): Illuminate\\Routing\\Router->runRouteWithinStack(Object(Illuminate\\Routing\\Route), Object(Illuminate\\Http\\Request))
#36 /home/cpmisusbol/sitios/sis.ccc.edu.bo/laravel/vendor/laravel/framework/src/Illuminate/Routing/Router.php(601): Illuminate\\Routing\\Router->runRoute(Object(Illuminate\\Http\\Request), Object(Illuminate\\Routing\\Route))
#37 /home/cpmisusbol/sitios/sis.ccc.edu.bo/laravel/vendor/laravel/framework/src/Illuminate/Routing/Router.php(590): Illuminate\\Routing\\Router->dispatchToRoute(Object(Illuminate\\Http\\Request))
#38 /home/cpmisusbol/sitios/sis.ccc.edu.bo/laravel/vendor/laravel/framework/src/Illuminate/Foundation/Http/Kernel.php(176): Illuminate\\Routing\\Router->dispatch(Object(Illuminate\\Http\\Request))
#39 /home/cpmisusbol/sitios/sis.ccc.edu.bo/laravel/vendor/laravel/framework/src/Illuminate/Routing/Pipeline.php(30): Illuminate\\Foundation\\Http\\Kernel->Illuminate\\Foundation\\Http\\{closure}(Object(Illuminate\\Http\\Request))
#40 /home/cpmisusbol/sitios/sis.ccc.edu.bo/laravel/vendor/laravel/framework/src/Illuminate/Foundation/Http/Middleware/TransformsRequest.php(30): Illuminate\\Routing\\Pipeline->Illuminate\\Routing\\{closure}(Object(Illuminate\\Http\\Request))
#41 /home/cpmisusbol/sitios/sis.ccc.edu.bo/laravel/vendor/laravel/framework/src/Illuminate/Pipeline/Pipeline.php(149): Illuminate\\Foundation\\Http\\Middleware\\TransformsRequest->handle(Object(Illuminate\\Http\\Request), Object(Closure))
#42 /home/cpmisusbol/sitios/sis.ccc.edu.bo/laravel/vendor/laravel/framework/src/Illuminate/Routing/Pipeline.php(53): Illuminate\\Pipeline\\Pipeline->Illuminate\\Pipeline\\{closure}(Object(Illuminate\\Http\\Request))
#43 /home/cpmisusbol/sitios/sis.ccc.edu.bo/laravel/vendor/laravel/framework/src/Illuminate/Foundation/Http/Middleware/CheckForMaintenanceMode.php(46): Illuminate\\Routing\\Pipeline->Illuminate\\Routing\\{closure}(Object(Illuminate\\Http\\Request))
#44 /home/cpmisusbol/sitios/sis.ccc.edu.bo/laravel/vendor/laravel/framework/src/Illuminate/Pipeline/Pipeline.php(149): Illuminate\\Foundation\\Http\\Middleware\\CheckForMaintenanceMode->handle(Object(Illuminate\\Http\\Request), Object(Closure))
#45 /home/cpmisusbol/sitios/sis.ccc.edu.bo/laravel/vendor/laravel/framework/src/Illuminate/Routing/Pipeline.php(53): Illuminate\\Pipeline\\Pipeline->Illuminate\\Pipeline\\{closure}(Object(Illuminate\\Http\\Request))
#46 /home/cpmisusbol/sitios/sis.ccc.edu.bo/laravel/vendor/laravel/framework/src/Illuminate/Pipeline/Pipeline.php(102): Illuminate\\Routing\\Pipeline->Illuminate\\Routing\\{closure}(Object(Illuminate\\Http\\Request))
#47 /home/cpmisusbol/sitios/sis.ccc.edu.bo/laravel/vendor/laravel/framework/src/Illuminate/Foundation/Http/Kernel.php(151): Illuminate\\Pipeline\\Pipeline->then(Object(Closure))
#48 /home/cpmisusbol/sitios/sis.ccc.edu.bo/laravel/vendor/laravel/framework/src/Illuminate/Foundation/Http/Kernel.php(116): Illuminate\\Foundation\\Http\\Kernel->sendRequestThroughRouter(Object(Illuminate\\Http\\Request))
#49 /home/cpmisusbol/sitios/sis.ccc.edu.bo/laravel/public/index.php(53): Illuminate\\Foundation\\Http\\Kernel->handle(Object(Illuminate\\Http\\Request))
#50 {main}
"} 
[2018-03-14 12:29:03] production.INFO: El Usuario regencia@ccc.edu.bo Logeado!!!   
[2018-03-14 12:33:03] production.INFO: El Usuario regencia@ccc.edu.bo Logeado!!!   
[2018-03-14 13:21:34] production.INFO: El Usuario direccion1@ccc.edu.bo Logeado!!!   
[2018-03-14 13:30:02] production.INFO: El Usuario regencia@ccc.edu.bo Logeado!!!   
[2018-03-14 13:33:57] production.INFO: El Usuario direccion1@ccc.edu.bo Logeado!!!   
[2018-03-14 14:58:45] production.INFO: El Usuario direccion1@ccc.edu.bo Logeado!!!   
[2018-03-14 14:58:45] production.ERROR: SQLSTATE[HY000]: General error: 2053  (SQL: Delete  From prof_materia where user_id=14) {"userId":4,"email":"direccion1@ccc.edu.bo","exception":"[object] (Illuminate\\Database\\QueryException(code: HY000): SQLSTATE[HY000]: General error: 2053  (SQL: Delete  From prof_materia where user_id=14) at /home/cpmisusbol/sitios/sis.ccc.edu.bo/laravel/vendor/laravel/framework/src/Illuminate/Database/Connection.php:664, PDOException(code: HY000): SQLSTATE[HY000]: General error: 2053  at /home/cpmisusbol/sitios/sis.ccc.edu.bo/laravel/vendor/laravel/framework/src/Illuminate/Database/Connection.php:332)
[stacktrace]
#0 /home/cpmisusbol/sitios/sis.ccc.edu.bo/laravel/vendor/laravel/framework/src/Illuminate/Database/Connection.php(624): Illuminate\\Database\\Connection->runQueryCallback('Delete  From pr...', Array, Object(Closure))
#1 /home/cpmisusbol/sitios/sis.ccc.edu.bo/laravel/vendor/laravel/framework/src/Illuminate/Database/Connection.php(333): Illuminate\\Database\\Connection->run('Delete  From pr...', Array, Object(Closure))
#2 /home/cpmisusbol/sitios/sis.ccc.edu.bo/laravel/vendor/laravel/framework/src/Illuminate/Database/DatabaseManager.php(327): Illuminate\\Database\\Connection->select('Delete  From pr...')
#3 /home/cpmisusbol/sitios/sis.ccc.edu.bo/laravel/vendor/laravel/framework/src/Illuminate/Support/Facades/Facade.php(221): Illuminate\\Database\\DatabaseManager->__call('select', Array)
#4 /home/cpmisusbol/sitios/sis.ccc.edu.bo/laravel/app/Http/Controllers/Direccion/DirController.php(104): Illuminate\\Support\\Facades\\Facade::__callStatic('select', Array)
#5 [internal function]: sis_ccc\\Http\\Controllers\\Direccion\\DirController->asignarMaterias(Object(Illuminate\\Http\\Request))
#6 /home/cpmisusbol/sitios/sis.ccc.edu.bo/laravel/vendor/laravel/framework/src/Illuminate/Routing/Controller.php(54): call_user_func_array(Array, Array)
#7 /home/cpmisusbol/sitios/sis.ccc.edu.bo/laravel/vendor/laravel/framework/src/Illuminate/Routing/ControllerDispatcher.php(45): Illuminate\\Routing\\Controller->callAction('asignarMaterias', Array)
#8 /home/cpmisusbol/sitios/sis.ccc.edu.bo/laravel/vendor/laravel/framework/src/Illuminate/Routing/Route.php(212): Illuminate\\Routing\\ControllerDispatcher->dispatch(Object(Illuminate\\Routing\\Route), Object(sis_ccc\\Http\\Controllers\\Direccion\\DirController), 'asignarMaterias')
#9 /home/cpmisusbol/sitios/sis.ccc.edu.bo/laravel/vendor/laravel/framework/src/Illuminate/Routing/Route.php(169): Illuminate\\Routing\\Route->runController()
#10 /home/cpmisusbol/sitios/sis.ccc.edu.bo/laravel/vendor/laravel/framework/src/Illuminate/Routing/Router.php(658): Illuminate\\Routing\\Route->run()
#11 /home/cpmisusbol/sitios/sis.ccc.edu.bo/laravel/vendor/laravel/framework/src/Illuminate/Routing/Pipeline.php(30): Illuminate\\Routing\\Router->Illuminate\\Routing\\{closure}(Object(Illuminate\\Http\\Request))
#12 /home/cpmisusbol/sitios/sis.ccc.edu.bo/laravel/vendor/laravel/framework/src/Illuminate/Auth/Middleware/Authorize.php(57): Illuminate\\Routing\\Pipeline->Illuminate\\Routing\\{closure}(Object(Illuminate\\Http\\Request))
#13 /home/cpmisusbol/sitios/sis.ccc.edu.bo/laravel/vendor/laravel/framework/src/Illuminate/Pipeline/Pipeline.php(149): Illuminate\\Auth\\Middleware\\Authorize->handle(Object(Illuminate\\Http\\Request), Object(Closure), 'usu_dir')
#14 /home/cpmisusbol/sitios/sis.ccc.edu.bo/laravel/vendor/laravel/framework/src/Illuminate/Routing/Pipeline.php(53): Illuminate\\Pipeline\\Pipeline->Illuminate\\Pipeline\\{closure}(Object(Illuminate\\Http\\Request))
#15 /home/cpmisusbol/sitios/sis.ccc.edu.bo/laravel/vendor/laravel/framework/src/Illuminate/Routing/Middleware/SubstituteBindings.php(41): Illuminate\\Routing\\Pipeline->Illuminate\\Routing\\{closure}(Object(Illuminate\\Http\\Request))
#16 /home/cpmisusbol/sitios/sis.ccc.edu.bo/laravel/vendor/laravel/framework/src/Illuminate/Pipeline/Pipeline.php(149): Illuminate\\Routing\\Middleware\\SubstituteBindings->handle(Object(Illuminate\\Http\\Request), Object(Closure))
#17 /home/cpmisusbol/sitios/sis.ccc.edu.bo/laravel/vendor/laravel/framework/src/Illuminate/Routing/Pipeline.php(53): Illuminate\\Pipeline\\Pipeline->Illuminate\\Pipeline\\{closure}(Object(Illuminate\\Http\\Request))
#18 /home/cpmisusbol/sitios/sis.ccc.edu.bo/laravel/vendor/laravel/framework/src/Illuminate/Auth/Middleware/Authenticate.php(43): Illuminate\\Routing\\Pipeline->Illuminate\\Routing\\{closure}(Object(Illuminate\\Http\\Request))
#19 /home/cpmisusbol/sitios/sis.ccc.edu.bo/laravel/vendor/laravel/framework/src/Illuminate/Pipeline/Pipeline.php(149): Illuminate\\Auth\\Middleware\\Authenticate->handle(Object(Illuminate\\Http\\Request), Object(Closure))
#20 /home/cpmisusbol/sitios/sis.ccc.edu.bo/laravel/vendor/laravel/framework/src/Illuminate/Routing/Pipeline.php(53): Illuminate\\Pipeline\\Pipeline->Illuminate\\Pipeline\\{closure}(Object(Illuminate\\Http\\Request))
#21 /home/cpmisusbol/sitios/sis.ccc.edu.bo/laravel/vendor/laravel/framework/src/Illuminate/Foundation/Http/Middleware/VerifyCsrfToken.php(67): Illuminate\\Routing\\Pipeline->Illuminate\\Routing\\{closure}(Object(Illuminate\\Http\\Request))
#22 /home/cpmisusbol/sitios/sis.ccc.edu.bo/laravel/vendor/laravel/framework/src/Illuminate/Pipeline/Pipeline.php(149): Illuminate\\Foundation\\Http\\Middleware\\VerifyCsrfToken->handle(Object(Illuminate\\Http\\Request), Object(Closure))
#23 /home/cpmisusbol/sitios/sis.ccc.edu.bo/laravel/vendor/laravel/framework/src/Illuminate/Routing/Pipeline.php(53): Illuminate\\Pipeline\\Pipeline->Illuminate\\Pipeline\\{closure}(Object(Illuminate\\Http\\Request))
#24 /home/cpmisusbol/sitios/sis.ccc.edu.bo/laravel/vendor/laravel/framework/src/Illuminate/View/Middleware/ShareErrorsFromSession.php(49): Illuminate\\Routing\\Pipeline->Illuminate\\Routing\\{closure}(Object(Illuminate\\Http\\Request))
#25 /home/cpmisusbol/sitios/sis.ccc.edu.bo/laravel/vendor/laravel/framework/src/Illuminate/Pipeline/Pipeline.php(149): Illuminate\\View\\Middleware\\ShareErrorsFromSession->handle(Object(Illuminate\\Http\\Request), Object(Closure))
#26 /home/cpmisusbol/sitios/sis.ccc.edu.bo/laravel/vendor/laravel/framework/src/Illuminate/Routing/Pipeline.php(53): Illuminate\\Pipeline\\Pipeline->Illuminate\\Pipeline\\{closure}(Object(Illuminate\\Http\\Request))
#27 /home/cpmisusbol/sitios/sis.ccc.edu.bo/laravel/vendor/laravel/framework/src/Illuminate/Session/Middleware/StartSession.php(63): Illuminate\\Routing\\Pipeline->Illuminate\\Routing\\{closure}(Object(Illuminate\\Http\\Request))
#28 /home/cpmisusbol/sitios/sis.ccc.edu.bo/laravel/vendor/laravel/framework/src/Illuminate/Pipeline/Pipeline.php(149): Illuminate\\Session\\Middleware\\StartSession->handle(Object(Illuminate\\Http\\Request), Object(Closure))
#29 /home/cpmisusbol/sitios/sis.ccc.edu.bo/laravel/vendor/laravel/framework/src/Illuminate/Routing/Pipeline.php(53): Illuminate\\Pipeline\\Pipeline->Illuminate\\Pipeline\\{closure}(Object(Illuminate\\Http\\Request))
#30 /home/cpmisusbol/sitios/sis.ccc.edu.bo/laravel/vendor/laravel/framework/src/Illuminate/Cookie/Middleware/AddQueuedCookiesToResponse.php(37): Illuminate\\Routing\\Pipeline->Illuminate\\Routing\\{closure}(Object(Illuminate\\Http\\Request))
#31 /home/cpmisusbol/sitios/sis.ccc.edu.bo/laravel/vendor/laravel/framework/src/Illuminate/Pipeline/Pipeline.php(149): Illuminate\\Cookie\\Middleware\\AddQueuedCookiesToResponse->handle(Object(Illuminate\\Http\\Request), Object(Closure))
#32 /home/cpmisusbol/sitios/sis.ccc.edu.bo/laravel/vendor/laravel/framework/src/Illuminate/Routing/Pipeline.php(53): Illuminate\\Pipeline\\Pipeline->Illuminate\\Pipeline\\{closure}(Object(Illuminate\\Http\\Request))
#33 /home/cpmisusbol/sitios/sis.ccc.edu.bo/laravel/vendor/laravel/framework/src/Illuminate/Cookie/Middleware/EncryptCookies.php(59): Illuminate\\Routing\\Pipeline->Illuminate\\Routing\\{closure}(Object(Illuminate\\Http\\Request))
#34 /home/cpmisusbol/sitios/sis.ccc.edu.bo/laravel/vendor/laravel/framework/src/Illuminate/Pipeline/Pipeline.php(149): Illuminate\\Cookie\\Middleware\\EncryptCookies->handle(Object(Illuminate\\Http\\Request), Object(Closure))
#35 /home/cpmisusbol/sitios/sis.ccc.edu.bo/laravel/vendor/laravel/framework/src/Illuminate/Routing/Pipeline.php(53): Illuminate\\Pipeline\\Pipeline->Illuminate\\Pipeline\\{closure}(Object(Illuminate\\Http\\Request))
#36 /home/cpmisusbol/sitios/sis.ccc.edu.bo/laravel/vendor/laravel/framework/src/Illuminate/Pipeline/Pipeline.php(102): Illuminate\\Routing\\Pipeline->Illuminate\\Routing\\{closure}(Object(Illuminate\\Http\\Request))
#37 /home/cpmisusbol/sitios/sis.ccc.edu.bo/laravel/vendor/laravel/framework/src/Illuminate/Routing/Router.php(660): Illuminate\\Pipeline\\Pipeline->then(Object(Closure))
#38 /home/cpmisusbol/sitios/sis.ccc.edu.bo/laravel/vendor/laravel/framework/src/Illuminate/Routing/Router.php(635): Illuminate\\Routing\\Router->runRouteWithinStack(Object(Illuminate\\Routing\\Route), Object(Illuminate\\Http\\Request))
#39 /home/cpmisusbol/sitios/sis.ccc.edu.bo/laravel/vendor/laravel/framework/src/Illuminate/Routing/Router.php(601): Illuminate\\Routing\\Router->runRoute(Object(Illuminate\\Http\\Request), Object(Illuminate\\Routing\\Route))
#40 /home/cpmisusbol/sitios/sis.ccc.edu.bo/laravel/vendor/laravel/framework/src/Illuminate/Routing/Router.php(590): Illuminate\\Routing\\Router->dispatchToRoute(Object(Illuminate\\Http\\Request))
#41 /home/cpmisusbol/sitios/sis.ccc.edu.bo/laravel/vendor/laravel/framework/src/Illuminate/Foundation/Http/Kernel.php(176): Illuminate\\Routing\\Router->dispatch(Object(Illuminate\\Http\\Request))
#42 /home/cpmisusbol/sitios/sis.ccc.edu.bo/laravel/vendor/laravel/framework/src/Illuminate/Routing/Pipeline.php(30): Illuminate\\Foundation\\Http\\Kernel->Illuminate\\Foundation\\Http\\{closure}(Object(Illuminate\\Http\\Request))
#43 /home/cpmisusbol/sitios/sis.ccc.edu.bo/laravel/vendor/laravel/framework/src/Illuminate/Foundation/Http/Middleware/TransformsRequest.php(30): Illuminate\\Routing\\Pipeline->Illuminate\\Routing\\{closure}(Object(Illuminate\\Http\\Request))
#44 /home/cpmisusbol/sitios/sis.ccc.edu.bo/laravel/vendor/laravel/framework/src/Illuminate/Pipeline/Pipeline.php(149): Illuminate\\Foundation\\Http\\Middleware\\TransformsRequest->handle(Object(Illuminate\\Http\\Request), Object(Closure))
#45 /home/cpmisusbol/sitios/sis.ccc.edu.bo/laravel/vendor/laravel/framework/src/Illuminate/Routing/Pipeline.php(53): Illuminate\\Pipeline\\Pipeline->Illuminate\\Pipeline\\{closure}(Object(Illuminate\\Http\\Request))
#46 /home/cpmisusbol/sitios/sis.ccc.edu.bo/laravel/vendor/laravel/framework/src/Illuminate/Foundation/Http/Middleware/CheckForMaintenanceMode.php(46): Illuminate\\Routing\\Pipeline->Illuminate\\Routing\\{closure}(Object(Illuminate\\Http\\Request))
#47 /home/cpmisusbol/sitios/sis.ccc.edu.bo/laravel/vendor/laravel/framework/src/Illuminate/Pipeline/Pipeline.php(149): Illuminate\\Foundation\\Http\\Middleware\\CheckForMaintenanceMode->handle(Object(Illuminate\\Http\\Request), Object(Closure))
#48 /home/cpmisusbol/sitios/sis.ccc.edu.bo/laravel/vendor/laravel/framework/src/Illuminate/Routing/Pipeline.php(53): Illuminate\\Pipeline\\Pipeline->Illuminate\\Pipeline\\{closure}(Object(Illuminate\\Http\\Request))
#49 /home/cpmisusbol/sitios/sis.ccc.edu.bo/laravel/vendor/laravel/framework/src/Illuminate/Pipeline/Pipeline.php(102): Illuminate\\Routing\\Pipeline->Illuminate\\Routing\\{closure}(Object(Illuminate\\Http\\Request))
#50 /home/cpmisusbol/sitios/sis.ccc.edu.bo/laravel/vendor/laravel/framework/src/Illuminate/Foundation/Http/Kernel.php(151): Illuminate\\Pipeline\\Pipeline->then(Object(Closure))
#51 /home/cpmisusbol/sitios/sis.ccc.edu.bo/laravel/vendor/laravel/framework/src/Illuminate/Foundation/Http/Kernel.php(116): Illuminate\\Foundation\\Http\\Kernel->sendRequestThroughRouter(Object(Illuminate\\Http\\Request))
#52 /home/cpmisusbol/sitios/sis.ccc.edu.bo/laravel/public/index.php(53): Illuminate\\Foundation\\Http\\Kernel->handle(Object(Illuminate\\Http\\Request))
#53 {main}
"} 
[2018-03-14 14:59:31] production.ERROR: SQLSTATE[HY000]: General error: 2053  (SQL: Delete  From prof_materia where user_id=1108) {"userId":4,"email":"direccion1@ccc.edu.bo","exception":"[object] (Illuminate\\Database\\QueryException(code: HY000): SQLSTATE[HY000]: General error: 2053  (SQL: Delete  From prof_materia where user_id=1108) at /home/cpmisusbol/sitios/sis.ccc.edu.bo/laravel/vendor/laravel/framework/src/Illuminate/Database/Connection.php:664, PDOException(code: HY000): SQLSTATE[HY000]: General error: 2053  at /home/cpmisusbol/sitios/sis.ccc.edu.bo/laravel/vendor/laravel/framework/src/Illuminate/Database/Connection.php:332)
[stacktrace]
#0 /home/cpmisusbol/sitios/sis.ccc.edu.bo/laravel/vendor/laravel/framework/src/Illuminate/Database/Connection.php(624): Illuminate\\Database\\Connection->runQueryCallback('Delete  From pr...', Array, Object(Closure))
#1 /home/cpmisusbol/sitios/sis.ccc.edu.bo/laravel/vendor/laravel/framework/src/Illuminate/Database/Connection.php(333): Illuminate\\Database\\Connection->run('Delete  From pr...', Array, Object(Closure))
#2 /home/cpmisusbol/sitios/sis.ccc.edu.bo/laravel/vendor/laravel/framework/src/Illuminate/Database/DatabaseManager.php(327): Illuminate\\Database\\Connection->select('Delete  From pr...')
#3 /home/cpmisusbol/sitios/sis.ccc.edu.bo/laravel/vendor/laravel/framework/src/Illuminate/Support/Facades/Facade.php(221): Illuminate\\Database\\DatabaseManager->__call('select', Array)
#4 /home/cpmisusbol/sitios/sis.ccc.edu.bo/laravel/app/Http/Controllers/Direccion/DirController.php(104): Illuminate\\Support\\Facades\\Facade::__callStatic('select', Array)
#5 [internal function]: sis_ccc\\Http\\Controllers\\Direccion\\DirController->asignarMaterias(Object(Illuminate\\Http\\Request))
#6 /home/cpmisusbol/sitios/sis.ccc.edu.bo/laravel/vendor/laravel/framework/src/Illuminate/Routing/Controller.php(54): call_user_func_array(Array, Array)
#7 /home/cpmisusbol/sitios/sis.ccc.edu.bo/laravel/vendor/laravel/framework/src/Illuminate/Routing/ControllerDispatcher.php(45): Illuminate\\Routing\\Controller->callAction('asignarMaterias', Array)
#8 /home/cpmisusbol/sitios/sis.ccc.edu.bo/laravel/vendor/laravel/framework/src/Illuminate/Routing/Route.php(212): Illuminate\\Routing\\ControllerDispatcher->dispatch(Object(Illuminate\\Routing\\Route), Object(sis_ccc\\Http\\Controllers\\Direccion\\DirController), 'asignarMaterias')
#9 /home/cpmisusbol/sitios/sis.ccc.edu.bo/laravel/vendor/laravel/framework/src/Illuminate/Routing/Route.php(169): Illuminate\\Routing\\Route->runController()
#10 /home/cpmisusbol/sitios/sis.ccc.edu.bo/laravel/vendor/laravel/framework/src/Illuminate/Routing/Router.php(658): Illuminate\\Routing\\Route->run()
#11 /home/cpmisusbol/sitios/sis.ccc.edu.bo/laravel/vendor/laravel/framework/src/Illuminate/Routing/Pipeline.php(30): Illuminate\\Routing\\Router->Illuminate\\Routing\\{closure}(Object(Illuminate\\Http\\Request))
#12 /home/cpmisusbol/sitios/sis.ccc.edu.bo/laravel/vendor/laravel/framework/src/Illuminate/Auth/Middleware/Authorize.php(57): Illuminate\\Routing\\Pipeline->Illuminate\\Routing\\{closure}(Object(Illuminate\\Http\\Request))
#13 /home/cpmisusbol/sitios/sis.ccc.edu.bo/laravel/vendor/laravel/framework/src/Illuminate/Pipeline/Pipeline.php(149): Illuminate\\Auth\\Middleware\\Authorize->handle(Object(Illuminate\\Http\\Request), Object(Closure), 'usu_dir')
#14 /home/cpmisusbol/sitios/sis.ccc.edu.bo/laravel/vendor/laravel/framework/src/Illuminate/Routing/Pipeline.php(53): Illuminate\\Pipeline\\Pipeline->Illuminate\\Pipeline\\{closure}(Object(Illuminate\\Http\\Request))
#15 /home/cpmisusbol/sitios/sis.ccc.edu.bo/laravel/vendor/laravel/framework/src/Illuminate/Routing/Middleware/SubstituteBindings.php(41): Illuminate\\Routing\\Pipeline->Illuminate\\Routing\\{closure}(Object(Illuminate\\Http\\Request))
#16 /home/cpmisusbol/sitios/sis.ccc.edu.bo/laravel/vendor/laravel/framework/src/Illuminate/Pipeline/Pipeline.php(149): Illuminate\\Routing\\Middleware\\SubstituteBindings->handle(Object(Illuminate\\Http\\Request), Object(Closure))
#17 /home/cpmisusbol/sitios/sis.ccc.edu.bo/laravel/vendor/laravel/framework/src/Illuminate/Routing/Pipeline.php(53): Illuminate\\Pipeline\\Pipeline->Illuminate\\Pipeline\\{closure}(Object(Illuminate\\Http\\Request))
#18 /home/cpmisusbol/sitios/sis.ccc.edu.bo/laravel/vendor/laravel/framework/src/Illuminate/Auth/Middleware/Authenticate.php(43): Illuminate\\Routing\\Pipeline->Illuminate\\Routing\\{closure}(Object(Illuminate\\Http\\Request))
#19 /home/cpmisusbol/sitios/sis.ccc.edu.bo/laravel/vendor/laravel/framework/src/Illuminate/Pipeline/Pipeline.php(149): Illuminate\\Auth\\Middleware\\Authenticate->handle(Object(Illuminate\\Http\\Request), Object(Closure))
#20 /home/cpmisusbol/sitios/sis.ccc.edu.bo/laravel/vendor/laravel/framework/src/Illuminate/Routing/Pipeline.php(53): Illuminate\\Pipeline\\Pipeline->Illuminate\\Pipeline\\{closure}(Object(Illuminate\\Http\\Request))
#21 /home/cpmisusbol/sitios/sis.ccc.edu.bo/laravel/vendor/laravel/framework/src/Illuminate/Foundation/Http/Middleware/VerifyCsrfToken.php(67): Illuminate\\Routing\\Pipeline->Illuminate\\Routing\\{closure}(Object(Illuminate\\Http\\Request))
#22 /home/cpmisusbol/sitios/sis.ccc.edu.bo/laravel/vendor/laravel/framework/src/Illuminate/Pipeline/Pipeline.php(149): Illuminate\\Foundation\\Http\\Middleware\\VerifyCsrfToken->handle(Object(Illuminate\\Http\\Request), Object(Closure))
#23 /home/cpmisusbol/sitios/sis.ccc.edu.bo/laravel/vendor/laravel/framework/src/Illuminate/Routing/Pipeline.php(53): Illuminate\\Pipeline\\Pipeline->Illuminate\\Pipeline\\{closure}(Object(Illuminate\\Http\\Request))
#24 /home/cpmisusbol/sitios/sis.ccc.edu.bo/laravel/vendor/laravel/framework/src/Illuminate/View/Middleware/ShareErrorsFromSession.php(49): Illuminate\\Routing\\Pipeline->Illuminate\\Routing\\{closure}(Object(Illuminate\\Http\\Request))
#25 /home/cpmisusbol/sitios/sis.ccc.edu.bo/laravel/vendor/laravel/framework/src/Illuminate/Pipeline/Pipeline.php(149): Illuminate\\View\\Middleware\\ShareErrorsFromSession->handle(Object(Illuminate\\Http\\Request), Object(Closure))
#26 /home/cpmisusbol/sitios/sis.ccc.edu.bo/laravel/vendor/laravel/framework/src/Illuminate/Routing/Pipeline.php(53): Illuminate\\Pipeline\\Pipeline->Illuminate\\Pipeline\\{closure}(Object(Illuminate\\Http\\Request))
#27 /home/cpmisusbol/sitios/sis.ccc.edu.bo/laravel/vendor/laravel/framework/src/Illuminate/Session/Middleware/StartSession.php(63): Illuminate\\Routing\\Pipeline->Illuminate\\Routing\\{closure}(Object(Illuminate\\Http\\Request))
#28 /home/cpmisusbol/sitios/sis.ccc.edu.bo/laravel/vendor/laravel/framework/src/Illuminate/Pipeline/Pipeline.php(149): Illuminate\\Session\\Middleware\\StartSession->handle(Object(Illuminate\\Http\\Request), Object(Closure))
#29 /home/cpmisusbol/sitios/sis.ccc.edu.bo/laravel/vendor/laravel/framework/src/Illuminate/Routing/Pipeline.php(53): Illuminate\\Pipeline\\Pipeline->Illuminate\\Pipeline\\{closure}(Object(Illuminate\\Http\\Request))
#30 /home/cpmisusbol/sitios/sis.ccc.edu.bo/laravel/vendor/laravel/framework/src/Illuminate/Cookie/Middleware/AddQueuedCookiesToResponse.php(37): Illuminate\\Routing\\Pipeline->Illuminate\\Routing\\{closure}(Object(Illuminate\\Http\\Request))
#31 /home/cpmisusbol/sitios/sis.ccc.edu.bo/laravel/vendor/laravel/framework/src/Illuminate/Pipeline/Pipeline.php(149): Illuminate\\Cookie\\Middleware\\AddQueuedCookiesToResponse->handle(Object(Illuminate\\Http\\Request), Object(Closure))
#32 /home/cpmisusbol/sitios/sis.ccc.edu.bo/laravel/vendor/laravel/framework/src/Illuminate/Routing/Pipeline.php(53): Illuminate\\Pipeline\\Pipeline->Illuminate\\Pipeline\\{closure}(Object(Illuminate\\Http\\Request))
#33 /home/cpmisusbol/sitios/sis.ccc.edu.bo/laravel/vendor/laravel/framework/src/Illuminate/Cookie/Middleware/EncryptCookies.php(59): Illuminate\\Routing\\Pipeline->Illuminate\\Routing\\{closure}(Object(Illuminate\\Http\\Request))
#34 /home/cpmisusbol/sitios/sis.ccc.edu.bo/laravel/vendor/laravel/framework/src/Illuminate/Pipeline/Pipeline.php(149): Illuminate\\Cookie\\Middleware\\EncryptCookies->handle(Object(Illuminate\\Http\\Request), Object(Closure))
#35 /home/cpmisusbol/sitios/sis.ccc.edu.bo/laravel/vendor/laravel/framework/src/Illuminate/Routing/Pipeline.php(53): Illuminate\\Pipeline\\Pipeline->Illuminate\\Pipeline\\{closure}(Object(Illuminate\\Http\\Request))
#36 /home/cpmisusbol/sitios/sis.ccc.edu.bo/laravel/vendor/laravel/framework/src/Illuminate/Pipeline/Pipeline.php(102): Illuminate\\Routing\\Pipeline->Illuminate\\Routing\\{closure}(Object(Illuminate\\Http\\Request))
#37 /home/cpmisusbol/sitios/sis.ccc.edu.bo/laravel/vendor/laravel/framework/src/Illuminate/Routing/Router.php(660): Illuminate\\Pipeline\\Pipeline->then(Object(Closure))
#38 /home/cpmisusbol/sitios/sis.ccc.edu.bo/laravel/vendor/laravel/framework/src/Illuminate/Routing/Router.php(635): Illuminate\\Routing\\Router->runRouteWithinStack(Object(Illuminate\\Routing\\Route), Object(Illuminate\\Http\\Request))
#39 /home/cpmisusbol/sitios/sis.ccc.edu.bo/laravel/vendor/laravel/framework/src/Illuminate/Routing/Router.php(601): Illuminate\\Routing\\Router->runRoute(Object(Illuminate\\Http\\Request), Object(Illuminate\\Routing\\Route))
#40 /home/cpmisusbol/sitios/sis.ccc.edu.bo/laravel/vendor/laravel/framework/src/Illuminate/Routing/Router.php(590): Illuminate\\Routing\\Router->dispatchToRoute(Object(Illuminate\\Http\\Request))
#41 /home/cpmisusbol/sitios/sis.ccc.edu.bo/laravel/vendor/laravel/framework/src/Illuminate/Foundation/Http/Kernel.php(176): Illuminate\\Routing\\Router->dispatch(Object(Illuminate\\Http\\Request))
#42 /home/cpmisusbol/sitios/sis.ccc.edu.bo/laravel/vendor/laravel/framework/src/Illuminate/Routing/Pipeline.php(30): Illuminate\\Foundation\\Http\\Kernel->Illuminate\\Foundation\\Http\\{closure}(Object(Illuminate\\Http\\Request))
#43 /home/cpmisusbol/sitios/sis.ccc.edu.bo/laravel/vendor/laravel/framework/src/Illuminate/Foundation/Http/Middleware/TransformsRequest.php(30): Illuminate\\Routing\\Pipeline->Illuminate\\Routing\\{closure}(Object(Illuminate\\Http\\Request))
#44 /home/cpmisusbol/sitios/sis.ccc.edu.bo/laravel/vendor/laravel/framework/src/Illuminate/Pipeline/Pipeline.php(149): Illuminate\\Foundation\\Http\\Middleware\\TransformsRequest->handle(Object(Illuminate\\Http\\Request), Object(Closure))
#45 /home/cpmisusbol/sitios/sis.ccc.edu.bo/laravel/vendor/laravel/framework/src/Illuminate/Routing/Pipeline.php(53): Illuminate\\Pipeline\\Pipeline->Illuminate\\Pipeline\\{closure}(Object(Illuminate\\Http\\Request))
#46 /home/cpmisusbol/sitios/sis.ccc.edu.bo/laravel/vendor/laravel/framework/src/Illuminate/Foundation/Http/Middleware/CheckForMaintenanceMode.php(46): Illuminate\\Routing\\Pipeline->Illuminate\\Routing\\{closure}(Object(Illuminate\\Http\\Request))
#47 /home/cpmisusbol/sitios/sis.ccc.edu.bo/laravel/vendor/laravel/framework/src/Illuminate/Pipeline/Pipeline.php(149): Illuminate\\Foundation\\Http\\Middleware\\CheckForMaintenanceMode->handle(Object(Illuminate\\Http\\Request), Object(Closure))
#48 /home/cpmisusbol/sitios/sis.ccc.edu.bo/laravel/vendor/laravel/framework/src/Illuminate/Routing/Pipeline.php(53): Illuminate\\Pipeline\\Pipeline->Illuminate\\Pipeline\\{closure}(Object(Illuminate\\Http\\Request))
#49 /home/cpmisusbol/sitios/sis.ccc.edu.bo/laravel/vendor/laravel/framework/src/Illuminate/Pipeline/Pipeline.php(102): Illuminate\\Routing\\Pipeline->Illuminate\\Routing\\{closure}(Object(Illuminate\\Http\\Request))
#50 /home/cpmisusbol/sitios/sis.ccc.edu.bo/laravel/vendor/laravel/framework/src/Illuminate/Foundation/Http/Kernel.php(151): Illuminate\\Pipeline\\Pipeline->then(Object(Closure))
#51 /home/cpmisusbol/sitios/sis.ccc.edu.bo/laravel/vendor/laravel/framework/src/Illuminate/Foundation/Http/Kernel.php(116): Illuminate\\Foundation\\Http\\Kernel->sendRequestThroughRouter(Object(Illuminate\\Http\\Request))
#52 /home/cpmisusbol/sitios/sis.ccc.edu.bo/laravel/public/index.php(53): Illuminate\\Foundation\\Http\\Kernel->handle(Object(Illuminate\\Http\\Request))
#53 {main}
"} 
[2018-03-14 16:13:48] production.INFO: El Usuario direccion2@ccc.edu.bo Logeado!!!   
[2018-03-14 17:25:33] production.INFO: El Usuario secretaria1@ccc.edu.bo Logeado!!!   
[2018-03-14 17:32:37] production.INFO: El Usuario direccion1@ccc.edu.bo Logeado!!!   
[2018-03-14 17:33:15] production.INFO: El Usuario primaria4A_jtc@ccc.edu.bo Logeado!!!   
[2018-03-14 17:34:12] production.INFO: El Usuario cqm_valeria61@ccc.edu.bo Logeado!!!   
[2018-03-14 17:35:33] production.INFO: El Usuario secretaria1@ccc.edu.bo Logeado!!!   
[2018-03-14 17:36:53] production.ERROR: Missing argument 1 for sis_ccc\libreriaCCC\queryCCC::Reporte_Comunicado(), called in /home/cpmisusbol/sitios/sis.ccc.edu.bo/laravel/app/Http/Controllers/Secretaria/SecrController.php on line 82 and defined {"userId":8,"email":"secretaria1@ccc.edu.bo","exception":"[object] (ErrorException(code: 0): Missing argument 1 for sis_ccc\\libreriaCCC\\queryCCC::Reporte_Comunicado(), called in /home/cpmisusbol/sitios/sis.ccc.edu.bo/laravel/app/Http/Controllers/Secretaria/SecrController.php on line 82 and defined at /home/cpmisusbol/sitios/sis.ccc.edu.bo/laravel/app/LibreriaCCC/queryCCC.php:1518)
[stacktrace]
#0 /home/cpmisusbol/sitios/sis.ccc.edu.bo/laravel/app/LibreriaCCC/queryCCC.php(1518): Illuminate\\Foundation\\Bootstrap\\HandleExceptions->handleError(2, 'Missing argumen...', '/home/cpmisusbo...', 1518, Array)
#1 /home/cpmisusbol/sitios/sis.ccc.edu.bo/laravel/app/Http/Controllers/Secretaria/SecrController.php(82): sis_ccc\\libreriaCCC\\queryCCC::Reporte_Comunicado()
#2 [internal function]: sis_ccc\\Http\\Controllers\\Secretaria\\SecrController->ReporteComunicado()
#3 /home/cpmisusbol/sitios/sis.ccc.edu.bo/laravel/vendor/laravel/framework/src/Illuminate/Routing/Controller.php(54): call_user_func_array(Array, Array)
#4 /home/cpmisusbol/sitios/sis.ccc.edu.bo/laravel/vendor/laravel/framework/src/Illuminate/Routing/ControllerDispatcher.php(45): Illuminate\\Routing\\Controller->callAction('ReporteComunica...', Array)
#5 /home/cpmisusbol/sitios/sis.ccc.edu.bo/laravel/vendor/laravel/framework/src/Illuminate/Routing/Route.php(212): Illuminate\\Routing\\ControllerDispatcher->dispatch(Object(Illuminate\\Routing\\Route), Object(sis_ccc\\Http\\Controllers\\Secretaria\\SecrController), 'ReporteComunica...')
#6 /home/cpmisusbol/sitios/sis.ccc.edu.bo/laravel/vendor/laravel/framework/src/Illuminate/Routing/Route.php(169): Illuminate\\Routing\\Route->runController()
#7 /home/cpmisusbol/sitios/sis.ccc.edu.bo/laravel/vendor/laravel/framework/src/Illuminate/Routing/Router.php(658): Illuminate\\Routing\\Route->run()
#8 /home/cpmisusbol/sitios/sis.ccc.edu.bo/laravel/vendor/laravel/framework/src/Illuminate/Routing/Pipeline.php(30): Illuminate\\Routing\\Router->Illuminate\\Routing\\{closure}(Object(Illuminate\\Http\\Request))
#9 /home/cpmisusbol/sitios/sis.ccc.edu.bo/laravel/vendor/laravel/framework/src/Illuminate/Auth/Middleware/Authorize.php(57): Illuminate\\Routing\\Pipeline->Illuminate\\Routing\\{closure}(Object(Illuminate\\Http\\Request))
#10 /home/cpmisusbol/sitios/sis.ccc.edu.bo/laravel/vendor/laravel/framework/src/Illuminate/Pipeline/Pipeline.php(149): Illuminate\\Auth\\Middleware\\Authorize->handle(Object(Illuminate\\Http\\Request), Object(Closure), 'usu_secr')
#11 /home/cpmisusbol/sitios/sis.ccc.edu.bo/laravel/vendor/laravel/framework/src/Illuminate/Routing/Pipeline.php(53): Illuminate\\Pipeline\\Pipeline->Illuminate\\Pipeline\\{closure}(Object(Illuminate\\Http\\Request))
#12 /home/cpmisusbol/sitios/sis.ccc.edu.bo/laravel/vendor/laravel/framework/src/Illuminate/Routing/Middleware/SubstituteBindings.php(41): Illuminate\\Routing\\Pipeline->Illuminate\\Routing\\{closure}(Object(Illuminate\\Http\\Request))
#13 /home/cpmisusbol/sitios/sis.ccc.edu.bo/laravel/vendor/laravel/framework/src/Illuminate/Pipeline/Pipeline.php(149): Illuminate\\Routing\\Middleware\\SubstituteBindings->handle(Object(Illuminate\\Http\\Request), Object(Closure))
#14 /home/cpmisusbol/sitios/sis.ccc.edu.bo/laravel/vendor/laravel/framework/src/Illuminate/Routing/Pipeline.php(53): Illuminate\\Pipeline\\Pipeline->Illuminate\\Pipeline\\{closure}(Object(Illuminate\\Http\\Request))
#15 /home/cpmisusbol/sitios/sis.ccc.edu.bo/laravel/vendor/laravel/framework/src/Illuminate/Auth/Middleware/Authenticate.php(43): Illuminate\\Routing\\Pipeline->Illuminate\\Routing\\{closure}(Object(Illuminate\\Http\\Request))
#16 /home/cpmisusbol/sitios/sis.ccc.edu.bo/laravel/vendor/laravel/framework/src/Illuminate/Pipeline/Pipeline.php(149): Illuminate\\Auth\\Middleware\\Authenticate->handle(Object(Illuminate\\Http\\Request), Object(Closure))
#17 /home/cpmisusbol/sitios/sis.ccc.edu.bo/laravel/vendor/laravel/framework/src/Illuminate/Routing/Pipeline.php(53): Illuminate\\Pipeline\\Pipeline->Illuminate\\Pipeline\\{closure}(Object(Illuminate\\Http\\Request))
#18 /home/cpmisusbol/sitios/sis.ccc.edu.bo/laravel/vendor/laravel/framework/src/Illuminate/Foundation/Http/Middleware/VerifyCsrfToken.php(67): Illuminate\\Routing\\Pipeline->Illuminate\\Routing\\{closure}(Object(Illuminate\\Http\\Request))
#19 /home/cpmisusbol/sitios/sis.ccc.edu.bo/laravel/vendor/laravel/framework/src/Illuminate/Pipeline/Pipeline.php(149): Illuminate\\Foundation\\Http\\Middleware\\VerifyCsrfToken->handle(Object(Illuminate\\Http\\Request), Object(Closure))
#20 /home/cpmisusbol/sitios/sis.ccc.edu.bo/laravel/vendor/laravel/framework/src/Illuminate/Routing/Pipeline.php(53): Illuminate\\Pipeline\\Pipeline->Illuminate\\Pipeline\\{closure}(Object(Illuminate\\Http\\Request))
#21 /home/cpmisusbol/sitios/sis.ccc.edu.bo/laravel/vendor/laravel/framework/src/Illuminate/View/Middleware/ShareErrorsFromSession.php(49): Illuminate\\Routing\\Pipeline->Illuminate\\Routing\\{closure}(Object(Illuminate\\Http\\Request))
#22 /home/cpmisusbol/sitios/sis.ccc.edu.bo/laravel/vendor/laravel/framework/src/Illuminate/Pipeline/Pipeline.php(149): Illuminate\\View\\Middleware\\ShareErrorsFromSession->handle(Object(Illuminate\\Http\\Request), Object(Closure))
#23 /home/cpmisusbol/sitios/sis.ccc.edu.bo/laravel/vendor/laravel/framework/src/Illuminate/Routing/Pipeline.php(53): Illuminate\\Pipeline\\Pipeline->Illuminate\\Pipeline\\{closure}(Object(Illuminate\\Http\\Request))
#24 /home/cpmisusbol/sitios/sis.ccc.edu.bo/laravel/vendor/laravel/framework/src/Illuminate/Session/Middleware/StartSession.php(63): Illuminate\\Routing\\Pipeline->Illuminate\\Routing\\{closure}(Object(Illuminate\\Http\\Request))
#25 /home/cpmisusbol/sitios/sis.ccc.edu.bo/laravel/vendor/laravel/framework/src/Illuminate/Pipeline/Pipeline.php(149): Illuminate\\Session\\Middleware\\StartSession->handle(Object(Illuminate\\Http\\Request), Object(Closure))
#26 /home/cpmisusbol/sitios/sis.ccc.edu.bo/laravel/vendor/laravel/framework/src/Illuminate/Routing/Pipeline.php(53): Illuminate\\Pipeline\\Pipeline->Illuminate\\Pipeline\\{closure}(Object(Illuminate\\Http\\Request))
#27 /home/cpmisusbol/sitios/sis.ccc.edu.bo/laravel/vendor/laravel/framework/src/Illuminate/Cookie/Middleware/AddQueuedCookiesToResponse.php(37): Illuminate\\Routing\\Pipeline->Illuminate\\Routing\\{closure}(Object(Illuminate\\Http\\Request))
#28 /home/cpmisusbol/sitios/sis.ccc.edu.bo/laravel/vendor/laravel/framework/src/Illuminate/Pipeline/Pipeline.php(149): Illuminate\\Cookie\\Middleware\\AddQueuedCookiesToResponse->handle(Object(Illuminate\\Http\\Request), Object(Closure))
#29 /home/cpmisusbol/sitios/sis.ccc.edu.bo/laravel/vendor/laravel/framework/src/Illuminate/Routing/Pipeline.php(53): Illuminate\\Pipeline\\Pipeline->Illuminate\\Pipeline\\{closure}(Object(Illuminate\\Http\\Request))
#30 /home/cpmisusbol/sitios/sis.ccc.edu.bo/laravel/vendor/laravel/framework/src/Illuminate/Cookie/Middleware/EncryptCookies.php(59): Illuminate\\Routing\\Pipeline->Illuminate\\Routing\\{closure}(Object(Illuminate\\Http\\Request))
#31 /home/cpmisusbol/sitios/sis.ccc.edu.bo/laravel/vendor/laravel/framework/src/Illuminate/Pipeline/Pipeline.php(149): Illuminate\\Cookie\\Middleware\\EncryptCookies->handle(Object(Illuminate\\Http\\Request), Object(Closure))
#32 /home/cpmisusbol/sitios/sis.ccc.edu.bo/laravel/vendor/laravel/framework/src/Illuminate/Routing/Pipeline.php(53): Illuminate\\Pipeline\\Pipeline->Illuminate\\Pipeline\\{closure}(Object(Illuminate\\Http\\Request))
#33 /home/cpmisusbol/sitios/sis.ccc.edu.bo/laravel/vendor/laravel/framework/src/Illuminate/Pipeline/Pipeline.php(102): Illuminate\\Routing\\Pipeline->Illuminate\\Routing\\{closure}(Object(Illuminate\\Http\\Request))
#34 /home/cpmisusbol/sitios/sis.ccc.edu.bo/laravel/vendor/laravel/framework/src/Illuminate/Routing/Router.php(660): Illuminate\\Pipeline\\Pipeline->then(Object(Closure))
#35 /home/cpmisusbol/sitios/sis.ccc.edu.bo/laravel/vendor/laravel/framework/src/Illuminate/Routing/Router.php(635): Illuminate\\Routing\\Router->runRouteWithinStack(Object(Illuminate\\Routing\\Route), Object(Illuminate\\Http\\Request))
#36 /home/cpmisusbol/sitios/sis.ccc.edu.bo/laravel/vendor/laravel/framework/src/Illuminate/Routing/Router.php(601): Illuminate\\Routing\\Router->runRoute(Object(Illuminate\\Http\\Request), Object(Illuminate\\Routing\\Route))
#37 /home/cpmisusbol/sitios/sis.ccc.edu.bo/laravel/vendor/laravel/framework/src/Illuminate/Routing/Router.php(590): Illuminate\\Routing\\Router->dispatchToRoute(Object(Illuminate\\Http\\Request))
#38 /home/cpmisusbol/sitios/sis.ccc.edu.bo/laravel/vendor/laravel/framework/src/Illuminate/Foundation/Http/Kernel.php(176): Illuminate\\Routing\\Router->dispatch(Object(Illuminate\\Http\\Request))
#39 /home/cpmisusbol/sitios/sis.ccc.edu.bo/laravel/vendor/laravel/framework/src/Illuminate/Routing/Pipeline.php(30): Illuminate\\Foundation\\Http\\Kernel->Illuminate\\Foundation\\Http\\{closure}(Object(Illuminate\\Http\\Request))
#40 /home/cpmisusbol/sitios/sis.ccc.edu.bo/laravel/vendor/laravel/framework/src/Illuminate/Foundation/Http/Middleware/TransformsRequest.php(30): Illuminate\\Routing\\Pipeline->Illuminate\\Routing\\{closure}(Object(Illuminate\\Http\\Request))
#41 /home/cpmisusbol/sitios/sis.ccc.edu.bo/laravel/vendor/laravel/framework/src/Illuminate/Pipeline/Pipeline.php(149): Illuminate\\Foundation\\Http\\Middleware\\TransformsRequest->handle(Object(Illuminate\\Http\\Request), Object(Closure))
#42 /home/cpmisusbol/sitios/sis.ccc.edu.bo/laravel/vendor/laravel/framework/src/Illuminate/Routing/Pipeline.php(53): Illuminate\\Pipeline\\Pipeline->Illuminate\\Pipeline\\{closure}(Object(Illuminate\\Http\\Request))
#43 /home/cpmisusbol/sitios/sis.ccc.edu.bo/laravel/vendor/laravel/framework/src/Illuminate/Foundation/Http/Middleware/CheckForMaintenanceMode.php(46): Illuminate\\Routing\\Pipeline->Illuminate\\Routing\\{closure}(Object(Illuminate\\Http\\Request))
#44 /home/cpmisusbol/sitios/sis.ccc.edu.bo/laravel/vendor/laravel/framework/src/Illuminate/Pipeline/Pipeline.php(149): Illuminate\\Foundation\\Http\\Middleware\\CheckForMaintenanceMode->handle(Object(Illuminate\\Http\\Request), Object(Closure))
#45 /home/cpmisusbol/sitios/sis.ccc.edu.bo/laravel/vendor/laravel/framework/src/Illuminate/Routing/Pipeline.php(53): Illuminate\\Pipeline\\Pipeline->Illuminate\\Pipeline\\{closure}(Object(Illuminate\\Http\\Request))
#46 /home/cpmisusbol/sitios/sis.ccc.edu.bo/laravel/vendor/laravel/framework/src/Illuminate/Pipeline/Pipeline.php(102): Illuminate\\Routing\\Pipeline->Illuminate\\Routing\\{closure}(Object(Illuminate\\Http\\Request))
#47 /home/cpmisusbol/sitios/sis.ccc.edu.bo/laravel/vendor/laravel/framework/src/Illuminate/Foundation/Http/Kernel.php(151): Illuminate\\Pipeline\\Pipeline->then(Object(Closure))
#48 /home/cpmisusbol/sitios/sis.ccc.edu.bo/laravel/vendor/laravel/framework/src/Illuminate/Foundation/Http/Kernel.php(116): Illuminate\\Foundation\\Http\\Kernel->sendRequestThroughRouter(Object(Illuminate\\Http\\Request))
#49 /home/cpmisusbol/sitios/sis.ccc.edu.bo/laravel/public/index.php(53): Illuminate\\Foundation\\Http\\Kernel->handle(Object(Illuminate\\Http\\Request))
#50 {main}
"} 
[2018-03-14 17:38:40] production.INFO: El Usuario regencia@ccc.edu.bo Logeado!!!   
[2018-03-14 17:46:44] production.INFO: El Usuario serv_inscr2@ccc.edu.bo Logeado!!!   
[2018-03-14 17:52:43] production.INFO: El Usuario direccion1@ccc.edu.bo Logeado!!!   
[2018-03-14 17:58:51] production.INFO: El Usuario direccion1@ccc.edu.bo Logeado!!!   
[2018-03-14 18:00:53] production.INFO: El Usuario secretaria1@ccc.edu.bo Logeado!!!   
