[2018-04-12 12:49:57] production.INFO: El Usuario arg_cesar90@ccc.edu.bo Logeado!!!   
[2018-04-12 14:27:27] production.INFO: El Usuario serv_inscr2@ccc.edu.bo Logeado!!!   
[2018-04-12 14:40:54] production.INFO: El Usuario direccion1@ccc.edu.bo Logeado!!!   
[2018-04-12 14:49:29] production.INFO: El Usuario arg_cesar90@ccc.edu.bo Logeado!!!   
[2018-04-12 15:07:56] production.ERROR: Undefined variable: VerCont (View: /home/cpmisusbol/sitios/sis.ccc.edu.bo/laravel/resources/views/layouts_estudiante/partials/menu.blade.php) (View: /home/cpmisusbol/sitios/sis.ccc.edu.bo/laravel/resources/views/layouts_estudiante/partials/menu.blade.php) {"userId":967,"email":"arg_cesar90@ccc.edu.bo","exception":"[object] (ErrorException(code: 0): Undefined variable: VerCont (View: /home/cpmisusbol/sitios/sis.ccc.edu.bo/laravel/resources/views/layouts_estudiante/partials/menu.blade.php) (View: /home/cpmisusbol/sitios/sis.ccc.edu.bo/laravel/resources/views/layouts_estudiante/partials/menu.blade.php) at /home/cpmisusbol/sitios/sis.ccc.edu.bo/laravel/storage/framework/views/ec0df20d80efc7a905ca1bfcba2563fe66641795.php:24, ErrorException(code: 0): Undefined variable: VerCont (View: /home/cpmisusbol/sitios/sis.ccc.edu.bo/laravel/resources/views/layouts_estudiante/partials/menu.blade.php) at /home/cpmisusbol/sitios/sis.ccc.edu.bo/laravel/storage/framework/views/ec0df20d80efc7a905ca1bfcba2563fe66641795.php:24, ErrorException(code: 0): Undefined variable: VerCont at /home/cpmisusbol/sitios/sis.ccc.edu.bo/laravel/storage/framework/views/ec0df20d80efc7a905ca1bfcba2563fe66641795.php:24)
[stacktrace]
#0 /home/cpmisusbol/sitios/sis.ccc.edu.bo/laravel/vendor/laravel/framework/src/Illuminate/View/Engines/PhpEngine.php(45): Illuminate\\View\\Engines\\CompilerEngine->handleViewException(Object(ErrorException), 0)
#1 /home/cpmisusbol/sitios/sis.ccc.edu.bo/laravel/vendor/laravel/framework/src/Illuminate/View/Engines/CompilerEngine.php(59): Illuminate\\View\\Engines\\PhpEngine->evaluatePath('/home/cpmisusbo...', Array)
#2 /home/cpmisusbol/sitios/sis.ccc.edu.bo/laravel/vendor/laravel/framework/src/Illuminate/View/View.php(137): Illuminate\\View\\Engines\\CompilerEngine->get('/home/cpmisusbo...', Array)
#3 /home/cpmisusbol/sitios/sis.ccc.edu.bo/laravel/vendor/laravel/framework/src/Illuminate/View/View.php(120): Illuminate\\View\\View->getContents()
#4 /home/cpmisusbol/sitios/sis.ccc.edu.bo/laravel/vendor/laravel/framework/src/Illuminate/View/View.php(85): Illuminate\\View\\View->renderContents()
#5 /home/cpmisusbol/sitios/sis.ccc.edu.bo/laravel/vendor/laravel/framework/src/Illuminate/Http/Response.php(42): Illuminate\\View\\View->render()
#6 /home/cpmisusbol/sitios/sis.ccc.edu.bo/laravel/vendor/symfony/http-foundation/Response.php(200): Illuminate\\Http\\Response->setContent(Object(Illuminate\\View\\View))
#7 /home/cpmisusbol/sitios/sis.ccc.edu.bo/laravel/vendor/laravel/framework/src/Illuminate/Routing/Router.php(724): Symfony\\Component\\HttpFoundation\\Response->__construct(Object(Illuminate\\View\\View))
#8 /home/cpmisusbol/sitios/sis.ccc.edu.bo/laravel/vendor/laravel/framework/src/Illuminate/Routing/Router.php(698): Illuminate\\Routing\\Router::toResponse(Object(Illuminate\\Http\\Request), Object(Illuminate\\View\\View))
#9 /home/cpmisusbol/sitios/sis.ccc.edu.bo/laravel/vendor/laravel/framework/src/Illuminate/Routing/Router.php(658): Illuminate\\Routing\\Router->prepareResponse(Object(Illuminate\\Http\\Request), Object(Illuminate\\View\\View))
#10 /home/cpmisusbol/sitios/sis.ccc.edu.bo/laravel/vendor/laravel/framework/src/Illuminate/Routing/Pipeline.php(30): Illuminate\\Routing\\Router->Illuminate\\Routing\\{closure}(Object(Illuminate\\Http\\Request))
#11 /home/cpmisusbol/sitios/sis.ccc.edu.bo/laravel/vendor/laravel/framework/src/Illuminate/Auth/Middleware/Authorize.php(57): Illuminate\\Routing\\Pipeline->Illuminate\\Routing\\{closure}(Object(Illuminate\\Http\\Request))
#12 /home/cpmisusbol/sitios/sis.ccc.edu.bo/laravel/vendor/laravel/framework/src/Illuminate/Pipeline/Pipeline.php(149): Illuminate\\Auth\\Middleware\\Authorize->handle(Object(Illuminate\\Http\\Request), Object(Closure), 'usu_estu')
#13 /home/cpmisusbol/sitios/sis.ccc.edu.bo/laravel/vendor/laravel/framework/src/Illuminate/Routing/Pipeline.php(53): Illuminate\\Pipeline\\Pipeline->Illuminate\\Pipeline\\{closure}(Object(Illuminate\\Http\\Request))
#14 /home/cpmisusbol/sitios/sis.ccc.edu.bo/laravel/vendor/laravel/framework/src/Illuminate/Routing/Middleware/SubstituteBindings.php(41): Illuminate\\Routing\\Pipeline->Illuminate\\Routing\\{closure}(Object(Illuminate\\Http\\Request))
#15 /home/cpmisusbol/sitios/sis.ccc.edu.bo/laravel/vendor/laravel/framework/src/Illuminate/Pipeline/Pipeline.php(149): Illuminate\\Routing\\Middleware\\SubstituteBindings->handle(Object(Illuminate\\Http\\Request), Object(Closure))
#16 /home/cpmisusbol/sitios/sis.ccc.edu.bo/laravel/vendor/laravel/framework/src/Illuminate/Routing/Pipeline.php(53): Illuminate\\Pipeline\\Pipeline->Illuminate\\Pipeline\\{closure}(Object(Illuminate\\Http\\Request))
#17 /home/cpmisusbol/sitios/sis.ccc.edu.bo/laravel/vendor/laravel/framework/src/Illuminate/Auth/Middleware/Authenticate.php(43): Illuminate\\Routing\\Pipeline->Illuminate\\Routing\\{closure}(Object(Illuminate\\Http\\Request))
#18 /home/cpmisusbol/sitios/sis.ccc.edu.bo/laravel/vendor/laravel/framework/src/Illuminate/Pipeline/Pipeline.php(149): Illuminate\\Auth\\Middleware\\Authenticate->handle(Object(Illuminate\\Http\\Request), Object(Closure))
#19 /home/cpmisusbol/sitios/sis.ccc.edu.bo/laravel/vendor/laravel/framework/src/Illuminate/Routing/Pipeline.php(53): Illuminate\\Pipeline\\Pipeline->Illuminate\\Pipeline\\{closure}(Object(Illuminate\\Http\\Request))
#20 /home/cpmisusbol/sitios/sis.ccc.edu.bo/laravel/vendor/laravel/framework/src/Illuminate/Foundation/Http/Middleware/VerifyCsrfToken.php(67): Illuminate\\Routing\\Pipeline->Illuminate\\Routing\\{closure}(Object(Illuminate\\Http\\Request))
#21 /home/cpmisusbol/sitios/sis.ccc.edu.bo/laravel/vendor/laravel/framework/src/Illuminate/Pipeline/Pipeline.php(149): Illuminate\\Foundation\\Http\\Middleware\\VerifyCsrfToken->handle(Object(Illuminate\\Http\\Request), Object(Closure))
#22 /home/cpmisusbol/sitios/sis.ccc.edu.bo/laravel/vendor/laravel/framework/src/Illuminate/Routing/Pipeline.php(53): Illuminate\\Pipeline\\Pipeline->Illuminate\\Pipeline\\{closure}(Object(Illuminate\\Http\\Request))
#23 /home/cpmisusbol/sitios/sis.ccc.edu.bo/laravel/vendor/laravel/framework/src/Illuminate/View/Middleware/ShareErrorsFromSession.php(49): Illuminate\\Routing\\Pipeline->Illuminate\\Routing\\{closure}(Object(Illuminate\\Http\\Request))
#24 /home/cpmisusbol/sitios/sis.ccc.edu.bo/laravel/vendor/laravel/framework/src/Illuminate/Pipeline/Pipeline.php(149): Illuminate\\View\\Middleware\\ShareErrorsFromSession->handle(Object(Illuminate\\Http\\Request), Object(Closure))
#25 /home/cpmisusbol/sitios/sis.ccc.edu.bo/laravel/vendor/laravel/framework/src/Illuminate/Routing/Pipeline.php(53): Illuminate\\Pipeline\\Pipeline->Illuminate\\Pipeline\\{closure}(Object(Illuminate\\Http\\Request))
#26 /home/cpmisusbol/sitios/sis.ccc.edu.bo/laravel/vendor/laravel/framework/src/Illuminate/Session/Middleware/StartSession.php(63): Illuminate\\Routing\\Pipeline->Illuminate\\Routing\\{closure}(Object(Illuminate\\Http\\Request))
#27 /home/cpmisusbol/sitios/sis.ccc.edu.bo/laravel/vendor/laravel/framework/src/Illuminate/Pipeline/Pipeline.php(149): Illuminate\\Session\\Middleware\\StartSession->handle(Object(Illuminate\\Http\\Request), Object(Closure))
#28 /home/cpmisusbol/sitios/sis.ccc.edu.bo/laravel/vendor/laravel/framework/src/Illuminate/Routing/Pipeline.php(53): Illuminate\\Pipeline\\Pipeline->Illuminate\\Pipeline\\{closure}(Object(Illuminate\\Http\\Request))
#29 /home/cpmisusbol/sitios/sis.ccc.edu.bo/laravel/vendor/laravel/framework/src/Illuminate/Cookie/Middleware/AddQueuedCookiesToResponse.php(37): Illuminate\\Routing\\Pipeline->Illuminate\\Routing\\{closure}(Object(Illuminate\\Http\\Request))
#30 /home/cpmisusbol/sitios/sis.ccc.edu.bo/laravel/vendor/laravel/framework/src/Illuminate/Pipeline/Pipeline.php(149): Illuminate\\Cookie\\Middleware\\AddQueuedCookiesToResponse->handle(Object(Illuminate\\Http\\Request), Object(Closure))
#31 /home/cpmisusbol/sitios/sis.ccc.edu.bo/laravel/vendor/laravel/framework/src/Illuminate/Routing/Pipeline.php(53): Illuminate\\Pipeline\\Pipeline->Illuminate\\Pipeline\\{closure}(Object(Illuminate\\Http\\Request))
#32 /home/cpmisusbol/sitios/sis.ccc.edu.bo/laravel/vendor/laravel/framework/src/Illuminate/Cookie/Middleware/EncryptCookies.php(59): Illuminate\\Routing\\Pipeline->Illuminate\\Routing\\{closure}(Object(Illuminate\\Http\\Request))
#33 /home/cpmisusbol/sitios/sis.ccc.edu.bo/laravel/vendor/laravel/framework/src/Illuminate/Pipeline/Pipeline.php(149): Illuminate\\Cookie\\Middleware\\EncryptCookies->handle(Object(Illuminate\\Http\\Request), Object(Closure))
#34 /home/cpmisusbol/sitios/sis.ccc.edu.bo/laravel/vendor/laravel/framework/src/Illuminate/Routing/Pipeline.php(53): Illuminate\\Pipeline\\Pipeline->Illuminate\\Pipeline\\{closure}(Object(Illuminate\\Http\\Request))
#35 /home/cpmisusbol/sitios/sis.ccc.edu.bo/laravel/vendor/laravel/framework/src/Illuminate/Pipeline/Pipeline.php(102): Illuminate\\Routing\\Pipeline->Illuminate\\Routing\\{closure}(Object(Illuminate\\Http\\Request))
#36 /home/cpmisusbol/sitios/sis.ccc.edu.bo/laravel/vendor/laravel/framework/src/Illuminate/Routing/Router.php(660): Illuminate\\Pipeline\\Pipeline->then(Object(Closure))
#37 /home/cpmisusbol/sitios/sis.ccc.edu.bo/laravel/vendor/laravel/framework/src/Illuminate/Routing/Router.php(635): Illuminate\\Routing\\Router->runRouteWithinStack(Object(Illuminate\\Routing\\Route), Object(Illuminate\\Http\\Request))
#38 /home/cpmisusbol/sitios/sis.ccc.edu.bo/laravel/vendor/laravel/framework/src/Illuminate/Routing/Router.php(601): Illuminate\\Routing\\Router->runRoute(Object(Illuminate\\Http\\Request), Object(Illuminate\\Routing\\Route))
#39 /home/cpmisusbol/sitios/sis.ccc.edu.bo/laravel/vendor/laravel/framework/src/Illuminate/Routing/Router.php(590): Illuminate\\Routing\\Router->dispatchToRoute(Object(Illuminate\\Http\\Request))
#40 /home/cpmisusbol/sitios/sis.ccc.edu.bo/laravel/vendor/laravel/framework/src/Illuminate/Foundation/Http/Kernel.php(176): Illuminate\\Routing\\Router->dispatch(Object(Illuminate\\Http\\Request))
#41 /home/cpmisusbol/sitios/sis.ccc.edu.bo/laravel/vendor/laravel/framework/src/Illuminate/Routing/Pipeline.php(30): Illuminate\\Foundation\\Http\\Kernel->Illuminate\\Foundation\\Http\\{closure}(Object(Illuminate\\Http\\Request))
#42 /home/cpmisusbol/sitios/sis.ccc.edu.bo/laravel/vendor/laravel/framework/src/Illuminate/Foundation/Http/Middleware/TransformsRequest.php(30): Illuminate\\Routing\\Pipeline->Illuminate\\Routing\\{closure}(Object(Illuminate\\Http\\Request))
#43 /home/cpmisusbol/sitios/sis.ccc.edu.bo/laravel/vendor/laravel/framework/src/Illuminate/Pipeline/Pipeline.php(149): Illuminate\\Foundation\\Http\\Middleware\\TransformsRequest->handle(Object(Illuminate\\Http\\Request), Object(Closure))
#44 /home/cpmisusbol/sitios/sis.ccc.edu.bo/laravel/vendor/laravel/framework/src/Illuminate/Routing/Pipeline.php(53): Illuminate\\Pipeline\\Pipeline->Illuminate\\Pipeline\\{closure}(Object(Illuminate\\Http\\Request))
#45 /home/cpmisusbol/sitios/sis.ccc.edu.bo/laravel/vendor/laravel/framework/src/Illuminate/Foundation/Http/Middleware/CheckForMaintenanceMode.php(46): Illuminate\\Routing\\Pipeline->Illuminate\\Routing\\{closure}(Object(Illuminate\\Http\\Request))
#46 /home/cpmisusbol/sitios/sis.ccc.edu.bo/laravel/vendor/laravel/framework/src/Illuminate/Pipeline/Pipeline.php(149): Illuminate\\Foundation\\Http\\Middleware\\CheckForMaintenanceMode->handle(Object(Illuminate\\Http\\Request), Object(Closure))
#47 /home/cpmisusbol/sitios/sis.ccc.edu.bo/laravel/vendor/laravel/framework/src/Illuminate/Routing/Pipeline.php(53): Illuminate\\Pipeline\\Pipeline->Illuminate\\Pipeline\\{closure}(Object(Illuminate\\Http\\Request))
#48 /home/cpmisusbol/sitios/sis.ccc.edu.bo/laravel/vendor/laravel/framework/src/Illuminate/Pipeline/Pipeline.php(102): Illuminate\\Routing\\Pipeline->Illuminate\\Routing\\{closure}(Object(Illuminate\\Http\\Request))
#49 /home/cpmisusbol/sitios/sis.ccc.edu.bo/laravel/vendor/laravel/framework/src/Illuminate/Foundation/Http/Kernel.php(151): Illuminate\\Pipeline\\Pipeline->then(Object(Closure))
#50 /home/cpmisusbol/sitios/sis.ccc.edu.bo/laravel/vendor/laravel/framework/src/Illuminate/Foundation/Http/Kernel.php(116): Illuminate\\Foundation\\Http\\Kernel->sendRequestThroughRouter(Object(Illuminate\\Http\\Request))
#51 /home/cpmisusbol/sitios/sis.ccc.edu.bo/laravel/public/index.php(53): Illuminate\\Foundation\\Http\\Kernel->handle(Object(Illuminate\\Http\\Request))
#52 {main}
"} 
[2018-04-12 16:18:15] production.INFO: El Usuario direccion1@ccc.edu.bo Logeado!!!   
[2018-04-12 16:20:24] production.INFO: El Usuario ef_matias03@ccc.edu.bo Logeado!!!   
[2018-04-12 16:23:45] production.INFO: El Usuario direccion1@ccc.edu.bo Logeado!!!   
[2018-04-12 16:44:39] production.INFO: El Usuario serv_inscr2@ccc.edu.bo Logeado!!!   
[2018-04-12 16:45:29] production.INFO: El Usuario secretaria1@ccc.edu.bo Logeado!!!   
[2018-04-12 17:51:06] production.INFO: El Usuario direccion1@ccc.edu.bo Logeado!!!   
[2018-04-12 17:53:13] production.INFO: El Usuario pva_katalina47@ccc.edu.bo Logeado!!!   
[2018-04-12 18:34:17] production.INFO: El Usuario contador@ccc.edu.bo Logeado!!!   
[2018-04-12 18:38:53] production.INFO: El Usuario direccion1@ccc.edu.bo Logeado!!!   
[2018-04-12 18:39:43] production.INFO: El Usuario direccion2@ccc.edu.bo Logeado!!!   
[2018-04-12 18:40:06] production.INFO: El Usuario direccion1@ccc.edu.bo Logeado!!!   
[2018-04-12 20:32:51] production.INFO: El Usuario direccion1@ccc.edu.bo Logeado!!!   
