[2018-01-03 13:09:08] production.INFO: El Usuario contador@ccc.edu.bo Logeado!!!   
[2018-01-03 13:09:46] production.INFO: El Usuario sungduk@ccc.edu.bo Logeado!!!   
[2018-01-03 13:09:47] production.ERROR: ErrorException: Undefined variable: Gestion in /home/cpmisusbol/sitios/sis.ccc.edu.bo/laravel/storage/framework/views/ca4a411b6ba63fbfe674705b97bd9198a43ea1b8.php:150
Stack trace:
#0 /home/cpmisusbol/sitios/sis.ccc.edu.bo/laravel/storage/framework/views/ca4a411b6ba63fbfe674705b97bd9198a43ea1b8.php(150): Illuminate\Foundation\Bootstrap\HandleExceptions->handleError(8, 'Undefined varia...', '/home/cpmisusbo...', 150, Array)
#1 /home/cpmisusbol/sitios/sis.ccc.edu.bo/laravel/vendor/laravel/framework/src/Illuminate/View/Engines/PhpEngine.php(42): include('/home/cpmisusbo...')
#2 /home/cpmisusbol/sitios/sis.ccc.edu.bo/laravel/vendor/laravel/framework/src/Illuminate/View/Engines/CompilerEngine.php(59): Illuminate\View\Engines\PhpEngine->evaluatePath('/home/cpmisusbo...', Array)
#3 /home/cpmisusbol/sitios/sis.ccc.edu.bo/laravel/vendor/laravel/framework/src/Illuminate/View/View.php(137): Illuminate\View\Engines\CompilerEngine->get('/home/cpmisusbo...', Array)
#4 /home/cpmisusbol/sitios/sis.ccc.edu.bo/laravel/vendor/laravel/framework/src/Illuminate/View/View.php(120): Illuminate\View\View->getContents()
#5 /home/cpmisusbol/sitios/sis.ccc.edu.bo/laravel/vendor/laravel/framework/src/Illuminate/View/View.php(85): Illuminate\View\View->renderContents()
#6 /home/cpmisusbol/sitios/sis.ccc.edu.bo/laravel/vendor/laravel/framework/src/Illuminate/Http/Response.php(38): Illuminate\View\View->render()
#7 /home/cpmisusbol/sitios/sis.ccc.edu.bo/laravel/vendor/symfony/http-foundation/Response.php(225): Illuminate\Http\Response->setContent(Object(Illuminate\View\View))
#8 /home/cpmisusbol/sitios/sis.ccc.edu.bo/laravel/vendor/laravel/framework/src/Illuminate/Routing/Router.php(602): Symfony\Component\HttpFoundation\Response->__construct(Object(Illuminate\View\View))
#9 /home/cpmisusbol/sitios/sis.ccc.edu.bo/laravel/vendor/laravel/framework/src/Illuminate/Routing/Router.php(559): Illuminate\Routing\Router->prepareResponse(Object(Illuminate\Http\Request), Object(Illuminate\View\View))
#10 /home/cpmisusbol/sitios/sis.ccc.edu.bo/laravel/vendor/laravel/framework/src/Illuminate/Routing/Pipeline.php(30): Illuminate\Routing\Router->Illuminate\Routing\{closure}(Object(Illuminate\Http\Request))
#11 /home/cpmisusbol/sitios/sis.ccc.edu.bo/laravel/vendor/laravel/framework/src/Illuminate/Auth/Middleware/Authorize.php(57): Illuminate\Routing\Pipeline->Illuminate\Routing\{closure}(Object(Illuminate\Http\Request))
#12 /home/cpmisusbol/sitios/sis.ccc.edu.bo/laravel/vendor/laravel/framework/src/Illuminate/Pipeline/Pipeline.php(148): Illuminate\Auth\Middleware\Authorize->handle(Object(Illuminate\Http\Request), Object(Closure), 'usu_admtr')
#13 /home/cpmisusbol/sitios/sis.ccc.edu.bo/laravel/vendor/laravel/framework/src/Illuminate/Routing/Pipeline.php(53): Illuminate\Pipeline\Pipeline->Illuminate\Pipeline\{closure}(Object(Illuminate\Http\Request))
#14 /home/cpmisusbol/sitios/sis.ccc.edu.bo/laravel/vendor/laravel/framework/src/Illuminate/Routing/Middleware/SubstituteBindings.php(41): Illuminate\Routing\Pipeline->Illuminate\Routing\{closure}(Object(Illuminate\Http\Request))
#15 /home/cpmisusbol/sitios/sis.ccc.edu.bo/laravel/vendor/laravel/framework/src/Illuminate/Pipeline/Pipeline.php(148): Illuminate\Routing\Middleware\SubstituteBindings->handle(Object(Illuminate\Http\Request), Object(Closure))
#16 /home/cpmisusbol/sitios/sis.ccc.edu.bo/laravel/vendor/laravel/framework/src/Illuminate/Routing/Pipeline.php(53): Illuminate\Pipeline\Pipeline->Illuminate\Pipeline\{closure}(Object(Illuminate\Http\Request))
#17 /home/cpmisusbol/sitios/sis.ccc.edu.bo/laravel/vendor/laravel/framework/src/Illuminate/Auth/Middleware/Authenticate.php(43): Illuminate\Routing\Pipeline->Illuminate\Routing\{closure}(Object(Illuminate\Http\Request))
#18 /home/cpmisusbol/sitios/sis.ccc.edu.bo/laravel/vendor/laravel/framework/src/Illuminate/Pipeline/Pipeline.php(148): Illuminate\Auth\Middleware\Authenticate->handle(Object(Illuminate\Http\Request), Object(Closure))
#19 /home/cpmisusbol/sitios/sis.ccc.edu.bo/laravel/vendor/laravel/framework/src/Illuminate/Routing/Pipeline.php(53): Illuminate\Pipeline\Pipeline->Illuminate\Pipeline\{closure}(Object(Illuminate\Http\Request))
#20 /home/cpmisusbol/sitios/sis.ccc.edu.bo/laravel/vendor/laravel/framework/src/Illuminate/Foundation/Http/Middleware/VerifyCsrfToken.php(65): Illuminate\Routing\Pipeline->Illuminate\Routing\{closure}(Object(Illuminate\Http\Request))
#21 /home/cpmisusbol/sitios/sis.ccc.edu.bo/laravel/vendor/laravel/framework/src/Illuminate/Pipeline/Pipeline.php(148): Illuminate\Foundation\Http\Middleware\VerifyCsrfToken->handle(Object(Illuminate\Http\Request), Object(Closure))
#22 /home/cpmisusbol/sitios/sis.ccc.edu.bo/laravel/vendor/laravel/framework/src/Illuminate/Routing/Pipeline.php(53): Illuminate\Pipeline\Pipeline->Illuminate\Pipeline\{closure}(Object(Illuminate\Http\Request))
#23 /home/cpmisusbol/sitios/sis.ccc.edu.bo/laravel/vendor/laravel/framework/src/Illuminate/View/Middleware/ShareErrorsFromSession.php(49): Illuminate\Routing\Pipeline->Illuminate\Routing\{closure}(Object(Illuminate\Http\Request))
#24 /home/cpmisusbol/sitios/sis.ccc.edu.bo/laravel/vendor/laravel/framework/src/Illuminate/Pipeline/Pipeline.php(148): Illuminate\View\Middleware\ShareErrorsFromSession->handle(Object(Illuminate\Http\Request), Object(Closure))
#25 /home/cpmisusbol/sitios/sis.ccc.edu.bo/laravel/vendor/laravel/framework/src/Illuminate/Routing/Pipeline.php(53): Illuminate\Pipeline\Pipeline->Illuminate\Pipeline\{closure}(Object(Illuminate\Http\Request))
#26 /home/cpmisusbol/sitios/sis.ccc.edu.bo/laravel/vendor/laravel/framework/src/Illuminate/Session/Middleware/StartSession.php(64): Illuminate\Routing\Pipeline->Illuminate\Routing\{closure}(Object(Illuminate\Http\Request))
#27 /home/cpmisusbol/sitios/sis.ccc.edu.bo/laravel/vendor/laravel/framework/src/Illuminate/Pipeline/Pipeline.php(148): Illuminate\Session\Middleware\StartSession->handle(Object(Illuminate\Http\Request), Object(Closure))
#28 /home/cpmisusbol/sitios/sis.ccc.edu.bo/laravel/vendor/laravel/framework/src/Illuminate/Routing/Pipeline.php(53): Illuminate\Pipeline\Pipeline->Illuminate\Pipeline\{closure}(Object(Illuminate\Http\Request))
#29 /home/cpmisusbol/sitios/sis.ccc.edu.bo/laravel/vendor/laravel/framework/src/Illuminate/Cookie/Middleware/AddQueuedCookiesToResponse.php(37): Illuminate\Routing\Pipeline->Illuminate\Routing\{closure}(Object(Illuminate\Http\Request))
#30 /home/cpmisusbol/sitios/sis.ccc.edu.bo/laravel/vendor/laravel/framework/src/Illuminate/Pipeline/Pipeline.php(148): Illuminate\Cookie\Middleware\AddQueuedCookiesToResponse->handle(Object(Illuminate\Http\Request), Object(Closure))
#31 /home/cpmisusbol/sitios/sis.ccc.edu.bo/laravel/vendor/laravel/framework/src/Illuminate/Routing/Pipeline.php(53): Illuminate\Pipeline\Pipeline->Illuminate\Pipeline\{closure}(Object(Illuminate\Http\Request))
#32 /home/cpmisusbol/sitios/sis.ccc.edu.bo/laravel/vendor/laravel/framework/src/Illuminate/Cookie/Middleware/EncryptCookies.php(59): Illuminate\Routing\Pipeline->Illuminate\Routing\{closure}(Object(Illuminate\Http\Request))
#33 /home/cpmisusbol/sitios/sis.ccc.edu.bo/laravel/vendor/laravel/framework/src/Illuminate/Pipeline/Pipeline.php(148): Illuminate\Cookie\Middleware\EncryptCookies->handle(Object(Illuminate\Http\Request), Object(Closure))
#34 /home/cpmisusbol/sitios/sis.ccc.edu.bo/laravel/vendor/laravel/framework/src/Illuminate/Routing/Pipeline.php(53): Illuminate\Pipeline\Pipeline->Illuminate\Pipeline\{closure}(Object(Illuminate\Http\Request))
#35 /home/cpmisusbol/sitios/sis.ccc.edu.bo/laravel/vendor/laravel/framework/src/Illuminate/Pipeline/Pipeline.php(102): Illuminate\Routing\Pipeline->Illuminate\Routing\{closure}(Object(Illuminate\Http\Request))
#36 /home/cpmisusbol/sitios/sis.ccc.edu.bo/laravel/vendor/laravel/framework/src/Illuminate/Routing/Router.php(561): Illuminate\Pipeline\Pipeline->then(Object(Closure))
#37 /home/cpmisusbol/sitios/sis.ccc.edu.bo/laravel/vendor/laravel/framework/src/Illuminate/Routing/Router.php(520): Illuminate\Routing\Router->runRouteWithinStack(Object(Illuminate\Routing\Route), Object(Illuminate\Http\Request))
#38 /home/cpmisusbol/sitios/sis.ccc.edu.bo/laravel/vendor/laravel/framework/src/Illuminate/Routing/Router.php(498): Illuminate\Routing\Router->dispatchToRoute(Object(Illuminate\Http\Request))
#39 /home/cpmisusbol/sitios/sis.ccc.edu.bo/laravel/vendor/laravel/framework/src/Illuminate/Foundation/Http/Kernel.php(174): Illuminate\Routing\Router->dispatch(Object(Illuminate\Http\Request))
#40 /home/cpmisusbol/sitios/sis.ccc.edu.bo/laravel/vendor/laravel/framework/src/Illuminate/Routing/Pipeline.php(30): Illuminate\Foundation\Http\Kernel->Illuminate\Foundation\Http\{closure}(Object(Illuminate\Http\Request))
#41 /home/cpmisusbol/sitios/sis.ccc.edu.bo/laravel/vendor/laravel/framework/src/Illuminate/Foundation/Http/Middleware/TransformsRequest.php(30): Illuminate\Routing\Pipeline->Illuminate\Routing\{closure}(Object(Illuminate\Http\Request))
#42 /home/cpmisusbol/sitios/sis.ccc.edu.bo/laravel/vendor/laravel/framework/src/Illuminate/Pipeline/Pipeline.php(148): Illuminate\Foundation\Http\Middleware\TransformsRequest->handle(Object(Illuminate\Http\Request), Object(Closure))
#43 /home/cpmisusbol/sitios/sis.ccc.edu.bo/laravel/vendor/laravel/framework/src/Illuminate/Routing/Pipeline.php(53): Illuminate\Pipeline\Pipeline->Illuminate\Pipeline\{closure}(Object(Illuminate\Http\Request))
#44 /home/cpmisusbol/sitios/sis.ccc.edu.bo/laravel/vendor/laravel/framework/src/Illuminate/Foundation/Http/Middleware/CheckForMaintenanceMode.php(46): Illuminate\Routing\Pipeline->Illuminate\Routing\{closure}(Object(Illuminate\Http\Request))
#45 /home/cpmisusbol/sitios/sis.ccc.edu.bo/laravel/vendor/laravel/framework/src/Illuminate/Pipeline/Pipeline.php(148): Illuminate\Foundation\Http\Middleware\CheckForMaintenanceMode->handle(Object(Illuminate\Http\Request), Object(Closure))
#46 /home/cpmisusbol/sitios/sis.ccc.edu.bo/laravel/vendor/laravel/framework/src/Illuminate/Routing/Pipeline.php(53): Illuminate\Pipeline\Pipeline->Illuminate\Pipeline\{closure}(Object(Illuminate\Http\Request))
#47 /home/cpmisusbol/sitios/sis.ccc.edu.bo/laravel/vendor/laravel/framework/src/Illuminate/Pipeline/Pipeline.php(102): Illuminate\Routing\Pipeline->Illuminate\Routing\{closure}(Object(Illuminate\Http\Request))
#48 /home/cpmisusbol/sitios/sis.ccc.edu.bo/laravel/vendor/laravel/framework/src/Illuminate/Foundation/Http/Kernel.php(149): Illuminate\Pipeline\Pipeline->then(Object(Closure))
#49 /home/cpmisusbol/sitios/sis.ccc.edu.bo/laravel/vendor/laravel/framework/src/Illuminate/Foundation/Http/Kernel.php(116): Illuminate\Foundation\Http\Kernel->sendRequestThroughRouter(Object(Illuminate\Http\Request))
#50 /home/cpmisusbol/sitios/sis.ccc.edu.bo/laravel/public/index.php(53): Illuminate\Foundation\Http\Kernel->handle(Object(Illuminate\Http\Request))
#51 {main}

Next ErrorException: Undefined variable: Gestion (View: /home/cpmisusbol/sitios/sis.ccc.edu.bo/laravel/resources/views/layouts_administracion/view_admtr.blade.php) in /home/cpmisusbol/sitios/sis.ccc.edu.bo/laravel/storage/framework/views/ca4a411b6ba63fbfe674705b97bd9198a43ea1b8.php:150
Stack trace:
#0 /home/cpmisusbol/sitios/sis.ccc.edu.bo/laravel/vendor/laravel/framework/src/Illuminate/View/Engines/PhpEngine.php(44): Illuminate\View\Engines\CompilerEngine->handleViewException(Object(ErrorException), 0)
#1 /home/cpmisusbol/sitios/sis.ccc.edu.bo/laravel/vendor/laravel/framework/src/Illuminate/View/Engines/CompilerEngine.php(59): Illuminate\View\Engines\PhpEngine->evaluatePath('/home/cpmisusbo...', Array)
#2 /home/cpmisusbol/sitios/sis.ccc.edu.bo/laravel/vendor/laravel/framework/src/Illuminate/View/View.php(137): Illuminate\View\Engines\CompilerEngine->get('/home/cpmisusbo...', Array)
#3 /home/cpmisusbol/sitios/sis.ccc.edu.bo/laravel/vendor/laravel/framework/src/Illuminate/View/View.php(120): Illuminate\View\View->getContents()
#4 /home/cpmisusbol/sitios/sis.ccc.edu.bo/laravel/vendor/laravel/framework/src/Illuminate/View/View.php(85): Illuminate\View\View->renderContents()
#5 /home/cpmisusbol/sitios/sis.ccc.edu.bo/laravel/vendor/laravel/framework/src/Illuminate/Http/Response.php(38): Illuminate\View\View->render()
#6 /home/cpmisusbol/sitios/sis.ccc.edu.bo/laravel/vendor/symfony/http-foundation/Response.php(225): Illuminate\Http\Response->setContent(Object(Illuminate\View\View))
#7 /home/cpmisusbol/sitios/sis.ccc.edu.bo/laravel/vendor/laravel/framework/src/Illuminate/Routing/Router.php(602): Symfony\Component\HttpFoundation\Response->__construct(Object(Illuminate\View\View))
#8 /home/cpmisusbol/sitios/sis.ccc.edu.bo/laravel/vendor/laravel/framework/src/Illuminate/Routing/Router.php(559): Illuminate\Routing\Router->prepareResponse(Object(Illuminate\Http\Request), Object(Illuminate\View\View))
#9 /home/cpmisusbol/sitios/sis.ccc.edu.bo/laravel/vendor/laravel/framework/src/Illuminate/Routing/Pipeline.php(30): Illuminate\Routing\Router->Illuminate\Routing\{closure}(Object(Illuminate\Http\Request))
#10 /home/cpmisusbol/sitios/sis.ccc.edu.bo/laravel/vendor/laravel/framework/src/Illuminate/Auth/Middleware/Authorize.php(57): Illuminate\Routing\Pipeline->Illuminate\Routing\{closure}(Object(Illuminate\Http\Request))
#11 /home/cpmisusbol/sitios/sis.ccc.edu.bo/laravel/vendor/laravel/framework/src/Illuminate/Pipeline/Pipeline.php(148): Illuminate\Auth\Middleware\Authorize->handle(Object(Illuminate\Http\Request), Object(Closure), 'usu_admtr')
#12 /home/cpmisusbol/sitios/sis.ccc.edu.bo/laravel/vendor/laravel/framework/src/Illuminate/Routing/Pipeline.php(53): Illuminate\Pipeline\Pipeline->Illuminate\Pipeline\{closure}(Object(Illuminate\Http\Request))
#13 /home/cpmisusbol/sitios/sis.ccc.edu.bo/laravel/vendor/laravel/framework/src/Illuminate/Routing/Middleware/SubstituteBindings.php(41): Illuminate\Routing\Pipeline->Illuminate\Routing\{closure}(Object(Illuminate\Http\Request))
#14 /home/cpmisusbol/sitios/sis.ccc.edu.bo/laravel/vendor/laravel/framework/src/Illuminate/Pipeline/Pipeline.php(148): Illuminate\Routing\Middleware\SubstituteBindings->handle(Object(Illuminate\Http\Request), Object(Closure))
#15 /home/cpmisusbol/sitios/sis.ccc.edu.bo/laravel/vendor/laravel/framework/src/Illuminate/Routing/Pipeline.php(53): Illuminate\Pipeline\Pipeline->Illuminate\Pipeline\{closure}(Object(Illuminate\Http\Request))
#16 /home/cpmisusbol/sitios/sis.ccc.edu.bo/laravel/vendor/laravel/framework/src/Illuminate/Auth/Middleware/Authenticate.php(43): Illuminate\Routing\Pipeline->Illuminate\Routing\{closure}(Object(Illuminate\Http\Request))
#17 /home/cpmisusbol/sitios/sis.ccc.edu.bo/laravel/vendor/laravel/framework/src/Illuminate/Pipeline/Pipeline.php(148): Illuminate\Auth\Middleware\Authenticate->handle(Object(Illuminate\Http\Request), Object(Closure))
#18 /home/cpmisusbol/sitios/sis.ccc.edu.bo/laravel/vendor/laravel/framework/src/Illuminate/Routing/Pipeline.php(53): Illuminate\Pipeline\Pipeline->Illuminate\Pipeline\{closure}(Object(Illuminate\Http\Request))
#19 /home/cpmisusbol/sitios/sis.ccc.edu.bo/laravel/vendor/laravel/framework/src/Illuminate/Foundation/Http/Middleware/VerifyCsrfToken.php(65): Illuminate\Routing\Pipeline->Illuminate\Routing\{closure}(Object(Illuminate\Http\Request))
#20 /home/cpmisusbol/sitios/sis.ccc.edu.bo/laravel/vendor/laravel/framework/src/Illuminate/Pipeline/Pipeline.php(148): Illuminate\Foundation\Http\Middleware\VerifyCsrfToken->handle(Object(Illuminate\Http\Request), Object(Closure))
#21 /home/cpmisusbol/sitios/sis.ccc.edu.bo/laravel/vendor/laravel/framework/src/Illuminate/Routing/Pipeline.php(53): Illuminate\Pipeline\Pipeline->Illuminate\Pipeline\{closure}(Object(Illuminate\Http\Request))
#22 /home/cpmisusbol/sitios/sis.ccc.edu.bo/laravel/vendor/laravel/framework/src/Illuminate/View/Middleware/ShareErrorsFromSession.php(49): Illuminate\Routing\Pipeline->Illuminate\Routing\{closure}(Object(Illuminate\Http\Request))
#23 /home/cpmisusbol/sitios/sis.ccc.edu.bo/laravel/vendor/laravel/framework/src/Illuminate/Pipeline/Pipeline.php(148): Illuminate\View\Middleware\ShareErrorsFromSession->handle(Object(Illuminate\Http\Request), Object(Closure))
#24 /home/cpmisusbol/sitios/sis.ccc.edu.bo/laravel/vendor/laravel/framework/src/Illuminate/Routing/Pipeline.php(53): Illuminate\Pipeline\Pipeline->Illuminate\Pipeline\{closure}(Object(Illuminate\Http\Request))
#25 /home/cpmisusbol/sitios/sis.ccc.edu.bo/laravel/vendor/laravel/framework/src/Illuminate/Session/Middleware/StartSession.php(64): Illuminate\Routing\Pipeline->Illuminate\Routing\{closure}(Object(Illuminate\Http\Request))
#26 /home/cpmisusbol/sitios/sis.ccc.edu.bo/laravel/vendor/laravel/framework/src/Illuminate/Pipeline/Pipeline.php(148): Illuminate\Session\Middleware\StartSession->handle(Object(Illuminate\Http\Request), Object(Closure))
#27 /home/cpmisusbol/sitios/sis.ccc.edu.bo/laravel/vendor/laravel/framework/src/Illuminate/Routing/Pipeline.php(53): Illuminate\Pipeline\Pipeline->Illuminate\Pipeline\{closure}(Object(Illuminate\Http\Request))
#28 /home/cpmisusbol/sitios/sis.ccc.edu.bo/laravel/vendor/laravel/framework/src/Illuminate/Cookie/Middleware/AddQueuedCookiesToResponse.php(37): Illuminate\Routing\Pipeline->Illuminate\Routing\{closure}(Object(Illuminate\Http\Request))
#29 /home/cpmisusbol/sitios/sis.ccc.edu.bo/laravel/vendor/laravel/framework/src/Illuminate/Pipeline/Pipeline.php(148): Illuminate\Cookie\Middleware\AddQueuedCookiesToResponse->handle(Object(Illuminate\Http\Request), Object(Closure))
#30 /home/cpmisusbol/sitios/sis.ccc.edu.bo/laravel/vendor/laravel/framework/src/Illuminate/Routing/Pipeline.php(53): Illuminate\Pipeline\Pipeline->Illuminate\Pipeline\{closure}(Object(Illuminate\Http\Request))
#31 /home/cpmisusbol/sitios/sis.ccc.edu.bo/laravel/vendor/laravel/framework/src/Illuminate/Cookie/Middleware/EncryptCookies.php(59): Illuminate\Routing\Pipeline->Illuminate\Routing\{closure}(Object(Illuminate\Http\Request))
#32 /home/cpmisusbol/sitios/sis.ccc.edu.bo/laravel/vendor/laravel/framework/src/Illuminate/Pipeline/Pipeline.php(148): Illuminate\Cookie\Middleware\EncryptCookies->handle(Object(Illuminate\Http\Request), Object(Closure))
#33 /home/cpmisusbol/sitios/sis.ccc.edu.bo/laravel/vendor/laravel/framework/src/Illuminate/Routing/Pipeline.php(53): Illuminate\Pipeline\Pipeline->Illuminate\Pipeline\{closure}(Object(Illuminate\Http\Request))
#34 /home/cpmisusbol/sitios/sis.ccc.edu.bo/laravel/vendor/laravel/framework/src/Illuminate/Pipeline/Pipeline.php(102): Illuminate\Routing\Pipeline->Illuminate\Routing\{closure}(Object(Illuminate\Http\Request))
#35 /home/cpmisusbol/sitios/sis.ccc.edu.bo/laravel/vendor/laravel/framework/src/Illuminate/Routing/Router.php(561): Illuminate\Pipeline\Pipeline->then(Object(Closure))
#36 /home/cpmisusbol/sitios/sis.ccc.edu.bo/laravel/vendor/laravel/framework/src/Illuminate/Routing/Router.php(520): Illuminate\Routing\Router->runRouteWithinStack(Object(Illuminate\Routing\Route), Object(Illuminate\Http\Request))
#37 /home/cpmisusbol/sitios/sis.ccc.edu.bo/laravel/vendor/laravel/framework/src/Illuminate/Routing/Router.php(498): Illuminate\Routing\Router->dispatchToRoute(Object(Illuminate\Http\Request))
#38 /home/cpmisusbol/sitios/sis.ccc.edu.bo/laravel/vendor/laravel/framework/src/Illuminate/Foundation/Http/Kernel.php(174): Illuminate\Routing\Router->dispatch(Object(Illuminate\Http\Request))
#39 /home/cpmisusbol/sitios/sis.ccc.edu.bo/laravel/vendor/laravel/framework/src/Illuminate/Routing/Pipeline.php(30): Illuminate\Foundation\Http\Kernel->Illuminate\Foundation\Http\{closure}(Object(Illuminate\Http\Request))
#40 /home/cpmisusbol/sitios/sis.ccc.edu.bo/laravel/vendor/laravel/framework/src/Illuminate/Foundation/Http/Middleware/TransformsRequest.php(30): Illuminate\Routing\Pipeline->Illuminate\Routing\{closure}(Object(Illuminate\Http\Request))
#41 /home/cpmisusbol/sitios/sis.ccc.edu.bo/laravel/vendor/laravel/framework/src/Illuminate/Pipeline/Pipeline.php(148): Illuminate\Foundation\Http\Middleware\TransformsRequest->handle(Object(Illuminate\Http\Request), Object(Closure))
#42 /home/cpmisusbol/sitios/sis.ccc.edu.bo/laravel/vendor/laravel/framework/src/Illuminate/Routing/Pipeline.php(53): Illuminate\Pipeline\Pipeline->Illuminate\Pipeline\{closure}(Object(Illuminate\Http\Request))
#43 /home/cpmisusbol/sitios/sis.ccc.edu.bo/laravel/vendor/laravel/framework/src/Illuminate/Foundation/Http/Middleware/CheckForMaintenanceMode.php(46): Illuminate\Routing\Pipeline->Illuminate\Routing\{closure}(Object(Illuminate\Http\Request))
#44 /home/cpmisusbol/sitios/sis.ccc.edu.bo/laravel/vendor/laravel/framework/src/Illuminate/Pipeline/Pipeline.php(148): Illuminate\Foundation\Http\Middleware\CheckForMaintenanceMode->handle(Object(Illuminate\Http\Request), Object(Closure))
#45 /home/cpmisusbol/sitios/sis.ccc.edu.bo/laravel/vendor/laravel/framework/src/Illuminate/Routing/Pipeline.php(53): Illuminate\Pipeline\Pipeline->Illuminate\Pipeline\{closure}(Object(Illuminate\Http\Request))
#46 /home/cpmisusbol/sitios/sis.ccc.edu.bo/laravel/vendor/laravel/framework/src/Illuminate/Pipeline/Pipeline.php(102): Illuminate\Routing\Pipeline->Illuminate\Routing\{closure}(Object(Illuminate\Http\Request))
#47 /home/cpmisusbol/sitios/sis.ccc.edu.bo/laravel/vendor/laravel/framework/src/Illuminate/Foundation/Http/Kernel.php(149): Illuminate\Pipeline\Pipeline->then(Object(Closure))
#48 /home/cpmisusbol/sitios/sis.ccc.edu.bo/laravel/vendor/laravel/framework/src/Illuminate/Foundation/Http/Kernel.php(116): Illuminate\Foundation\Http\Kernel->sendRequestThroughRouter(Object(Illuminate\Http\Request))
#49 /home/cpmisusbol/sitios/sis.ccc.edu.bo/laravel/public/index.php(53): Illuminate\Foundation\Http\Kernel->handle(Object(Illuminate\Http\Request))
#50 {main}  
[2018-01-03 13:15:21] production.ERROR: ErrorException: Division by zero in /home/cpmisusbol/sitios/sis.ccc.edu.bo/laravel/storage/framework/views/6047876d5a87a4d31f4387120185d2740d0e7fe6.php:91
Stack trace:
#0 /home/cpmisusbol/sitios/sis.ccc.edu.bo/laravel/storage/framework/views/6047876d5a87a4d31f4387120185d2740d0e7fe6.php(91): Illuminate\Foundation\Bootstrap\HandleExceptions->handleError(2, 'Division by zer...', '/home/cpmisusbo...', 91, Array)
#1 /home/cpmisusbol/sitios/sis.ccc.edu.bo/laravel/vendor/laravel/framework/src/Illuminate/View/Engines/PhpEngine.php(42): include('/home/cpmisusbo...')
#2 /home/cpmisusbol/sitios/sis.ccc.edu.bo/laravel/vendor/laravel/framework/src/Illuminate/View/Engines/CompilerEngine.php(59): Illuminate\View\Engines\PhpEngine->evaluatePath('/home/cpmisusbo...', Array)
#3 /home/cpmisusbol/sitios/sis.ccc.edu.bo/laravel/vendor/laravel/framework/src/Illuminate/View/View.php(137): Illuminate\View\Engines\CompilerEngine->get('/home/cpmisusbo...', Array)
#4 /home/cpmisusbol/sitios/sis.ccc.edu.bo/laravel/vendor/laravel/framework/src/Illuminate/View/View.php(120): Illuminate\View\View->getContents()
#5 /home/cpmisusbol/sitios/sis.ccc.edu.bo/laravel/vendor/laravel/framework/src/Illuminate/View/View.php(85): Illuminate\View\View->renderContents()
#6 /home/cpmisusbol/sitios/sis.ccc.edu.bo/laravel/storage/framework/views/2b70c2a5dcac30d2d826ea90535e139d8d21ce91.php(94): Illuminate\View\View->render()
#7 /home/cpmisusbol/sitios/sis.ccc.edu.bo/laravel/vendor/laravel/framework/src/Illuminate/View/Engines/PhpEngine.php(42): include('/home/cpmisusbo...')
#8 /home/cpmisusbol/sitios/sis.ccc.edu.bo/laravel/vendor/laravel/framework/src/Illuminate/View/Engines/CompilerEngine.php(59): Illuminate\View\Engines\PhpEngine->evaluatePath('/home/cpmisusbo...', Array)
#9 /home/cpmisusbol/sitios/sis.ccc.edu.bo/laravel/vendor/laravel/framework/src/Illuminate/View/View.php(137): Illuminate\View\Engines\CompilerEngine->get('/home/cpmisusbo...', Array)
#10 /home/cpmisusbol/sitios/sis.ccc.edu.bo/laravel/vendor/laravel/framework/src/Illuminate/View/View.php(120): Illuminate\View\View->getContents()
#11 /home/cpmisusbol/sitios/sis.ccc.edu.bo/laravel/vendor/laravel/framework/src/Illuminate/View/View.php(85): Illuminate\View\View->renderContents()
#12 /home/cpmisusbol/sitios/sis.ccc.edu.bo/laravel/storage/framework/views/ca4a411b6ba63fbfe674705b97bd9198a43ea1b8.php(231): Illuminate\View\View->render()
#13 /home/cpmisusbol/sitios/sis.ccc.edu.bo/laravel/vendor/laravel/framework/src/Illuminate/View/Engines/PhpEngine.php(42): include('/home/cpmisusbo...')
#14 /home/cpmisusbol/sitios/sis.ccc.edu.bo/laravel/vendor/laravel/framework/src/Illuminate/View/Engines/CompilerEngine.php(59): Illuminate\View\Engines\PhpEngine->evaluatePath('/home/cpmisusbo...', Array)
#15 /home/cpmisusbol/sitios/sis.ccc.edu.bo/laravel/vendor/laravel/framework/src/Illuminate/View/View.php(137): Illuminate\View\Engines\CompilerEngine->get('/home/cpmisusbo...', Array)
#16 /home/cpmisusbol/sitios/sis.ccc.edu.bo/laravel/vendor/laravel/framework/src/Illuminate/View/View.php(120): Illuminate\View\View->getContents()
#17 /home/cpmisusbol/sitios/sis.ccc.edu.bo/laravel/vendor/laravel/framework/src/Illuminate/View/View.php(85): Illuminate\View\View->renderContents()
#18 /home/cpmisusbol/sitios/sis.ccc.edu.bo/laravel/vendor/laravel/framework/src/Illuminate/Http/Response.php(38): Illuminate\View\View->render()
#19 /home/cpmisusbol/sitios/sis.ccc.edu.bo/laravel/vendor/symfony/http-foundation/Response.php(225): Illuminate\Http\Response->setContent(Object(Illuminate\View\View))
#20 /home/cpmisusbol/sitios/sis.ccc.edu.bo/laravel/vendor/laravel/framework/src/Illuminate/Routing/Router.php(602): Symfony\Component\HttpFoundation\Response->__construct(Object(Illuminate\View\View))
#21 /home/cpmisusbol/sitios/sis.ccc.edu.bo/laravel/vendor/laravel/framework/src/Illuminate/Routing/Router.php(559): Illuminate\Routing\Router->prepareResponse(Object(Illuminate\Http\Request), Object(Illuminate\View\View))
#22 /home/cpmisusbol/sitios/sis.ccc.edu.bo/laravel/vendor/laravel/framework/src/Illuminate/Routing/Pipeline.php(30): Illuminate\Routing\Router->Illuminate\Routing\{closure}(Object(Illuminate\Http\Request))
#23 /home/cpmisusbol/sitios/sis.ccc.edu.bo/laravel/vendor/laravel/framework/src/Illuminate/Auth/Middleware/Authorize.php(57): Illuminate\Routing\Pipeline->Illuminate\Routing\{closure}(Object(Illuminate\Http\Request))
#24 /home/cpmisusbol/sitios/sis.ccc.edu.bo/laravel/vendor/laravel/framework/src/Illuminate/Pipeline/Pipeline.php(148): Illuminate\Auth\Middleware\Authorize->handle(Object(Illuminate\Http\Request), Object(Closure), 'usu_admtr')
#25 /home/cpmisusbol/sitios/sis.ccc.edu.bo/laravel/vendor/laravel/framework/src/Illuminate/Routing/Pipeline.php(53): Illuminate\Pipeline\Pipeline->Illuminate\Pipeline\{closure}(Object(Illuminate\Http\Request))
#26 /home/cpmisusbol/sitios/sis.ccc.edu.bo/laravel/vendor/laravel/framework/src/Illuminate/Routing/Middleware/SubstituteBindings.php(41): Illuminate\Routing\Pipeline->Illuminate\Routing\{closure}(Object(Illuminate\Http\Request))
#27 /home/cpmisusbol/sitios/sis.ccc.edu.bo/laravel/vendor/laravel/framework/src/Illuminate/Pipeline/Pipeline.php(148): Illuminate\Routing\Middleware\SubstituteBindings->handle(Object(Illuminate\Http\Request), Object(Closure))
#28 /home/cpmisusbol/sitios/sis.ccc.edu.bo/laravel/vendor/laravel/framework/src/Illuminate/Routing/Pipeline.php(53): Illuminate\Pipeline\Pipeline->Illuminate\Pipeline\{closure}(Object(Illuminate\Http\Request))
#29 /home/cpmisusbol/sitios/sis.ccc.edu.bo/laravel/vendor/laravel/framework/src/Illuminate/Auth/Middleware/Authenticate.php(43): Illuminate\Routing\Pipeline->Illuminate\Routing\{closure}(Object(Illuminate\Http\Request))
#30 /home/cpmisusbol/sitios/sis.ccc.edu.bo/laravel/vendor/laravel/framework/src/Illuminate/Pipeline/Pipeline.php(148): Illuminate\Auth\Middleware\Authenticate->handle(Object(Illuminate\Http\Request), Object(Closure))
#31 /home/cpmisusbol/sitios/sis.ccc.edu.bo/laravel/vendor/laravel/framework/src/Illuminate/Routing/Pipeline.php(53): Illuminate\Pipeline\Pipeline->Illuminate\Pipeline\{closure}(Object(Illuminate\Http\Request))
#32 /home/cpmisusbol/sitios/sis.ccc.edu.bo/laravel/vendor/laravel/framework/src/Illuminate/Foundation/Http/Middleware/VerifyCsrfToken.php(65): Illuminate\Routing\Pipeline->Illuminate\Routing\{closure}(Object(Illuminate\Http\Request))
#33 /home/cpmisusbol/sitios/sis.ccc.edu.bo/laravel/vendor/laravel/framework/src/Illuminate/Pipeline/Pipeline.php(148): Illuminate\Foundation\Http\Middleware\VerifyCsrfToken->handle(Object(Illuminate\Http\Request), Object(Closure))
#34 /home/cpmisusbol/sitios/sis.ccc.edu.bo/laravel/vendor/laravel/framework/src/Illuminate/Routing/Pipeline.php(53): Illuminate\Pipeline\Pipeline->Illuminate\Pipeline\{closure}(Object(Illuminate\Http\Request))
#35 /home/cpmisusbol/sitios/sis.ccc.edu.bo/laravel/vendor/laravel/framework/src/Illuminate/View/Middleware/ShareErrorsFromSession.php(49): Illuminate\Routing\Pipeline->Illuminate\Routing\{closure}(Object(Illuminate\Http\Request))
#36 /home/cpmisusbol/sitios/sis.ccc.edu.bo/laravel/vendor/laravel/framework/src/Illuminate/Pipeline/Pipeline.php(148): Illuminate\View\Middleware\ShareErrorsFromSession->handle(Object(Illuminate\Http\Request), Object(Closure))
#37 /home/cpmisusbol/sitios/sis.ccc.edu.bo/laravel/vendor/laravel/framework/src/Illuminate/Routing/Pipeline.php(53): Illuminate\Pipeline\Pipeline->Illuminate\Pipeline\{closure}(Object(Illuminate\Http\Request))
#38 /home/cpmisusbol/sitios/sis.ccc.edu.bo/laravel/vendor/laravel/framework/src/Illuminate/Session/Middleware/StartSession.php(64): Illuminate\Routing\Pipeline->Illuminate\Routing\{closure}(Object(Illuminate\Http\Request))
#39 /home/cpmisusbol/sitios/sis.ccc.edu.bo/laravel/vendor/laravel/framework/src/Illuminate/Pipeline/Pipeline.php(148): Illuminate\Session\Middleware\StartSession->handle(Object(Illuminate\Http\Request), Object(Closure))
#40 /home/cpmisusbol/sitios/sis.ccc.edu.bo/laravel/vendor/laravel/framework/src/Illuminate/Routing/Pipeline.php(53): Illuminate\Pipeline\Pipeline->Illuminate\Pipeline\{closure}(Object(Illuminate\Http\Request))
#41 /home/cpmisusbol/sitios/sis.ccc.edu.bo/laravel/vendor/laravel/framework/src/Illuminate/Cookie/Middleware/AddQueuedCookiesToResponse.php(37): Illuminate\Routing\Pipeline->Illuminate\Routing\{closure}(Object(Illuminate\Http\Request))
#42 /home/cpmisusbol/sitios/sis.ccc.edu.bo/laravel/vendor/laravel/framework/src/Illuminate/Pipeline/Pipeline.php(148): Illuminate\Cookie\Middleware\AddQueuedCookiesToResponse->handle(Object(Illuminate\Http\Request), Object(Closure))
#43 /home/cpmisusbol/sitios/sis.ccc.edu.bo/laravel/vendor/laravel/framework/src/Illuminate/Routing/Pipeline.php(53): Illuminate\Pipeline\Pipeline->Illuminate\Pipeline\{closure}(Object(Illuminate\Http\Request))
#44 /home/cpmisusbol/sitios/sis.ccc.edu.bo/laravel/vendor/laravel/framework/src/Illuminate/Cookie/Middleware/EncryptCookies.php(59): Illuminate\Routing\Pipeline->Illuminate\Routing\{closure}(Object(Illuminate\Http\Request))
#45 /home/cpmisusbol/sitios/sis.ccc.edu.bo/laravel/vendor/laravel/framework/src/Illuminate/Pipeline/Pipeline.php(148): Illuminate\Cookie\Middleware\EncryptCookies->handle(Object(Illuminate\Http\Request), Object(Closure))
#46 /home/cpmisusbol/sitios/sis.ccc.edu.bo/laravel/vendor/laravel/framework/src/Illuminate/Routing/Pipeline.php(53): Illuminate\Pipeline\Pipeline->Illuminate\Pipeline\{closure}(Object(Illuminate\Http\Request))
#47 /home/cpmisusbol/sitios/sis.ccc.edu.bo/laravel/vendor/laravel/framework/src/Illuminate/Pipeline/Pipeline.php(102): Illuminate\Routing\Pipeline->Illuminate\Routing\{closure}(Object(Illuminate\Http\Request))
#48 /home/cpmisusbol/sitios/sis.ccc.edu.bo/laravel/vendor/laravel/framework/src/Illuminate/Routing/Router.php(561): Illuminate\Pipeline\Pipeline->then(Object(Closure))
#49 /home/cpmisusbol/sitios/sis.ccc.edu.bo/laravel/vendor/laravel/framework/src/Illuminate/Routing/Router.php(520): Illuminate\Routing\Router->runRouteWithinStack(Object(Illuminate\Routing\Route), Object(Illuminate\Http\Request))
#50 /home/cpmisusbol/sitios/sis.ccc.edu.bo/laravel/vendor/laravel/framework/src/Illuminate/Routing/Router.php(498): Illuminate\Routing\Router->dispatchToRoute(Object(Illuminate\Http\Request))
#51 /home/cpmisusbol/sitios/sis.ccc.edu.bo/laravel/vendor/laravel/framework/src/Illuminate/Foundation/Http/Kernel.php(174): Illuminate\Routing\Router->dispatch(Object(Illuminate\Http\Request))
#52 /home/cpmisusbol/sitios/sis.ccc.edu.bo/laravel/vendor/laravel/framework/src/Illuminate/Routing/Pipeline.php(30): Illuminate\Foundation\Http\Kernel->Illuminate\Foundation\Http\{closure}(Object(Illuminate\Http\Request))
#53 /home/cpmisusbol/sitios/sis.ccc.edu.bo/laravel/vendor/laravel/framework/src/Illuminate/Foundation/Http/Middleware/TransformsRequest.php(30): Illuminate\Routing\Pipeline->Illuminate\Routing\{closure}(Object(Illuminate\Http\Request))
#54 /home/cpmisusbol/sitios/sis.ccc.edu.bo/laravel/vendor/laravel/framework/src/Illuminate/Pipeline/Pipeline.php(148): Illuminate\Foundation\Http\Middleware\TransformsRequest->handle(Object(Illuminate\Http\Request), Object(Closure))
#55 /home/cpmisusbol/sitios/sis.ccc.edu.bo/laravel/vendor/laravel/framework/src/Illuminate/Routing/Pipeline.php(53): Illuminate\Pipeline\Pipeline->Illuminate\Pipeline\{closure}(Object(Illuminate\Http\Request))
#56 /home/cpmisusbol/sitios/sis.ccc.edu.bo/laravel/vendor/laravel/framework/src/Illuminate/Foundation/Http/Middleware/CheckForMaintenanceMode.php(46): Illuminate\Routing\Pipeline->Illuminate\Routing\{closure}(Object(Illuminate\Http\Request))
#57 /home/cpmisusbol/sitios/sis.ccc.edu.bo/laravel/vendor/laravel/framework/src/Illuminate/Pipeline/Pipeline.php(148): Illuminate\Foundation\Http\Middleware\CheckForMaintenanceMode->handle(Object(Illuminate\Http\Request), Object(Closure))
#58 /home/cpmisusbol/sitios/sis.ccc.edu.bo/laravel/vendor/laravel/framework/src/Illuminate/Routing/Pipeline.php(53): Illuminate\Pipeline\Pipeline->Illuminate\Pipeline\{closure}(Object(Illuminate\Http\Request))
#59 /home/cpmisusbol/sitios/sis.ccc.edu.bo/laravel/vendor/laravel/framework/src/Illuminate/Pipeline/Pipeline.php(102): Illuminate\Routing\Pipeline->Illuminate\Routing\{closure}(Object(Illuminate\Http\Request))
#60 /home/cpmisusbol/sitios/sis.ccc.edu.bo/laravel/vendor/laravel/framework/src/Illuminate/Foundation/Http/Kernel.php(149): Illuminate\Pipeline\Pipeline->then(Object(Closure))
#61 /home/cpmisusbol/sitios/sis.ccc.edu.bo/laravel/vendor/laravel/framework/src/Illuminate/Foundation/Http/Kernel.php(116): Illuminate\Foundation\Http\Kernel->sendRequestThroughRouter(Object(Illuminate\Http\Request))
#62 /home/cpmisusbol/sitios/sis.ccc.edu.bo/laravel/public/index.php(53): Illuminate\Foundation\Http\Kernel->handle(Object(Illuminate\Http\Request))
#63 {main}

Next ErrorException: Division by zero (View: /home/cpmisusbol/sitios/sis.ccc.edu.bo/laravel/resources/views/layouts_sisccc/partials/pagsis_charts_js.blade.php) in /home/cpmisusbol/sitios/sis.ccc.edu.bo/laravel/storage/framework/views/6047876d5a87a4d31f4387120185d2740d0e7fe6.php:91
Stack trace:
#0 /home/cpmisusbol/sitios/sis.ccc.edu.bo/laravel/vendor/laravel/framework/src/Illuminate/View/Engines/PhpEngine.php(44): Illuminate\View\Engines\CompilerEngine->handleViewException(Object(ErrorException), 2)
#1 /home/cpmisusbol/sitios/sis.ccc.edu.bo/laravel/vendor/laravel/framework/src/Illuminate/View/Engines/CompilerEngine.php(59): Illuminate\View\Engines\PhpEngine->evaluatePath('/home/cpmisusbo...', Array)
#2 /home/cpmisusbol/sitios/sis.ccc.edu.bo/laravel/vendor/laravel/framework/src/Illuminate/View/View.php(137): Illuminate\View\Engines\CompilerEngine->get('/home/cpmisusbo...', Array)
#3 /home/cpmisusbol/sitios/sis.ccc.edu.bo/laravel/vendor/laravel/framework/src/Illuminate/View/View.php(120): Illuminate\View\View->getContents()
#4 /home/cpmisusbol/sitios/sis.ccc.edu.bo/laravel/vendor/laravel/framework/src/Illuminate/View/View.php(85): Illuminate\View\View->renderContents()
#5 /home/cpmisusbol/sitios/sis.ccc.edu.bo/laravel/storage/framework/views/2b70c2a5dcac30d2d826ea90535e139d8d21ce91.php(94): Illuminate\View\View->render()
#6 /home/cpmisusbol/sitios/sis.ccc.edu.bo/laravel/vendor/laravel/framework/src/Illuminate/View/Engines/PhpEngine.php(42): include('/home/cpmisusbo...')
#7 /home/cpmisusbol/sitios/sis.ccc.edu.bo/laravel/vendor/laravel/framework/src/Illuminate/View/Engines/CompilerEngine.php(59): Illuminate\View\Engines\PhpEngine->evaluatePath('/home/cpmisusbo...', Array)
#8 /home/cpmisusbol/sitios/sis.ccc.edu.bo/laravel/vendor/laravel/framework/src/Illuminate/View/View.php(137): Illuminate\View\Engines\CompilerEngine->get('/home/cpmisusbo...', Array)
#9 /home/cpmisusbol/sitios/sis.ccc.edu.bo/laravel/vendor/laravel/framework/src/Illuminate/View/View.php(120): Illuminate\View\View->getContents()
#10 /home/cpmisusbol/sitios/sis.ccc.edu.bo/laravel/vendor/laravel/framework/src/Illuminate/View/View.php(85): Illuminate\View\View->renderContents()
#11 /home/cpmisusbol/sitios/sis.ccc.edu.bo/laravel/storage/framework/views/ca4a411b6ba63fbfe674705b97bd9198a43ea1b8.php(231): Illuminate\View\View->render()
#12 /home/cpmisusbol/sitios/sis.ccc.edu.bo/laravel/vendor/laravel/framework/src/Illuminate/View/Engines/PhpEngine.php(42): include('/home/cpmisusbo...')
#13 /home/cpmisusbol/sitios/sis.ccc.edu.bo/laravel/vendor/laravel/framework/src/Illuminate/View/Engines/CompilerEngine.php(59): Illuminate\View\Engines\PhpEngine->evaluatePath('/home/cpmisusbo...', Array)
#14 /home/cpmisusbol/sitios/sis.ccc.edu.bo/laravel/vendor/laravel/framework/src/Illuminate/View/View.php(137): Illuminate\View\Engines\CompilerEngine->get('/home/cpmisusbo...', Array)
#15 /home/cpmisusbol/sitios/sis.ccc.edu.bo/laravel/vendor/laravel/framework/src/Illuminate/View/View.php(120): Illuminate\View\View->getContents()
#16 /home/cpmisusbol/sitios/sis.ccc.edu.bo/laravel/vendor/laravel/framework/src/Illuminate/View/View.php(85): Illuminate\View\View->renderContents()
#17 /home/cpmisusbol/sitios/sis.ccc.edu.bo/laravel/vendor/laravel/framework/src/Illuminate/Http/Response.php(38): Illuminate\View\View->render()
#18 /home/cpmisusbol/sitios/sis.ccc.edu.bo/laravel/vendor/symfony/http-foundation/Response.php(225): Illuminate\Http\Response->setContent(Object(Illuminate\View\View))
#19 /home/cpmisusbol/sitios/sis.ccc.edu.bo/laravel/vendor/laravel/framework/src/Illuminate/Routing/Router.php(602): Symfony\Component\HttpFoundation\Response->__construct(Object(Illuminate\View\View))
#20 /home/cpmisusbol/sitios/sis.ccc.edu.bo/laravel/vendor/laravel/framework/src/Illuminate/Routing/Router.php(559): Illuminate\Routing\Router->prepareResponse(Object(Illuminate\Http\Request), Object(Illuminate\View\View))
#21 /home/cpmisusbol/sitios/sis.ccc.edu.bo/laravel/vendor/laravel/framework/src/Illuminate/Routing/Pipeline.php(30): Illuminate\Routing\Router->Illuminate\Routing\{closure}(Object(Illuminate\Http\Request))
#22 /home/cpmisusbol/sitios/sis.ccc.edu.bo/laravel/vendor/laravel/framework/src/Illuminate/Auth/Middleware/Authorize.php(57): Illuminate\Routing\Pipeline->Illuminate\Routing\{closure}(Object(Illuminate\Http\Request))
#23 /home/cpmisusbol/sitios/sis.ccc.edu.bo/laravel/vendor/laravel/framework/src/Illuminate/Pipeline/Pipeline.php(148): Illuminate\Auth\Middleware\Authorize->handle(Object(Illuminate\Http\Request), Object(Closure), 'usu_admtr')
#24 /home/cpmisusbol/sitios/sis.ccc.edu.bo/laravel/vendor/laravel/framework/src/Illuminate/Routing/Pipeline.php(53): Illuminate\Pipeline\Pipeline->Illuminate\Pipeline\{closure}(Object(Illuminate\Http\Request))
#25 /home/cpmisusbol/sitios/sis.ccc.edu.bo/laravel/vendor/laravel/framework/src/Illuminate/Routing/Middleware/SubstituteBindings.php(41): Illuminate\Routing\Pipeline->Illuminate\Routing\{closure}(Object(Illuminate\Http\Request))
#26 /home/cpmisusbol/sitios/sis.ccc.edu.bo/laravel/vendor/laravel/framework/src/Illuminate/Pipeline/Pipeline.php(148): Illuminate\Routing\Middleware\SubstituteBindings->handle(Object(Illuminate\Http\Request), Object(Closure))
#27 /home/cpmisusbol/sitios/sis.ccc.edu.bo/laravel/vendor/laravel/framework/src/Illuminate/Routing/Pipeline.php(53): Illuminate\Pipeline\Pipeline->Illuminate\Pipeline\{closure}(Object(Illuminate\Http\Request))
#28 /home/cpmisusbol/sitios/sis.ccc.edu.bo/laravel/vendor/laravel/framework/src/Illuminate/Auth/Middleware/Authenticate.php(43): Illuminate\Routing\Pipeline->Illuminate\Routing\{closure}(Object(Illuminate\Http\Request))
#29 /home/cpmisusbol/sitios/sis.ccc.edu.bo/laravel/vendor/laravel/framework/src/Illuminate/Pipeline/Pipeline.php(148): Illuminate\Auth\Middleware\Authenticate->handle(Object(Illuminate\Http\Request), Object(Closure))
#30 /home/cpmisusbol/sitios/sis.ccc.edu.bo/laravel/vendor/laravel/framework/src/Illuminate/Routing/Pipeline.php(53): Illuminate\Pipeline\Pipeline->Illuminate\Pipeline\{closure}(Object(Illuminate\Http\Request))
#31 /home/cpmisusbol/sitios/sis.ccc.edu.bo/laravel/vendor/laravel/framework/src/Illuminate/Foundation/Http/Middleware/VerifyCsrfToken.php(65): Illuminate\Routing\Pipeline->Illuminate\Routing\{closure}(Object(Illuminate\Http\Request))
#32 /home/cpmisusbol/sitios/sis.ccc.edu.bo/laravel/vendor/laravel/framework/src/Illuminate/Pipeline/Pipeline.php(148): Illuminate\Foundation\Http\Middleware\VerifyCsrfToken->handle(Object(Illuminate\Http\Request), Object(Closure))
#33 /home/cpmisusbol/sitios/sis.ccc.edu.bo/laravel/vendor/laravel/framework/src/Illuminate/Routing/Pipeline.php(53): Illuminate\Pipeline\Pipeline->Illuminate\Pipeline\{closure}(Object(Illuminate\Http\Request))
#34 /home/cpmisusbol/sitios/sis.ccc.edu.bo/laravel/vendor/laravel/framework/src/Illuminate/View/Middleware/ShareErrorsFromSession.php(49): Illuminate\Routing\Pipeline->Illuminate\Routing\{closure}(Object(Illuminate\Http\Request))
#35 /home/cpmisusbol/sitios/sis.ccc.edu.bo/laravel/vendor/laravel/framework/src/Illuminate/Pipeline/Pipeline.php(148): Illuminate\View\Middleware\ShareErrorsFromSession->handle(Object(Illuminate\Http\Request), Object(Closure))
#36 /home/cpmisusbol/sitios/sis.ccc.edu.bo/laravel/vendor/laravel/framework/src/Illuminate/Routing/Pipeline.php(53): Illuminate\Pipeline\Pipeline->Illuminate\Pipeline\{closure}(Object(Illuminate\Http\Request))
#37 /home/cpmisusbol/sitios/sis.ccc.edu.bo/laravel/vendor/laravel/framework/src/Illuminate/Session/Middleware/StartSession.php(64): Illuminate\Routing\Pipeline->Illuminate\Routing\{closure}(Object(Illuminate\Http\Request))
#38 /home/cpmisusbol/sitios/sis.ccc.edu.bo/laravel/vendor/laravel/framework/src/Illuminate/Pipeline/Pipeline.php(148): Illuminate\Session\Middleware\StartSession->handle(Object(Illuminate\Http\Request), Object(Closure))
#39 /home/cpmisusbol/sitios/sis.ccc.edu.bo/laravel/vendor/laravel/framework/src/Illuminate/Routing/Pipeline.php(53): Illuminate\Pipeline\Pipeline->Illuminate\Pipeline\{closure}(Object(Illuminate\Http\Request))
#40 /home/cpmisusbol/sitios/sis.ccc.edu.bo/laravel/vendor/laravel/framework/src/Illuminate/Cookie/Middleware/AddQueuedCookiesToResponse.php(37): Illuminate\Routing\Pipeline->Illuminate\Routing\{closure}(Object(Illuminate\Http\Request))
#41 /home/cpmisusbol/sitios/sis.ccc.edu.bo/laravel/vendor/laravel/framework/src/Illuminate/Pipeline/Pipeline.php(148): Illuminate\Cookie\Middleware\AddQueuedCookiesToResponse->handle(Object(Illuminate\Http\Request), Object(Closure))
#42 /home/cpmisusbol/sitios/sis.ccc.edu.bo/laravel/vendor/laravel/framework/src/Illuminate/Routing/Pipeline.php(53): Illuminate\Pipeline\Pipeline->Illuminate\Pipeline\{closure}(Object(Illuminate\Http\Request))
#43 /home/cpmisusbol/sitios/sis.ccc.edu.bo/laravel/vendor/laravel/framework/src/Illuminate/Cookie/Middleware/EncryptCookies.php(59): Illuminate\Routing\Pipeline->Illuminate\Routing\{closure}(Object(Illuminate\Http\Request))
#44 /home/cpmisusbol/sitios/sis.ccc.edu.bo/laravel/vendor/laravel/framework/src/Illuminate/Pipeline/Pipeline.php(148): Illuminate\Cookie\Middleware\EncryptCookies->handle(Object(Illuminate\Http\Request), Object(Closure))
#45 /home/cpmisusbol/sitios/sis.ccc.edu.bo/laravel/vendor/laravel/framework/src/Illuminate/Routing/Pipeline.php(53): Illuminate\Pipeline\Pipeline->Illuminate\Pipeline\{closure}(Object(Illuminate\Http\Request))
#46 /home/cpmisusbol/sitios/sis.ccc.edu.bo/laravel/vendor/laravel/framework/src/Illuminate/Pipeline/Pipeline.php(102): Illuminate\Routing\Pipeline->Illuminate\Routing\{closure}(Object(Illuminate\Http\Request))
#47 /home/cpmisusbol/sitios/sis.ccc.edu.bo/laravel/vendor/laravel/framework/src/Illuminate/Routing/Router.php(561): Illuminate\Pipeline\Pipeline->then(Object(Closure))
#48 /home/cpmisusbol/sitios/sis.ccc.edu.bo/laravel/vendor/laravel/framework/src/Illuminate/Routing/Router.php(520): Illuminate\Routing\Router->runRouteWithinStack(Object(Illuminate\Routing\Route), Object(Illuminate\Http\Request))
#49 /home/cpmisusbol/sitios/sis.ccc.edu.bo/laravel/vendor/laravel/framework/src/Illuminate/Routing/Router.php(498): Illuminate\Routing\Router->dispatchToRoute(Object(Illuminate\Http\Request))
#50 /home/cpmisusbol/sitios/sis.ccc.edu.bo/laravel/vendor/laravel/framework/src/Illuminate/Foundation/Http/Kernel.php(174): Illuminate\Routing\Router->dispatch(Object(Illuminate\Http\Request))
#51 /home/cpmisusbol/sitios/sis.ccc.edu.bo/laravel/vendor/laravel/framework/src/Illuminate/Routing/Pipeline.php(30): Illuminate\Foundation\Http\Kernel->Illuminate\Foundation\Http\{closure}(Object(Illuminate\Http\Request))
#52 /home/cpmisusbol/sitios/sis.ccc.edu.bo/laravel/vendor/laravel/framework/src/Illuminate/Foundation/Http/Middleware/TransformsRequest.php(30): Illuminate\Routing\Pipeline->Illuminate\Routing\{closure}(Object(Illuminate\Http\Request))
#53 /home/cpmisusbol/sitios/sis.ccc.edu.bo/laravel/vendor/laravel/framework/src/Illuminate/Pipeline/Pipeline.php(148): Illuminate\Foundation\Http\Middleware\TransformsRequest->handle(Object(Illuminate\Http\Request), Object(Closure))
#54 /home/cpmisusbol/sitios/sis.ccc.edu.bo/laravel/vendor/laravel/framework/src/Illuminate/Routing/Pipeline.php(53): Illuminate\Pipeline\Pipeline->Illuminate\Pipeline\{closure}(Object(Illuminate\Http\Request))
#55 /home/cpmisusbol/sitios/sis.ccc.edu.bo/laravel/vendor/laravel/framework/src/Illuminate/Foundation/Http/Middleware/CheckForMaintenanceMode.php(46): Illuminate\Routing\Pipeline->Illuminate\Routing\{closure}(Object(Illuminate\Http\Request))
#56 /home/cpmisusbol/sitios/sis.ccc.edu.bo/laravel/vendor/laravel/framework/src/Illuminate/Pipeline/Pipeline.php(148): Illuminate\Foundation\Http\Middleware\CheckForMaintenanceMode->handle(Object(Illuminate\Http\Request), Object(Closure))
#57 /home/cpmisusbol/sitios/sis.ccc.edu.bo/laravel/vendor/laravel/framework/src/Illuminate/Routing/Pipeline.php(53): Illuminate\Pipeline\Pipeline->Illuminate\Pipeline\{closure}(Object(Illuminate\Http\Request))
#58 /home/cpmisusbol/sitios/sis.ccc.edu.bo/laravel/vendor/laravel/framework/src/Illuminate/Pipeline/Pipeline.php(102): Illuminate\Routing\Pipeline->Illuminate\Routing\{closure}(Object(Illuminate\Http\Request))
#59 /home/cpmisusbol/sitios/sis.ccc.edu.bo/laravel/vendor/laravel/framework/src/Illuminate/Foundation/Http/Kernel.php(149): Illuminate\Pipeline\Pipeline->then(Object(Closure))
#60 /home/cpmisusbol/sitios/sis.ccc.edu.bo/laravel/vendor/laravel/framework/src/Illuminate/Foundation/Http/Kernel.php(116): Illuminate\Foundation\Http\Kernel->sendRequestThroughRouter(Object(Illuminate\Http\Request))
#61 /home/cpmisusbol/sitios/sis.ccc.edu.bo/laravel/public/index.php(53): Illuminate\Foundation\Http\Kernel->handle(Object(Illuminate\Http\Request))
#62 {main}

Next ErrorException: Division by zero (View: /home/cpmisusbol/sitios/sis.ccc.edu.bo/laravel/resources/views/layouts_sisccc/partials/pagsis_charts_js.blade.php) (View: /home/cpmisusbol/sitios/sis.ccc.edu.bo/laravel/resources/views/layouts_sisccc/partials/pagsis_charts_js.blade.php) in /home/cpmisusbol/sitios/sis.ccc.edu.bo/laravel/storage/framework/views/6047876d5a87a4d31f4387120185d2740d0e7fe6.php:91
Stack trace:
#0 /home/cpmisusbol/sitios/sis.ccc.edu.bo/laravel/vendor/laravel/framework/src/Illuminate/View/Engines/PhpEngine.php(44): Illuminate\View\Engines\CompilerEngine->handleViewException(Object(ErrorException), 1)
#1 /home/cpmisusbol/sitios/sis.ccc.edu.bo/laravel/vendor/laravel/framework/src/Illuminate/View/Engines/CompilerEngine.php(59): Illuminate\View\Engines\PhpEngine->evaluatePath('/home/cpmisusbo...', Array)
#2 /home/cpmisusbol/sitios/sis.ccc.edu.bo/laravel/vendor/laravel/framework/src/Illuminate/View/View.php(137): Illuminate\View\Engines\CompilerEngine->get('/home/cpmisusbo...', Array)
#3 /home/cpmisusbol/sitios/sis.ccc.edu.bo/laravel/vendor/laravel/framework/src/Illuminate/View/View.php(120): Illuminate\View\View->getContents()
#4 /home/cpmisusbol/sitios/sis.ccc.edu.bo/laravel/vendor/laravel/framework/src/Illuminate/View/View.php(85): Illuminate\View\View->renderContents()
#5 /home/cpmisusbol/sitios/sis.ccc.edu.bo/laravel/storage/framework/views/ca4a411b6ba63fbfe674705b97bd9198a43ea1b8.php(231): Illuminate\View\View->render()
#6 /home/cpmisusbol/sitios/sis.ccc.edu.bo/laravel/vendor/laravel/framework/src/Illuminate/View/Engines/PhpEngine.php(42): include('/home/cpmisusbo...')
#7 /home/cpmisusbol/sitios/sis.ccc.edu.bo/laravel/vendor/laravel/framework/src/Illuminate/View/Engines/CompilerEngine.php(59): Illuminate\View\Engines\PhpEngine->evaluatePath('/home/cpmisusbo...', Array)
#8 /home/cpmisusbol/sitios/sis.ccc.edu.bo/laravel/vendor/laravel/framework/src/Illuminate/View/View.php(137): Illuminate\View\Engines\CompilerEngine->get('/home/cpmisusbo...', Array)
#9 /home/cpmisusbol/sitios/sis.ccc.edu.bo/laravel/vendor/laravel/framework/src/Illuminate/View/View.php(120): Illuminate\View\View->getContents()
#10 /home/cpmisusbol/sitios/sis.ccc.edu.bo/laravel/vendor/laravel/framework/src/Illuminate/View/View.php(85): Illuminate\View\View->renderContents()
#11 /home/cpmisusbol/sitios/sis.ccc.edu.bo/laravel/vendor/laravel/framework/src/Illuminate/Http/Response.php(38): Illuminate\View\View->render()
#12 /home/cpmisusbol/sitios/sis.ccc.edu.bo/laravel/vendor/symfony/http-foundation/Response.php(225): Illuminate\Http\Response->setContent(Object(Illuminate\View\View))
#13 /home/cpmisusbol/sitios/sis.ccc.edu.bo/laravel/vendor/laravel/framework/src/Illuminate/Routing/Router.php(602): Symfony\Component\HttpFoundation\Response->__construct(Object(Illuminate\View\View))
#14 /home/cpmisusbol/sitios/sis.ccc.edu.bo/laravel/vendor/laravel/framework/src/Illuminate/Routing/Router.php(559): Illuminate\Routing\Router->prepareResponse(Object(Illuminate\Http\Request), Object(Illuminate\View\View))
#15 /home/cpmisusbol/sitios/sis.ccc.edu.bo/laravel/vendor/laravel/framework/src/Illuminate/Routing/Pipeline.php(30): Illuminate\Routing\Router->Illuminate\Routing\{closure}(Object(Illuminate\Http\Request))
#16 /home/cpmisusbol/sitios/sis.ccc.edu.bo/laravel/vendor/laravel/framework/src/Illuminate/Auth/Middleware/Authorize.php(57): Illuminate\Routing\Pipeline->Illuminate\Routing\{closure}(Object(Illuminate\Http\Request))
#17 /home/cpmisusbol/sitios/sis.ccc.edu.bo/laravel/vendor/laravel/framework/src/Illuminate/Pipeline/Pipeline.php(148): Illuminate\Auth\Middleware\Authorize->handle(Object(Illuminate\Http\Request), Object(Closure), 'usu_admtr')
#18 /home/cpmisusbol/sitios/sis.ccc.edu.bo/laravel/vendor/laravel/framework/src/Illuminate/Routing/Pipeline.php(53): Illuminate\Pipeline\Pipeline->Illuminate\Pipeline\{closure}(Object(Illuminate\Http\Request))
#19 /home/cpmisusbol/sitios/sis.ccc.edu.bo/laravel/vendor/laravel/framework/src/Illuminate/Routing/Middleware/SubstituteBindings.php(41): Illuminate\Routing\Pipeline->Illuminate\Routing\{closure}(Object(Illuminate\Http\Request))
#20 /home/cpmisusbol/sitios/sis.ccc.edu.bo/laravel/vendor/laravel/framework/src/Illuminate/Pipeline/Pipeline.php(148): Illuminate\Routing\Middleware\SubstituteBindings->handle(Object(Illuminate\Http\Request), Object(Closure))
#21 /home/cpmisusbol/sitios/sis.ccc.edu.bo/laravel/vendor/laravel/framework/src/Illuminate/Routing/Pipeline.php(53): Illuminate\Pipeline\Pipeline->Illuminate\Pipeline\{closure}(Object(Illuminate\Http\Request))
#22 /home/cpmisusbol/sitios/sis.ccc.edu.bo/laravel/vendor/laravel/framework/src/Illuminate/Auth/Middleware/Authenticate.php(43): Illuminate\Routing\Pipeline->Illuminate\Routing\{closure}(Object(Illuminate\Http\Request))
#23 /home/cpmisusbol/sitios/sis.ccc.edu.bo/laravel/vendor/laravel/framework/src/Illuminate/Pipeline/Pipeline.php(148): Illuminate\Auth\Middleware\Authenticate->handle(Object(Illuminate\Http\Request), Object(Closure))
#24 /home/cpmisusbol/sitios/sis.ccc.edu.bo/laravel/vendor/laravel/framework/src/Illuminate/Routing/Pipeline.php(53): Illuminate\Pipeline\Pipeline->Illuminate\Pipeline\{closure}(Object(Illuminate\Http\Request))
#25 /home/cpmisusbol/sitios/sis.ccc.edu.bo/laravel/vendor/laravel/framework/src/Illuminate/Foundation/Http/Middleware/VerifyCsrfToken.php(65): Illuminate\Routing\Pipeline->Illuminate\Routing\{closure}(Object(Illuminate\Http\Request))
#26 /home/cpmisusbol/sitios/sis.ccc.edu.bo/laravel/vendor/laravel/framework/src/Illuminate/Pipeline/Pipeline.php(148): Illuminate\Foundation\Http\Middleware\VerifyCsrfToken->handle(Object(Illuminate\Http\Request), Object(Closure))
#27 /home/cpmisusbol/sitios/sis.ccc.edu.bo/laravel/vendor/laravel/framework/src/Illuminate/Routing/Pipeline.php(53): Illuminate\Pipeline\Pipeline->Illuminate\Pipeline\{closure}(Object(Illuminate\Http\Request))
#28 /home/cpmisusbol/sitios/sis.ccc.edu.bo/laravel/vendor/laravel/framework/src/Illuminate/View/Middleware/ShareErrorsFromSession.php(49): Illuminate\Routing\Pipeline->Illuminate\Routing\{closure}(Object(Illuminate\Http\Request))
#29 /home/cpmisusbol/sitios/sis.ccc.edu.bo/laravel/vendor/laravel/framework/src/Illuminate/Pipeline/Pipeline.php(148): Illuminate\View\Middleware\ShareErrorsFromSession->handle(Object(Illuminate\Http\Request), Object(Closure))
#30 /home/cpmisusbol/sitios/sis.ccc.edu.bo/laravel/vendor/laravel/framework/src/Illuminate/Routing/Pipeline.php(53): Illuminate\Pipeline\Pipeline->Illuminate\Pipeline\{closure}(Object(Illuminate\Http\Request))
#31 /home/cpmisusbol/sitios/sis.ccc.edu.bo/laravel/vendor/laravel/framework/src/Illuminate/Session/Middleware/StartSession.php(64): Illuminate\Routing\Pipeline->Illuminate\Routing\{closure}(Object(Illuminate\Http\Request))
#32 /home/cpmisusbol/sitios/sis.ccc.edu.bo/laravel/vendor/laravel/framework/src/Illuminate/Pipeline/Pipeline.php(148): Illuminate\Session\Middleware\StartSession->handle(Object(Illuminate\Http\Request), Object(Closure))
#33 /home/cpmisusbol/sitios/sis.ccc.edu.bo/laravel/vendor/laravel/framework/src/Illuminate/Routing/Pipeline.php(53): Illuminate\Pipeline\Pipeline->Illuminate\Pipeline\{closure}(Object(Illuminate\Http\Request))
#34 /home/cpmisusbol/sitios/sis.ccc.edu.bo/laravel/vendor/laravel/framework/src/Illuminate/Cookie/Middleware/AddQueuedCookiesToResponse.php(37): Illuminate\Routing\Pipeline->Illuminate\Routing\{closure}(Object(Illuminate\Http\Request))
#35 /home/cpmisusbol/sitios/sis.ccc.edu.bo/laravel/vendor/laravel/framework/src/Illuminate/Pipeline/Pipeline.php(148): Illuminate\Cookie\Middleware\AddQueuedCookiesToResponse->handle(Object(Illuminate\Http\Request), Object(Closure))
#36 /home/cpmisusbol/sitios/sis.ccc.edu.bo/laravel/vendor/laravel/framework/src/Illuminate/Routing/Pipeline.php(53): Illuminate\Pipeline\Pipeline->Illuminate\Pipeline\{closure}(Object(Illuminate\Http\Request))
#37 /home/cpmisusbol/sitios/sis.ccc.edu.bo/laravel/vendor/laravel/framework/src/Illuminate/Cookie/Middleware/EncryptCookies.php(59): Illuminate\Routing\Pipeline->Illuminate\Routing\{closure}(Object(Illuminate\Http\Request))
#38 /home/cpmisusbol/sitios/sis.ccc.edu.bo/laravel/vendor/laravel/framework/src/Illuminate/Pipeline/Pipeline.php(148): Illuminate\Cookie\Middleware\EncryptCookies->handle(Object(Illuminate\Http\Request), Object(Closure))
#39 /home/cpmisusbol/sitios/sis.ccc.edu.bo/laravel/vendor/laravel/framework/src/Illuminate/Routing/Pipeline.php(53): Illuminate\Pipeline\Pipeline->Illuminate\Pipeline\{closure}(Object(Illuminate\Http\Request))
#40 /home/cpmisusbol/sitios/sis.ccc.edu.bo/laravel/vendor/laravel/framework/src/Illuminate/Pipeline/Pipeline.php(102): Illuminate\Routing\Pipeline->Illuminate\Routing\{closure}(Object(Illuminate\Http\Request))
#41 /home/cpmisusbol/sitios/sis.ccc.edu.bo/laravel/vendor/laravel/framework/src/Illuminate/Routing/Router.php(561): Illuminate\Pipeline\Pipeline->then(Object(Closure))
#42 /home/cpmisusbol/sitios/sis.ccc.edu.bo/laravel/vendor/laravel/framework/src/Illuminate/Routing/Router.php(520): Illuminate\Routing\Router->runRouteWithinStack(Object(Illuminate\Routing\Route), Object(Illuminate\Http\Request))
#43 /home/cpmisusbol/sitios/sis.ccc.edu.bo/laravel/vendor/laravel/framework/src/Illuminate/Routing/Router.php(498): Illuminate\Routing\Router->dispatchToRoute(Object(Illuminate\Http\Request))
#44 /home/cpmisusbol/sitios/sis.ccc.edu.bo/laravel/vendor/laravel/framework/src/Illuminate/Foundation/Http/Kernel.php(174): Illuminate\Routing\Router->dispatch(Object(Illuminate\Http\Request))
#45 /home/cpmisusbol/sitios/sis.ccc.edu.bo/laravel/vendor/laravel/framework/src/Illuminate/Routing/Pipeline.php(30): Illuminate\Foundation\Http\Kernel->Illuminate\Foundation\Http\{closure}(Object(Illuminate\Http\Request))
#46 /home/cpmisusbol/sitios/sis.ccc.edu.bo/laravel/vendor/laravel/framework/src/Illuminate/Foundation/Http/Middleware/TransformsRequest.php(30): Illuminate\Routing\Pipeline->Illuminate\Routing\{closure}(Object(Illuminate\Http\Request))
#47 /home/cpmisusbol/sitios/sis.ccc.edu.bo/laravel/vendor/laravel/framework/src/Illuminate/Pipeline/Pipeline.php(148): Illuminate\Foundation\Http\Middleware\TransformsRequest->handle(Object(Illuminate\Http\Request), Object(Closure))
#48 /home/cpmisusbol/sitios/sis.ccc.edu.bo/laravel/vendor/laravel/framework/src/Illuminate/Routing/Pipeline.php(53): Illuminate\Pipeline\Pipeline->Illuminate\Pipeline\{closure}(Object(Illuminate\Http\Request))
#49 /home/cpmisusbol/sitios/sis.ccc.edu.bo/laravel/vendor/laravel/framework/src/Illuminate/Foundation/Http/Middleware/CheckForMaintenanceMode.php(46): Illuminate\Routing\Pipeline->Illuminate\Routing\{closure}(Object(Illuminate\Http\Request))
#50 /home/cpmisusbol/sitios/sis.ccc.edu.bo/laravel/vendor/laravel/framework/src/Illuminate/Pipeline/Pipeline.php(148): Illuminate\Foundation\Http\Middleware\CheckForMaintenanceMode->handle(Object(Illuminate\Http\Request), Object(Closure))
#51 /home/cpmisusbol/sitios/sis.ccc.edu.bo/laravel/vendor/laravel/framework/src/Illuminate/Routing/Pipeline.php(53): Illuminate\Pipeline\Pipeline->Illuminate\Pipeline\{closure}(Object(Illuminate\Http\Request))
#52 /home/cpmisusbol/sitios/sis.ccc.edu.bo/laravel/vendor/laravel/framework/src/Illuminate/Pipeline/Pipeline.php(102): Illuminate\Routing\Pipeline->Illuminate\Routing\{closure}(Object(Illuminate\Http\Request))
#53 /home/cpmisusbol/sitios/sis.ccc.edu.bo/laravel/vendor/laravel/framework/src/Illuminate/Foundation/Http/Kernel.php(149): Illuminate\Pipeline\Pipeline->then(Object(Closure))
#54 /home/cpmisusbol/sitios/sis.ccc.edu.bo/laravel/vendor/laravel/framework/src/Illuminate/Foundation/Http/Kernel.php(116): Illuminate\Foundation\Http\Kernel->sendRequestThroughRouter(Object(Illuminate\Http\Request))
#55 /home/cpmisusbol/sitios/sis.ccc.edu.bo/laravel/public/index.php(53): Illuminate\Foundation\Http\Kernel->handle(Object(Illuminate\Http\Request))
#56 {main}

Next ErrorException: Division by zero (View: /home/cpmisusbol/sitios/sis.ccc.edu.bo/laravel/resources/views/layouts_sisccc/partials/pagsis_charts_js.blade.php) (View: /home/cpmisusbol/sitios/sis.ccc.edu.bo/laravel/resources/views/layouts_sisccc/partials/pagsis_charts_js.blade.php) (View: /home/cpmisusbol/sitios/sis.ccc.edu.bo/laravel/resources/views/layouts_sisccc/partials/pagsis_charts_js.blade.php) in /home/cpmisusbol/sitios/sis.ccc.edu.bo/laravel/storage/framework/views/6047876d5a87a4d31f4387120185d2740d0e7fe6.php:91
Stack trace:
#0 /home/cpmisusbol/sitios/sis.ccc.edu.bo/laravel/vendor/laravel/framework/src/Illuminate/View/Engines/PhpEngine.php(44): Illuminate\View\Engines\CompilerEngine->handleViewException(Object(ErrorException), 0)
#1 /home/cpmisusbol/sitios/sis.ccc.edu.bo/laravel/vendor/laravel/framework/src/Illuminate/View/Engines/CompilerEngine.php(59): Illuminate\View\Engines\PhpEngine->evaluatePath('/home/cpmisusbo...', Array)
#2 /home/cpmisusbol/sitios/sis.ccc.edu.bo/laravel/vendor/laravel/framework/src/Illuminate/View/View.php(137): Illuminate\View\Engines\CompilerEngine->get('/home/cpmisusbo...', Array)
#3 /home/cpmisusbol/sitios/sis.ccc.edu.bo/laravel/vendor/laravel/framework/src/Illuminate/View/View.php(120): Illuminate\View\View->getContents()
#4 /home/cpmisusbol/sitios/sis.ccc.edu.bo/laravel/vendor/laravel/framework/src/Illuminate/View/View.php(85): Illuminate\View\View->renderContents()
#5 /home/cpmisusbol/sitios/sis.ccc.edu.bo/laravel/vendor/laravel/framework/src/Illuminate/Http/Response.php(38): Illuminate\View\View->render()
#6 /home/cpmisusbol/sitios/sis.ccc.edu.bo/laravel/vendor/symfony/http-foundation/Response.php(225): Illuminate\Http\Response->setContent(Object(Illuminate\View\View))
#7 /home/cpmisusbol/sitios/sis.ccc.edu.bo/laravel/vendor/laravel/framework/src/Illuminate/Routing/Router.php(602): Symfony\Component\HttpFoundation\Response->__construct(Object(Illuminate\View\View))
#8 /home/cpmisusbol/sitios/sis.ccc.edu.bo/laravel/vendor/laravel/framework/src/Illuminate/Routing/Router.php(559): Illuminate\Routing\Router->prepareResponse(Object(Illuminate\Http\Request), Object(Illuminate\View\View))
#9 /home/cpmisusbol/sitios/sis.ccc.edu.bo/laravel/vendor/laravel/framework/src/Illuminate/Routing/Pipeline.php(30): Illuminate\Routing\Router->Illuminate\Routing\{closure}(Object(Illuminate\Http\Request))
#10 /home/cpmisusbol/sitios/sis.ccc.edu.bo/laravel/vendor/laravel/framework/src/Illuminate/Auth/Middleware/Authorize.php(57): Illuminate\Routing\Pipeline->Illuminate\Routing\{closure}(Object(Illuminate\Http\Request))
#11 /home/cpmisusbol/sitios/sis.ccc.edu.bo/laravel/vendor/laravel/framework/src/Illuminate/Pipeline/Pipeline.php(148): Illuminate\Auth\Middleware\Authorize->handle(Object(Illuminate\Http\Request), Object(Closure), 'usu_admtr')
#12 /home/cpmisusbol/sitios/sis.ccc.edu.bo/laravel/vendor/laravel/framework/src/Illuminate/Routing/Pipeline.php(53): Illuminate\Pipeline\Pipeline->Illuminate\Pipeline\{closure}(Object(Illuminate\Http\Request))
#13 /home/cpmisusbol/sitios/sis.ccc.edu.bo/laravel/vendor/laravel/framework/src/Illuminate/Routing/Middleware/SubstituteBindings.php(41): Illuminate\Routing\Pipeline->Illuminate\Routing\{closure}(Object(Illuminate\Http\Request))
#14 /home/cpmisusbol/sitios/sis.ccc.edu.bo/laravel/vendor/laravel/framework/src/Illuminate/Pipeline/Pipeline.php(148): Illuminate\Routing\Middleware\SubstituteBindings->handle(Object(Illuminate\Http\Request), Object(Closure))
#15 /home/cpmisusbol/sitios/sis.ccc.edu.bo/laravel/vendor/laravel/framework/src/Illuminate/Routing/Pipeline.php(53): Illuminate\Pipeline\Pipeline->Illuminate\Pipeline\{closure}(Object(Illuminate\Http\Request))
#16 /home/cpmisusbol/sitios/sis.ccc.edu.bo/laravel/vendor/laravel/framework/src/Illuminate/Auth/Middleware/Authenticate.php(43): Illuminate\Routing\Pipeline->Illuminate\Routing\{closure}(Object(Illuminate\Http\Request))
#17 /home/cpmisusbol/sitios/sis.ccc.edu.bo/laravel/vendor/laravel/framework/src/Illuminate/Pipeline/Pipeline.php(148): Illuminate\Auth\Middleware\Authenticate->handle(Object(Illuminate\Http\Request), Object(Closure))
#18 /home/cpmisusbol/sitios/sis.ccc.edu.bo/laravel/vendor/laravel/framework/src/Illuminate/Routing/Pipeline.php(53): Illuminate\Pipeline\Pipeline->Illuminate\Pipeline\{closure}(Object(Illuminate\Http\Request))
#19 /home/cpmisusbol/sitios/sis.ccc.edu.bo/laravel/vendor/laravel/framework/src/Illuminate/Foundation/Http/Middleware/VerifyCsrfToken.php(65): Illuminate\Routing\Pipeline->Illuminate\Routing\{closure}(Object(Illuminate\Http\Request))
#20 /home/cpmisusbol/sitios/sis.ccc.edu.bo/laravel/vendor/laravel/framework/src/Illuminate/Pipeline/Pipeline.php(148): Illuminate\Foundation\Http\Middleware\VerifyCsrfToken->handle(Object(Illuminate\Http\Request), Object(Closure))
#21 /home/cpmisusbol/sitios/sis.ccc.edu.bo/laravel/vendor/laravel/framework/src/Illuminate/Routing/Pipeline.php(53): Illuminate\Pipeline\Pipeline->Illuminate\Pipeline\{closure}(Object(Illuminate\Http\Request))
#22 /home/cpmisusbol/sitios/sis.ccc.edu.bo/laravel/vendor/laravel/framework/src/Illuminate/View/Middleware/ShareErrorsFromSession.php(49): Illuminate\Routing\Pipeline->Illuminate\Routing\{closure}(Object(Illuminate\Http\Request))
#23 /home/cpmisusbol/sitios/sis.ccc.edu.bo/laravel/vendor/laravel/framework/src/Illuminate/Pipeline/Pipeline.php(148): Illuminate\View\Middleware\ShareErrorsFromSession->handle(Object(Illuminate\Http\Request), Object(Closure))
#24 /home/cpmisusbol/sitios/sis.ccc.edu.bo/laravel/vendor/laravel/framework/src/Illuminate/Routing/Pipeline.php(53): Illuminate\Pipeline\Pipeline->Illuminate\Pipeline\{closure}(Object(Illuminate\Http\Request))
#25 /home/cpmisusbol/sitios/sis.ccc.edu.bo/laravel/vendor/laravel/framework/src/Illuminate/Session/Middleware/StartSession.php(64): Illuminate\Routing\Pipeline->Illuminate\Routing\{closure}(Object(Illuminate\Http\Request))
#26 /home/cpmisusbol/sitios/sis.ccc.edu.bo/laravel/vendor/laravel/framework/src/Illuminate/Pipeline/Pipeline.php(148): Illuminate\Session\Middleware\StartSession->handle(Object(Illuminate\Http\Request), Object(Closure))
#27 /home/cpmisusbol/sitios/sis.ccc.edu.bo/laravel/vendor/laravel/framework/src/Illuminate/Routing/Pipeline.php(53): Illuminate\Pipeline\Pipeline->Illuminate\Pipeline\{closure}(Object(Illuminate\Http\Request))
#28 /home/cpmisusbol/sitios/sis.ccc.edu.bo/laravel/vendor/laravel/framework/src/Illuminate/Cookie/Middleware/AddQueuedCookiesToResponse.php(37): Illuminate\Routing\Pipeline->Illuminate\Routing\{closure}(Object(Illuminate\Http\Request))
#29 /home/cpmisusbol/sitios/sis.ccc.edu.bo/laravel/vendor/laravel/framework/src/Illuminate/Pipeline/Pipeline.php(148): Illuminate\Cookie\Middleware\AddQueuedCookiesToResponse->handle(Object(Illuminate\Http\Request), Object(Closure))
#30 /home/cpmisusbol/sitios/sis.ccc.edu.bo/laravel/vendor/laravel/framework/src/Illuminate/Routing/Pipeline.php(53): Illuminate\Pipeline\Pipeline->Illuminate\Pipeline\{closure}(Object(Illuminate\Http\Request))
#31 /home/cpmisusbol/sitios/sis.ccc.edu.bo/laravel/vendor/laravel/framework/src/Illuminate/Cookie/Middleware/EncryptCookies.php(59): Illuminate\Routing\Pipeline->Illuminate\Routing\{closure}(Object(Illuminate\Http\Request))
#32 /home/cpmisusbol/sitios/sis.ccc.edu.bo/laravel/vendor/laravel/framework/src/Illuminate/Pipeline/Pipeline.php(148): Illuminate\Cookie\Middleware\EncryptCookies->handle(Object(Illuminate\Http\Request), Object(Closure))
#33 /home/cpmisusbol/sitios/sis.ccc.edu.bo/laravel/vendor/laravel/framework/src/Illuminate/Routing/Pipeline.php(53): Illuminate\Pipeline\Pipeline->Illuminate\Pipeline\{closure}(Object(Illuminate\Http\Request))
#34 /home/cpmisusbol/sitios/sis.ccc.edu.bo/laravel/vendor/laravel/framework/src/Illuminate/Pipeline/Pipeline.php(102): Illuminate\Routing\Pipeline->Illuminate\Routing\{closure}(Object(Illuminate\Http\Request))
#35 /home/cpmisusbol/sitios/sis.ccc.edu.bo/laravel/vendor/laravel/framework/src/Illuminate/Routing/Router.php(561): Illuminate\Pipeline\Pipeline->then(Object(Closure))
#36 /home/cpmisusbol/sitios/sis.ccc.edu.bo/laravel/vendor/laravel/framework/src/Illuminate/Routing/Router.php(520): Illuminate\Routing\Router->runRouteWithinStack(Object(Illuminate\Routing\Route), Object(Illuminate\Http\Request))
#37 /home/cpmisusbol/sitios/sis.ccc.edu.bo/laravel/vendor/laravel/framework/src/Illuminate/Routing/Router.php(498): Illuminate\Routing\Router->dispatchToRoute(Object(Illuminate\Http\Request))
#38 /home/cpmisusbol/sitios/sis.ccc.edu.bo/laravel/vendor/laravel/framework/src/Illuminate/Foundation/Http/Kernel.php(174): Illuminate\Routing\Router->dispatch(Object(Illuminate\Http\Request))
#39 /home/cpmisusbol/sitios/sis.ccc.edu.bo/laravel/vendor/laravel/framework/src/Illuminate/Routing/Pipeline.php(30): Illuminate\Foundation\Http\Kernel->Illuminate\Foundation\Http\{closure}(Object(Illuminate\Http\Request))
#40 /home/cpmisusbol/sitios/sis.ccc.edu.bo/laravel/vendor/laravel/framework/src/Illuminate/Foundation/Http/Middleware/TransformsRequest.php(30): Illuminate\Routing\Pipeline->Illuminate\Routing\{closure}(Object(Illuminate\Http\Request))
#41 /home/cpmisusbol/sitios/sis.ccc.edu.bo/laravel/vendor/laravel/framework/src/Illuminate/Pipeline/Pipeline.php(148): Illuminate\Foundation\Http\Middleware\TransformsRequest->handle(Object(Illuminate\Http\Request), Object(Closure))
#42 /home/cpmisusbol/sitios/sis.ccc.edu.bo/laravel/vendor/laravel/framework/src/Illuminate/Routing/Pipeline.php(53): Illuminate\Pipeline\Pipeline->Illuminate\Pipeline\{closure}(Object(Illuminate\Http\Request))
#43 /home/cpmisusbol/sitios/sis.ccc.edu.bo/laravel/vendor/laravel/framework/src/Illuminate/Foundation/Http/Middleware/CheckForMaintenanceMode.php(46): Illuminate\Routing\Pipeline->Illuminate\Routing\{closure}(Object(Illuminate\Http\Request))
#44 /home/cpmisusbol/sitios/sis.ccc.edu.bo/laravel/vendor/laravel/framework/src/Illuminate/Pipeline/Pipeline.php(148): Illuminate\Foundation\Http\Middleware\CheckForMaintenanceMode->handle(Object(Illuminate\Http\Request), Object(Closure))
#45 /home/cpmisusbol/sitios/sis.ccc.edu.bo/laravel/vendor/laravel/framework/src/Illuminate/Routing/Pipeline.php(53): Illuminate\Pipeline\Pipeline->Illuminate\Pipeline\{closure}(Object(Illuminate\Http\Request))
#46 /home/cpmisusbol/sitios/sis.ccc.edu.bo/laravel/vendor/laravel/framework/src/Illuminate/Pipeline/Pipeline.php(102): Illuminate\Routing\Pipeline->Illuminate\Routing\{closure}(Object(Illuminate\Http\Request))
#47 /home/cpmisusbol/sitios/sis.ccc.edu.bo/laravel/vendor/laravel/framework/src/Illuminate/Foundation/Http/Kernel.php(149): Illuminate\Pipeline\Pipeline->then(Object(Closure))
#48 /home/cpmisusbol/sitios/sis.ccc.edu.bo/laravel/vendor/laravel/framework/src/Illuminate/Foundation/Http/Kernel.php(116): Illuminate\Foundation\Http\Kernel->sendRequestThroughRouter(Object(Illuminate\Http\Request))
#49 /home/cpmisusbol/sitios/sis.ccc.edu.bo/laravel/public/index.php(53): Illuminate\Foundation\Http\Kernel->handle(Object(Illuminate\Http\Request))
#50 {main}  
