[2017-07-19 16:17:19] production.INFO: El Usuario zv_nelson@ccc.edu.bo Logeado!!!   
[2017-07-19 17:47:24] production.INFO: El Usuario zv_nelson@ccc.edu.bo Logeado!!!   
[2017-07-19 20:16:48] production.ERROR: exception 'RuntimeException' with message 'The only supported ciphers are AES-128-CBC and AES-256-CBC with the correct key lengths.' in E:\Proyectos_2016\ccc\sitio\vendor\laravel\framework\src\Illuminate\Encryption\Encrypter.php:43
Stack trace:
#0 E:\Proyectos_2016\ccc\sitio\vendor\laravel\framework\src\Illuminate\Encryption\EncryptionServiceProvider.php(27): Illuminate\Encryption\Encrypter->__construct(NULL, 'AES-256-CBC')
#1 E:\Proyectos_2016\ccc\sitio\vendor\laravel\framework\src\Illuminate\Container\Container.php(716): Illuminate\Encryption\EncryptionServiceProvider->Illuminate\Encryption\{closure}(Object(Illuminate\Foundation\Application), Array)
#2 E:\Proyectos_2016\ccc\sitio\vendor\laravel\framework\src\Illuminate\Container\Container.php(598): Illuminate\Container\Container->build(Object(Closure))
#3 E:\Proyectos_2016\ccc\sitio\vendor\laravel\framework\src\Illuminate\Container\Container.php(567): Illuminate\Container\Container->resolve('encrypter')
#4 E:\Proyectos_2016\ccc\sitio\vendor\laravel\framework\src\Illuminate\Foundation\Application.php(708): Illuminate\Container\Container->make('encrypter')
#5 E:\Proyectos_2016\ccc\sitio\vendor\laravel\framework\src\Illuminate\Container\Container.php(840): Illuminate\Foundation\Application->make('Illuminate\\Cont...')
#6 E:\Proyectos_2016\ccc\sitio\vendor\laravel\framework\src\Illuminate\Container\Container.php(780): Illuminate\Container\Container->resolveClass(Object(ReflectionParameter))
#7 E:\Proyectos_2016\ccc\sitio\vendor\laravel\framework\src\Illuminate\Container\Container.php(748): Illuminate\Container\Container->resolveDependencies(Array)
#8 E:\Proyectos_2016\ccc\sitio\vendor\laravel\framework\src\Illuminate\Container\Container.php(598): Illuminate\Container\Container->build('sis_ccc\\Http\\Mi...')
#9 E:\Proyectos_2016\ccc\sitio\vendor\laravel\framework\src\Illuminate\Container\Container.php(567): Illuminate\Container\Container->resolve('sis_ccc\\Http\\Mi...')
#10 E:\Proyectos_2016\ccc\sitio\vendor\laravel\framework\src\Illuminate\Foundation\Application.php(708): Illuminate\Container\Container->make('sis_ccc\\Http\\Mi...')
#11 E:\Proyectos_2016\ccc\sitio\vendor\laravel\framework\src\Illuminate\Pipeline\Pipeline.php(138): Illuminate\Foundation\Application->make('sis_ccc\\Http\\Mi...')
#12 E:\Proyectos_2016\ccc\sitio\vendor\laravel\framework\src\Illuminate\Routing\Pipeline.php(53): Illuminate\Pipeline\Pipeline->Illuminate\Pipeline\{closure}(Object(Illuminate\Http\Request))
#13 E:\Proyectos_2016\ccc\sitio\vendor\laravel\framework\src\Illuminate\Pipeline\Pipeline.php(102): Illuminate\Routing\Pipeline->Illuminate\Routing\{closure}(Object(Illuminate\Http\Request))
#14 E:\Proyectos_2016\ccc\sitio\vendor\laravel\framework\src\Illuminate\Routing\Router.php(561): Illuminate\Pipeline\Pipeline->then(Object(Closure))
#15 E:\Proyectos_2016\ccc\sitio\vendor\laravel\framework\src\Illuminate\Routing\Router.php(520): Illuminate\Routing\Router->runRouteWithinStack(Object(Illuminate\Routing\Route), Object(Illuminate\Http\Request))
#16 E:\Proyectos_2016\ccc\sitio\vendor\laravel\framework\src\Illuminate\Routing\Router.php(498): Illuminate\Routing\Router->dispatchToRoute(Object(Illuminate\Http\Request))
#17 E:\Proyectos_2016\ccc\sitio\vendor\laravel\framework\src\Illuminate\Foundation\Http\Kernel.php(174): Illuminate\Routing\Router->dispatch(Object(Illuminate\Http\Request))
#18 E:\Proyectos_2016\ccc\sitio\vendor\laravel\framework\src\Illuminate\Routing\Pipeline.php(30): Illuminate\Foundation\Http\Kernel->Illuminate\Foundation\Http\{closure}(Object(Illuminate\Http\Request))
#19 E:\Proyectos_2016\ccc\sitio\vendor\laravel\framework\src\Illuminate\Foundation\Http\Middleware\TransformsRequest.php(30): Illuminate\Routing\Pipeline->Illuminate\Routing\{closure}(Object(Illuminate\Http\Request))
#20 E:\Proyectos_2016\ccc\sitio\vendor\laravel\framework\src\Illuminate\Pipeline\Pipeline.php(148): Illuminate\Foundation\Http\Middleware\TransformsRequest->handle(Object(Illuminate\Http\Request), Object(Closure))
#21 E:\Proyectos_2016\ccc\sitio\vendor\laravel\framework\src\Illuminate\Routing\Pipeline.php(53): Illuminate\Pipeline\Pipeline->Illuminate\Pipeline\{closure}(Object(Illuminate\Http\Request))
#22 E:\Proyectos_2016\ccc\sitio\vendor\laravel\framework\src\Illuminate\Foundation\Http\Middleware\CheckForMaintenanceMode.php(46): Illuminate\Routing\Pipeline->Illuminate\Routing\{closure}(Object(Illuminate\Http\Request))
#23 E:\Proyectos_2016\ccc\sitio\vendor\laravel\framework\src\Illuminate\Pipeline\Pipeline.php(148): Illuminate\Foundation\Http\Middleware\CheckForMaintenanceMode->handle(Object(Illuminate\Http\Request), Object(Closure))
#24 E:\Proyectos_2016\ccc\sitio\vendor\laravel\framework\src\Illuminate\Routing\Pipeline.php(53): Illuminate\Pipeline\Pipeline->Illuminate\Pipeline\{closure}(Object(Illuminate\Http\Request))
#25 E:\Proyectos_2016\ccc\sitio\vendor\laravel\framework\src\Illuminate\Pipeline\Pipeline.php(102): Illuminate\Routing\Pipeline->Illuminate\Routing\{closure}(Object(Illuminate\Http\Request))
#26 E:\Proyectos_2016\ccc\sitio\vendor\laravel\framework\src\Illuminate\Foundation\Http\Kernel.php(149): Illuminate\Pipeline\Pipeline->then(Object(Closure))
#27 E:\Proyectos_2016\ccc\sitio\vendor\laravel\framework\src\Illuminate\Foundation\Http\Kernel.php(116): Illuminate\Foundation\Http\Kernel->sendRequestThroughRouter(Object(Illuminate\Http\Request))
#28 E:\Proyectos_2016\ccc\sitio\public\index.php(54): Illuminate\Foundation\Http\Kernel->handle(Object(Illuminate\Http\Request))
#29 {main}  
[2017-07-19 20:16:48] production.ERROR: exception 'RuntimeException' with message 'The only supported ciphers are AES-128-CBC and AES-256-CBC with the correct key lengths.' in E:\Proyectos_2016\ccc\sitio\vendor\laravel\framework\src\Illuminate\Encryption\Encrypter.php:43
Stack trace:
#0 E:\Proyectos_2016\ccc\sitio\vendor\laravel\framework\src\Illuminate\Encryption\EncryptionServiceProvider.php(27): Illuminate\Encryption\Encrypter->__construct(NULL, 'AES-256-CBC')
#1 E:\Proyectos_2016\ccc\sitio\vendor\laravel\framework\src\Illuminate\Container\Container.php(716): Illuminate\Encryption\EncryptionServiceProvider->Illuminate\Encryption\{closure}(Object(Illuminate\Foundation\Application), Array)
#2 E:\Proyectos_2016\ccc\sitio\vendor\laravel\framework\src\Illuminate\Container\Container.php(598): Illuminate\Container\Container->build(Object(Closure))
#3 E:\Proyectos_2016\ccc\sitio\vendor\laravel\framework\src\Illuminate\Container\Container.php(567): Illuminate\Container\Container->resolve('encrypter')
#4 E:\Proyectos_2016\ccc\sitio\vendor\laravel\framework\src\Illuminate\Foundation\Application.php(708): Illuminate\Container\Container->make('encrypter')
#5 E:\Proyectos_2016\ccc\sitio\vendor\laravel\framework\src\Illuminate\Container\Container.php(840): Illuminate\Foundation\Application->make('Illuminate\\Cont...')
#6 E:\Proyectos_2016\ccc\sitio\vendor\laravel\framework\src\Illuminate\Container\Container.php(780): Illuminate\Container\Container->resolveClass(Object(ReflectionParameter))
#7 E:\Proyectos_2016\ccc\sitio\vendor\laravel\framework\src\Illuminate\Container\Container.php(748): Illuminate\Container\Container->resolveDependencies(Array)
#8 E:\Proyectos_2016\ccc\sitio\vendor\laravel\framework\src\Illuminate\Container\Container.php(598): Illuminate\Container\Container->build('sis_ccc\\Http\\Mi...')
#9 E:\Proyectos_2016\ccc\sitio\vendor\laravel\framework\src\Illuminate\Container\Container.php(567): Illuminate\Container\Container->resolve('sis_ccc\\Http\\Mi...')
#10 E:\Proyectos_2016\ccc\sitio\vendor\laravel\framework\src\Illuminate\Foundation\Application.php(708): Illuminate\Container\Container->make('sis_ccc\\Http\\Mi...')
#11 E:\Proyectos_2016\ccc\sitio\vendor\laravel\framework\src\Illuminate\Foundation\Http\Kernel.php(213): Illuminate\Foundation\Application->make('sis_ccc\\Http\\Mi...')
#12 E:\Proyectos_2016\ccc\sitio\vendor\laravel\framework\src\Illuminate\Foundation\Http\Kernel.php(187): Illuminate\Foundation\Http\Kernel->terminateMiddleware(Object(Illuminate\Http\Request), Object(Illuminate\Http\Response))
#13 E:\Proyectos_2016\ccc\sitio\public\index.php(58): Illuminate\Foundation\Http\Kernel->terminate(Object(Illuminate\Http\Request), Object(Illuminate\Http\Response))
#14 {main}  
[2017-07-19 20:42:20] production.INFO: El Usuario zv_nelson@ccc.edu.bo Logeado!!!   
[2017-07-19 22:39:58] production.INFO: El Usuario zv_nelson@ccc.edu.bo Logeado!!!   
