[2018-05-23 13:22:23] production.INFO: El Usuario direccion1@ccc.edu.bo Logeado!!!   
[2018-05-23 13:23:10] production.INFO: El Usuario direccion1@ccc.edu.bo Logeado!!!   
[2018-05-23 14:57:56] production.INFO: El Usuario direccion1@ccc.edu.bo Logeado!!!   
[2018-05-23 17:41:49] production.INFO: El Usuario direccion1@ccc.edu.bo Logeado!!!   
[2018-05-23 19:48:44] production.INFO: El Usuario direccion1@ccc.edu.bo Logeado!!!   
[2018-05-23 19:55:17] production.INFO: El Usuario direccion1@ccc.edu.bo Logeado!!!   
[2018-05-23 19:56:07] production.INFO: El Usuario roa_andy65@ccc.edu.bo Logeado!!!   
[2018-05-23 19:56:39] production.ERROR: SQLSTATE[HY000] [2002] Can't connect to local MySQL server through socket '/var/lib/mysql/mysql.sock' (2) {"exception":"[object] (Doctrine\\DBAL\\Driver\\PDOException(code: 2002): SQLSTATE[HY000] [2002] Can't connect to local MySQL server through socket '/var/lib/mysql/mysql.sock' (2) at /home/cpmisusbol/sitios/sis.ccc.edu.bo/laravel/vendor/doctrine/dbal/lib/Doctrine/DBAL/Driver/PDOConnection.php:47, PDOException(code: 2002): SQLSTATE[HY000] [2002] Can't connect to local MySQL server through socket '/var/lib/mysql/mysql.sock' (2) at /home/cpmisusbol/sitios/sis.ccc.edu.bo/laravel/vendor/doctrine/dbal/lib/Doctrine/DBAL/Driver/PDOConnection.php:43)
[stacktrace]
#0 /home/cpmisusbol/sitios/sis.ccc.edu.bo/laravel/vendor/laravel/framework/src/Illuminate/Database/Connectors/Connector.php(64): Doctrine\\DBAL\\Driver\\PDOConnection->__construct('mysql:host=loca...', 'gecndev_ccc', 'T6XOk7bS3bph', Array)
#1 /home/cpmisusbol/sitios/sis.ccc.edu.bo/laravel/vendor/laravel/framework/src/Illuminate/Database/Connectors/Connector.php(43): Illuminate\\Database\\Connectors\\Connector->createPdoConnection('mysql:host=loca...', 'gecndev_ccc', 'T6XOk7bS3bph', Array)
#2 /home/cpmisusbol/sitios/sis.ccc.edu.bo/laravel/vendor/laravel/framework/src/Illuminate/Database/Connectors/MySqlConnector.php(24): Illuminate\\Database\\Connectors\\Connector->createConnection('mysql:host=loca...', Array, Array)
#3 /home/cpmisusbol/sitios/sis.ccc.edu.bo/laravel/vendor/laravel/framework/src/Illuminate/Database/Connectors/ConnectionFactory.php(183): Illuminate\\Database\\Connectors\\MySqlConnector->connect(Array)
#4 [internal function]: Illuminate\\Database\\Connectors\\ConnectionFactory->Illuminate\\Database\\Connectors\\{closure}()
#5 /home/cpmisusbol/sitios/sis.ccc.edu.bo/laravel/vendor/laravel/framework/src/Illuminate/Database/Connection.php(915): call_user_func(Object(Closure))
#6 /home/cpmisusbol/sitios/sis.ccc.edu.bo/laravel/vendor/laravel/framework/src/Illuminate/Database/Connection.php(898): Illuminate\\Database\\Connection->getPdo()
#7 /home/cpmisusbol/sitios/sis.ccc.edu.bo/laravel/vendor/larapack/doctrine-support/src/DoctrineSupportServiceProvider.php(54): Illuminate\\Database\\Connection->getDoctrineConnection()
#8 /home/cpmisusbol/sitios/sis.ccc.edu.bo/laravel/vendor/larapack/doctrine-support/src/DoctrineSupportServiceProvider.php(34): Larapack\\DoctrineSupport\\DoctrineSupportServiceProvider->addDoctrineTypes(Object(Larapack\\DoctrineSupport\\Connections\\MySqlConnection))
#9 /home/cpmisusbol/sitios/sis.ccc.edu.bo/laravel/vendor/laravel/framework/src/Illuminate/Database/Connectors/ConnectionFactory.php(272): Larapack\\DoctrineSupport\\DoctrineSupportServiceProvider->Larapack\\DoctrineSupport\\{closure}(Object(Larapack\\DoctrineSupport\\Connections\\MySqlConnection), 'gecndev_sisccc', '', Array)
#10 /home/cpmisusbol/sitios/sis.ccc.edu.bo/laravel/vendor/laravel/framework/src/Illuminate/Database/Connectors/ConnectionFactory.php(77): Illuminate\\Database\\Connectors\\ConnectionFactory->createConnection('mysql', Object(Closure), 'gecndev_sisccc', '', Array)
#11 /home/cpmisusbol/sitios/sis.ccc.edu.bo/laravel/vendor/laravel/framework/src/Illuminate/Database/Connectors/ConnectionFactory.php(51): Illuminate\\Database\\Connectors\\ConnectionFactory->createSingleConnection(Array)
#12 /home/cpmisusbol/sitios/sis.ccc.edu.bo/laravel/vendor/laravel/framework/src/Illuminate/Database/DatabaseManager.php(119): Illuminate\\Database\\Connectors\\ConnectionFactory->make(Array, 'mysql')
#13 /home/cpmisusbol/sitios/sis.ccc.edu.bo/laravel/vendor/laravel/framework/src/Illuminate/Database/DatabaseManager.php(74): Illuminate\\Database\\DatabaseManager->makeConnection('mysql')
#14 /home/cpmisusbol/sitios/sis.ccc.edu.bo/laravel/vendor/laravel/framework/src/Illuminate/Support/Facades/Schema.php(33): Illuminate\\Database\\DatabaseManager->connection()
#15 /home/cpmisusbol/sitios/sis.ccc.edu.bo/laravel/vendor/laravel/framework/src/Illuminate/Support/Facades/Facade.php(128): Illuminate\\Support\\Facades\\Schema::getFacadeAccessor()
#16 /home/cpmisusbol/sitios/sis.ccc.edu.bo/laravel/vendor/laravel/framework/src/Illuminate/Support/Facades/Facade.php(215): Illuminate\\Support\\Facades\\Facade::getFacadeRoot()
#17 /home/cpmisusbol/sitios/sis.ccc.edu.bo/laravel/vendor/tcg/voyager/src/VoyagerServiceProvider.php(283): Illuminate\\Support\\Facades\\Facade::__callStatic('hasTable', Array)
#18 /home/cpmisusbol/sitios/sis.ccc.edu.bo/laravel/vendor/tcg/voyager/src/VoyagerServiceProvider.php(108): TCG\\Voyager\\VoyagerServiceProvider->registerGates()
#19 [internal function]: TCG\\Voyager\\VoyagerServiceProvider->boot(Object(Illuminate\\Routing\\Router), Object(Illuminate\\Events\\Dispatcher))
#20 /home/cpmisusbol/sitios/sis.ccc.edu.bo/laravel/vendor/laravel/framework/src/Illuminate/Container/BoundMethod.php(29): call_user_func_array(Array, Array)
#21 /home/cpmisusbol/sitios/sis.ccc.edu.bo/laravel/vendor/laravel/framework/src/Illuminate/Container/BoundMethod.php(87): Illuminate\\Container\\BoundMethod::Illuminate\\Container\\{closure}()
#22 /home/cpmisusbol/sitios/sis.ccc.edu.bo/laravel/vendor/laravel/framework/src/Illuminate/Container/BoundMethod.php(31): Illuminate\\Container\\BoundMethod::callBoundMethod(Object(Illuminate\\Foundation\\Application), Array, Object(Closure))
#23 /home/cpmisusbol/sitios/sis.ccc.edu.bo/laravel/vendor/laravel/framework/src/Illuminate/Container/Container.php(549): Illuminate\\Container\\BoundMethod::call(Object(Illuminate\\Foundation\\Application), Array, Array, NULL)
#24 /home/cpmisusbol/sitios/sis.ccc.edu.bo/laravel/vendor/laravel/framework/src/Illuminate/Foundation/Application.php(792): Illuminate\\Container\\Container->call(Array)
#25 /home/cpmisusbol/sitios/sis.ccc.edu.bo/laravel/vendor/laravel/framework/src/Illuminate/Foundation/Application.php(775): Illuminate\\Foundation\\Application->bootProvider(Object(TCG\\Voyager\\VoyagerServiceProvider))
#26 [internal function]: Illuminate\\Foundation\\Application->Illuminate\\Foundation\\{closure}(Object(TCG\\Voyager\\VoyagerServiceProvider), 21)
#27 /home/cpmisusbol/sitios/sis.ccc.edu.bo/laravel/vendor/laravel/framework/src/Illuminate/Foundation/Application.php(776): array_walk(Array, Object(Closure))
#28 /home/cpmisusbol/sitios/sis.ccc.edu.bo/laravel/vendor/laravel/framework/src/Illuminate/Foundation/Bootstrap/BootProviders.php(17): Illuminate\\Foundation\\Application->boot()
#29 /home/cpmisusbol/sitios/sis.ccc.edu.bo/laravel/vendor/laravel/framework/src/Illuminate/Foundation/Application.php(213): Illuminate\\Foundation\\Bootstrap\\BootProviders->bootstrap(Object(Illuminate\\Foundation\\Application))
#30 /home/cpmisusbol/sitios/sis.ccc.edu.bo/laravel/vendor/laravel/framework/src/Illuminate/Foundation/Http/Kernel.php(162): Illuminate\\Foundation\\Application->bootstrapWith(Array)
#31 /home/cpmisusbol/sitios/sis.ccc.edu.bo/laravel/vendor/laravel/framework/src/Illuminate/Foundation/Http/Kernel.php(146): Illuminate\\Foundation\\Http\\Kernel->bootstrap()
#32 /home/cpmisusbol/sitios/sis.ccc.edu.bo/laravel/vendor/laravel/framework/src/Illuminate/Foundation/Http/Kernel.php(116): Illuminate\\Foundation\\Http\\Kernel->sendRequestThroughRouter(Object(Illuminate\\Http\\Request))
#33 /home/cpmisusbol/sitios/sis.ccc.edu.bo/laravel/public/index.php(53): Illuminate\\Foundation\\Http\\Kernel->handle(Object(Illuminate\\Http\\Request))
#34 {main}
"} 
[2018-05-23 19:56:39] production.ERROR: No Database connection yet in VoyagerServiceProvider registerGates()  
[2018-05-23 19:56:39] production.ERROR: SQLSTATE[HY000] [2002] Can't connect to local MySQL server through socket '/var/lib/mysql/mysql.sock' (2) {"exception":"[object] (Doctrine\\DBAL\\Driver\\PDOException(code: 2002): SQLSTATE[HY000] [2002] Can't connect to local MySQL server through socket '/var/lib/mysql/mysql.sock' (2) at /home/cpmisusbol/sitios/sis.ccc.edu.bo/laravel/vendor/doctrine/dbal/lib/Doctrine/DBAL/Driver/PDOConnection.php:47, PDOException(code: 2002): SQLSTATE[HY000] [2002] Can't connect to local MySQL server through socket '/var/lib/mysql/mysql.sock' (2) at /home/cpmisusbol/sitios/sis.ccc.edu.bo/laravel/vendor/doctrine/dbal/lib/Doctrine/DBAL/Driver/PDOConnection.php:43)
[stacktrace]
#0 /home/cpmisusbol/sitios/sis.ccc.edu.bo/laravel/vendor/laravel/framework/src/Illuminate/Database/Connectors/Connector.php(64): Doctrine\\DBAL\\Driver\\PDOConnection->__construct('mysql:host=loca...', 'gecndev_ccc', 'T6XOk7bS3bph', Array)
#1 /home/cpmisusbol/sitios/sis.ccc.edu.bo/laravel/vendor/laravel/framework/src/Illuminate/Database/Connectors/Connector.php(43): Illuminate\\Database\\Connectors\\Connector->createPdoConnection('mysql:host=loca...', 'gecndev_ccc', 'T6XOk7bS3bph', Array)
#2 /home/cpmisusbol/sitios/sis.ccc.edu.bo/laravel/vendor/laravel/framework/src/Illuminate/Database/Connectors/MySqlConnector.php(24): Illuminate\\Database\\Connectors\\Connector->createConnection('mysql:host=loca...', Array, Array)
#3 /home/cpmisusbol/sitios/sis.ccc.edu.bo/laravel/vendor/laravel/framework/src/Illuminate/Database/Connectors/ConnectionFactory.php(183): Illuminate\\Database\\Connectors\\MySqlConnector->connect(Array)
#4 [internal function]: Illuminate\\Database\\Connectors\\ConnectionFactory->Illuminate\\Database\\Connectors\\{closure}()
#5 /home/cpmisusbol/sitios/sis.ccc.edu.bo/laravel/vendor/laravel/framework/src/Illuminate/Database/Connection.php(915): call_user_func(Object(Closure))
#6 /home/cpmisusbol/sitios/sis.ccc.edu.bo/laravel/vendor/laravel/framework/src/Illuminate/Database/Connection.php(898): Illuminate\\Database\\Connection->getPdo()
#7 /home/cpmisusbol/sitios/sis.ccc.edu.bo/laravel/vendor/larapack/doctrine-support/src/DoctrineSupportServiceProvider.php(54): Illuminate\\Database\\Connection->getDoctrineConnection()
#8 /home/cpmisusbol/sitios/sis.ccc.edu.bo/laravel/vendor/larapack/doctrine-support/src/DoctrineSupportServiceProvider.php(34): Larapack\\DoctrineSupport\\DoctrineSupportServiceProvider->addDoctrineTypes(Object(Larapack\\DoctrineSupport\\Connections\\MySqlConnection))
#9 /home/cpmisusbol/sitios/sis.ccc.edu.bo/laravel/vendor/laravel/framework/src/Illuminate/Database/Connectors/ConnectionFactory.php(272): Larapack\\DoctrineSupport\\DoctrineSupportServiceProvider->Larapack\\DoctrineSupport\\{closure}(Object(Larapack\\DoctrineSupport\\Connections\\MySqlConnection), 'gecndev_sisccc', '', Array)
#10 /home/cpmisusbol/sitios/sis.ccc.edu.bo/laravel/vendor/laravel/framework/src/Illuminate/Database/Connectors/ConnectionFactory.php(77): Illuminate\\Database\\Connectors\\ConnectionFactory->createConnection('mysql', Object(Closure), 'gecndev_sisccc', '', Array)
#11 /home/cpmisusbol/sitios/sis.ccc.edu.bo/laravel/vendor/laravel/framework/src/Illuminate/Database/Connectors/ConnectionFactory.php(51): Illuminate\\Database\\Connectors\\ConnectionFactory->createSingleConnection(Array)
#12 /home/cpmisusbol/sitios/sis.ccc.edu.bo/laravel/vendor/laravel/framework/src/Illuminate/Database/DatabaseManager.php(119): Illuminate\\Database\\Connectors\\ConnectionFactory->make(Array, 'mysql')
#13 /home/cpmisusbol/sitios/sis.ccc.edu.bo/laravel/vendor/laravel/framework/src/Illuminate/Database/DatabaseManager.php(74): Illuminate\\Database\\DatabaseManager->makeConnection('mysql')
#14 /home/cpmisusbol/sitios/sis.ccc.edu.bo/laravel/vendor/laravel/framework/src/Illuminate/Database/Eloquent/Model.php(1131): Illuminate\\Database\\DatabaseManager->connection('mysql')
#15 /home/cpmisusbol/sitios/sis.ccc.edu.bo/laravel/vendor/laravel/framework/src/Illuminate/Database/Eloquent/Model.php(1097): Illuminate\\Database\\Eloquent\\Model::resolveConnection(NULL)
#16 /home/cpmisusbol/sitios/sis.ccc.edu.bo/laravel/vendor/laravel/framework/src/Illuminate/Database/Eloquent/Model.php(929): Illuminate\\Database\\Eloquent\\Model->getConnection()
#17 /home/cpmisusbol/sitios/sis.ccc.edu.bo/laravel/vendor/laravel/framework/src/Illuminate/Database/Eloquent/Model.php(873): Illuminate\\Database\\Eloquent\\Model->newBaseQueryBuilder()
#18 /home/cpmisusbol/sitios/sis.ccc.edu.bo/laravel/vendor/laravel/framework/src/Illuminate/Database/Eloquent/Model.php(836): Illuminate\\Database\\Eloquent\\Model->newQueryWithoutScopes()
#19 /home/cpmisusbol/sitios/sis.ccc.edu.bo/laravel/vendor/laravel/framework/src/Illuminate/Database/Eloquent/Model.php(359): Illuminate\\Database\\Eloquent\\Model->newQuery()
#20 /home/cpmisusbol/sitios/sis.ccc.edu.bo/laravel/vendor/tcg/voyager/routes/voyager.php(39): Illuminate\\Database\\Eloquent\\Model::all()
#21 /home/cpmisusbol/sitios/sis.ccc.edu.bo/laravel/vendor/laravel/framework/src/Illuminate/Routing/Router.php(389): TCG\\Voyager\\Voyager->{closure}(Object(Illuminate\\Routing\\Router))
#22 /home/cpmisusbol/sitios/sis.ccc.edu.bo/laravel/vendor/laravel/framework/src/Illuminate/Routing/Router.php(349): Illuminate\\Routing\\Router->loadRoutes(Object(Closure))
#23 /home/cpmisusbol/sitios/sis.ccc.edu.bo/laravel/vendor/laravel/framework/src/Illuminate/Support/Facades/Facade.php(221): Illuminate\\Routing\\Router->group(Array, Object(Closure))
#24 /home/cpmisusbol/sitios/sis.ccc.edu.bo/laravel/vendor/tcg/voyager/routes/voyager.php(130): Illuminate\\Support\\Facades\\Facade::__callStatic('group', Array)
#25 /home/cpmisusbol/sitios/sis.ccc.edu.bo/laravel/vendor/laravel/framework/src/Illuminate/Routing/Router.php(389): TCG\\Voyager\\Voyager->{closure}(Object(Illuminate\\Routing\\Router))
#26 /home/cpmisusbol/sitios/sis.ccc.edu.bo/laravel/vendor/laravel/framework/src/Illuminate/Routing/Router.php(349): Illuminate\\Routing\\Router->loadRoutes(Object(Closure))
#27 /home/cpmisusbol/sitios/sis.ccc.edu.bo/laravel/vendor/laravel/framework/src/Illuminate/Support/Facades/Facade.php(221): Illuminate\\Routing\\Router->group(Array, Object(Closure))
#28 /home/cpmisusbol/sitios/sis.ccc.edu.bo/laravel/vendor/tcg/voyager/routes/voyager.php(132): Illuminate\\Support\\Facades\\Facade::__callStatic('group', Array)
#29 /home/cpmisusbol/sitios/sis.ccc.edu.bo/laravel/vendor/tcg/voyager/src/Voyager.php(190): require('/home/cpmisusbo...')
#30 /home/cpmisusbol/sitios/sis.ccc.edu.bo/laravel/vendor/laravel/framework/src/Illuminate/Support/Facades/Facade.php(221): TCG\\Voyager\\Voyager->routes()
#31 /home/cpmisusbol/sitios/sis.ccc.edu.bo/laravel/routes/web.php(76): Illuminate\\Support\\Facades\\Facade::__callStatic('routes', Array)
#32 /home/cpmisusbol/sitios/sis.ccc.edu.bo/laravel/vendor/laravel/framework/src/Illuminate/Routing/Router.php(389): sis_ccc\\Providers\\RouteServiceProvider->{closure}(Object(Illuminate\\Routing\\Router))
#33 /home/cpmisusbol/sitios/sis.ccc.edu.bo/laravel/vendor/laravel/framework/src/Illuminate/Routing/Router.php(349): Illuminate\\Routing\\Router->loadRoutes(Object(Closure))
#34 /home/cpmisusbol/sitios/sis.ccc.edu.bo/laravel/vendor/laravel/framework/src/Illuminate/Support/Facades/Facade.php(221): Illuminate\\Routing\\Router->group(Array, Object(Closure))
#35 /home/cpmisusbol/sitios/sis.ccc.edu.bo/laravel/routes/web.php(77): Illuminate\\Support\\Facades\\Facade::__callStatic('group', Array)
#36 /home/cpmisusbol/sitios/sis.ccc.edu.bo/laravel/app/Providers/RouteServiceProvider.php(58): require('/home/cpmisusbo...')
#37 /home/cpmisusbol/sitios/sis.ccc.edu.bo/laravel/vendor/laravel/framework/src/Illuminate/Routing/Router.php(389): sis_ccc\\Providers\\RouteServiceProvider->sis_ccc\\Providers\\{closure}(Object(Illuminate\\Routing\\Router))
#38 /home/cpmisusbol/sitios/sis.ccc.edu.bo/laravel/vendor/laravel/framework/src/Illuminate/Routing/Router.php(349): Illuminate\\Routing\\Router->loadRoutes(Object(Closure))
#39 /home/cpmisusbol/sitios/sis.ccc.edu.bo/laravel/vendor/laravel/framework/src/Illuminate/Support/Facades/Facade.php(221): Illuminate\\Routing\\Router->group(Array, Object(Closure))
#40 /home/cpmisusbol/sitios/sis.ccc.edu.bo/laravel/app/Providers/RouteServiceProvider.php(59): Illuminate\\Support\\Facades\\Facade::__callStatic('group', Array)
#41 /home/cpmisusbol/sitios/sis.ccc.edu.bo/laravel/app/Providers/RouteServiceProvider.php(40): sis_ccc\\Providers\\RouteServiceProvider->mapWebRoutes()
#42 [internal function]: sis_ccc\\Providers\\RouteServiceProvider->map()
#43 /home/cpmisusbol/sitios/sis.ccc.edu.bo/laravel/vendor/laravel/framework/src/Illuminate/Container/BoundMethod.php(29): call_user_func_array(Array, Array)
#44 /home/cpmisusbol/sitios/sis.ccc.edu.bo/laravel/vendor/laravel/framework/src/Illuminate/Container/BoundMethod.php(87): Illuminate\\Container\\BoundMethod::Illuminate\\Container\\{closure}()
#45 /home/cpmisusbol/sitios/sis.ccc.edu.bo/laravel/vendor/laravel/framework/src/Illuminate/Container/BoundMethod.php(31): Illuminate\\Container\\BoundMethod::callBoundMethod(Object(Illuminate\\Foundation\\Application), Array, Object(Closure))
#46 /home/cpmisusbol/sitios/sis.ccc.edu.bo/laravel/vendor/laravel/framework/src/Illuminate/Container/Container.php(549): Illuminate\\Container\\BoundMethod::call(Object(Illuminate\\Foundation\\Application), Array, Array, NULL)
#47 /home/cpmisusbol/sitios/sis.ccc.edu.bo/laravel/vendor/laravel/framework/src/Illuminate/Foundation/Support/Providers/RouteServiceProvider.php(74): Illuminate\\Container\\Container->call(Array)
#48 /home/cpmisusbol/sitios/sis.ccc.edu.bo/laravel/vendor/laravel/framework/src/Illuminate/Foundation/Support/Providers/RouteServiceProvider.php(33): Illuminate\\Foundation\\Support\\Providers\\RouteServiceProvider->loadRoutes()
#49 /home/cpmisusbol/sitios/sis.ccc.edu.bo/laravel/app/Providers/RouteServiceProvider.php(28): Illuminate\\Foundation\\Support\\Providers\\RouteServiceProvider->boot()
#50 [internal function]: sis_ccc\\Providers\\RouteServiceProvider->boot()
#51 /home/cpmisusbol/sitios/sis.ccc.edu.bo/laravel/vendor/laravel/framework/src/Illuminate/Container/BoundMethod.php(29): call_user_func_array(Array, Array)
#52 /home/cpmisusbol/sitios/sis.ccc.edu.bo/laravel/vendor/laravel/framework/src/Illuminate/Container/BoundMethod.php(87): Illuminate\\Container\\BoundMethod::Illuminate\\Container\\{closure}()
#53 /home/cpmisusbol/sitios/sis.ccc.edu.bo/laravel/vendor/laravel/framework/src/Illuminate/Container/BoundMethod.php(31): Illuminate\\Container\\BoundMethod::callBoundMethod(Object(Illuminate\\Foundation\\Application), Array, Object(Closure))
#54 /home/cpmisusbol/sitios/sis.ccc.edu.bo/laravel/vendor/laravel/framework/src/Illuminate/Container/Container.php(549): Illuminate\\Container\\BoundMethod::call(Object(Illuminate\\Foundation\\Application), Array, Array, NULL)
#55 /home/cpmisusbol/sitios/sis.ccc.edu.bo/laravel/vendor/laravel/framework/src/Illuminate/Foundation/Application.php(792): Illuminate\\Container\\Container->call(Array)
#56 /home/cpmisusbol/sitios/sis.ccc.edu.bo/laravel/vendor/laravel/framework/src/Illuminate/Foundation/Application.php(775): Illuminate\\Foundation\\Application->bootProvider(Object(sis_ccc\\Providers\\RouteServiceProvider))
#57 [internal function]: Illuminate\\Foundation\\Application->Illuminate\\Foundation\\{closure}(Object(sis_ccc\\Providers\\RouteServiceProvider), 25)
#58 /home/cpmisusbol/sitios/sis.ccc.edu.bo/laravel/vendor/laravel/framework/src/Illuminate/Foundation/Application.php(776): array_walk(Array, Object(Closure))
#59 /home/cpmisusbol/sitios/sis.ccc.edu.bo/laravel/vendor/laravel/framework/src/Illuminate/Foundation/Bootstrap/BootProviders.php(17): Illuminate\\Foundation\\Application->boot()
#60 /home/cpmisusbol/sitios/sis.ccc.edu.bo/laravel/vendor/laravel/framework/src/Illuminate/Foundation/Application.php(213): Illuminate\\Foundation\\Bootstrap\\BootProviders->bootstrap(Object(Illuminate\\Foundation\\Application))
#61 /home/cpmisusbol/sitios/sis.ccc.edu.bo/laravel/vendor/laravel/framework/src/Illuminate/Foundation/Http/Kernel.php(162): Illuminate\\Foundation\\Application->bootstrapWith(Array)
#62 /home/cpmisusbol/sitios/sis.ccc.edu.bo/laravel/vendor/laravel/framework/src/Illuminate/Foundation/Http/Kernel.php(146): Illuminate\\Foundation\\Http\\Kernel->bootstrap()
#63 /home/cpmisusbol/sitios/sis.ccc.edu.bo/laravel/vendor/laravel/framework/src/Illuminate/Foundation/Http/Kernel.php(116): Illuminate\\Foundation\\Http\\Kernel->sendRequestThroughRouter(Object(Illuminate\\Http\\Request))
#64 /home/cpmisusbol/sitios/sis.ccc.edu.bo/laravel/public/index.php(53): Illuminate\\Foundation\\Http\\Kernel->handle(Object(Illuminate\\Http\\Request))
#65 {main}
"} 
[2018-05-23 19:56:53] production.INFO: El Usuario regencia@ccc.edu.bo Logeado!!!   
[2018-05-23 19:57:14] production.INFO: El Usuario direccion1@ccc.edu.bo Logeado!!!   
[2018-05-23 19:57:41] production.INFO: El Usuario lvb_luz17@ccc.edu.bo Logeado!!!   
[2018-05-23 19:58:05] production.INFO: El Usuario direccion1@ccc.edu.bo Logeado!!!   
[2018-05-23 19:58:47] production.INFO: El Usuario rc_jhair97@ccc.edu.bo Logeado!!!   
[2018-05-23 19:59:28] production.INFO: El Usuario egc_kaleb97@ccc.edu.bo Logeado!!!   
