[2018-11-26 15:10:55] production.ERROR: SQLSTATE[HY000] [1045] Access denied for user 'gecndev_ccc'@'localhost' (using password: YES) {"exception":"[object] (Doctrine\\DBAL\\Driver\\PDOException(code: 1045): SQLSTATE[HY000] [1045] Access denied for user 'gecndev_ccc'@'localhost' (using password: YES) at O:\\Proyectos_2019\\sis_ccc\\laravel-org\\vendor\\doctrine\\dbal\\lib\\Doctrine\\DBAL\\Driver\\PDOConnection.php:47, PDOException(code: 1045): SQLSTATE[HY000] [1045] Access denied for user 'gecndev_ccc'@'localhost' (using password: YES) at O:\\Proyectos_2019\\sis_ccc\\laravel-org\\vendor\\doctrine\\dbal\\lib\\Doctrine\\DBAL\\Driver\\PDOConnection.php:43)
[stacktrace]
#0 O:\\Proyectos_2019\\sis_ccc\\laravel-org\\vendor\\laravel\\framework\\src\\Illuminate\\Database\\Connectors\\Connector.php(64): Doctrine\\DBAL\\Driver\\PDOConnection->__construct('mysql:host=loca...', 'gecndev_ccc', 'T6XOk7bS3bph', Array)
#1 O:\\Proyectos_2019\\sis_ccc\\laravel-org\\vendor\\laravel\\framework\\src\\Illuminate\\Database\\Connectors\\Connector.php(43): Illuminate\\Database\\Connectors\\Connector->createPdoConnection('mysql:host=loca...', 'gecndev_ccc', 'T6XOk7bS3bph', Array)
#2 O:\\Proyectos_2019\\sis_ccc\\laravel-org\\vendor\\laravel\\framework\\src\\Illuminate\\Database\\Connectors\\MySqlConnector.php(24): Illuminate\\Database\\Connectors\\Connector->createConnection('mysql:host=loca...', Array, Array)
#3 O:\\Proyectos_2019\\sis_ccc\\laravel-org\\vendor\\laravel\\framework\\src\\Illuminate\\Database\\Connectors\\ConnectionFactory.php(183): Illuminate\\Database\\Connectors\\MySqlConnector->connect(Array)
#4 [internal function]: Illuminate\\Database\\Connectors\\ConnectionFactory->Illuminate\\Database\\Connectors\\{closure}()
#5 O:\\Proyectos_2019\\sis_ccc\\laravel-org\\vendor\\laravel\\framework\\src\\Illuminate\\Database\\Connection.php(915): call_user_func(Object(Closure))
#6 O:\\Proyectos_2019\\sis_ccc\\laravel-org\\vendor\\laravel\\framework\\src\\Illuminate\\Database\\Connection.php(898): Illuminate\\Database\\Connection->getPdo()
#7 O:\\Proyectos_2019\\sis_ccc\\laravel-org\\vendor\\larapack\\doctrine-support\\src\\DoctrineSupportServiceProvider.php(54): Illuminate\\Database\\Connection->getDoctrineConnection()
#8 O:\\Proyectos_2019\\sis_ccc\\laravel-org\\vendor\\larapack\\doctrine-support\\src\\DoctrineSupportServiceProvider.php(34): Larapack\\DoctrineSupport\\DoctrineSupportServiceProvider->addDoctrineTypes(Object(Larapack\\DoctrineSupport\\Connections\\MySqlConnection))
#9 O:\\Proyectos_2019\\sis_ccc\\laravel-org\\vendor\\laravel\\framework\\src\\Illuminate\\Database\\Connectors\\ConnectionFactory.php(272): Larapack\\DoctrineSupport\\DoctrineSupportServiceProvider->Larapack\\DoctrineSupport\\{closure}(Object(Larapack\\DoctrineSupport\\Connections\\MySqlConnection), 'gecndev_sisccc', '', Array)
#10 O:\\Proyectos_2019\\sis_ccc\\laravel-org\\vendor\\laravel\\framework\\src\\Illuminate\\Database\\Connectors\\ConnectionFactory.php(77): Illuminate\\Database\\Connectors\\ConnectionFactory->createConnection('mysql', Object(Closure), 'gecndev_sisccc', '', Array)
#11 O:\\Proyectos_2019\\sis_ccc\\laravel-org\\vendor\\laravel\\framework\\src\\Illuminate\\Database\\Connectors\\ConnectionFactory.php(51): Illuminate\\Database\\Connectors\\ConnectionFactory->createSingleConnection(Array)
#12 O:\\Proyectos_2019\\sis_ccc\\laravel-org\\vendor\\laravel\\framework\\src\\Illuminate\\Database\\DatabaseManager.php(119): Illuminate\\Database\\Connectors\\ConnectionFactory->make(Array, 'mysql')
#13 O:\\Proyectos_2019\\sis_ccc\\laravel-org\\vendor\\laravel\\framework\\src\\Illuminate\\Database\\DatabaseManager.php(74): Illuminate\\Database\\DatabaseManager->makeConnection('mysql')
#14 O:\\Proyectos_2019\\sis_ccc\\laravel-org\\vendor\\laravel\\framework\\src\\Illuminate\\Support\\Facades\\Schema.php(33): Illuminate\\Database\\DatabaseManager->connection()
#15 O:\\Proyectos_2019\\sis_ccc\\laravel-org\\vendor\\laravel\\framework\\src\\Illuminate\\Support\\Facades\\Facade.php(128): Illuminate\\Support\\Facades\\Schema::getFacadeAccessor()
#16 O:\\Proyectos_2019\\sis_ccc\\laravel-org\\vendor\\laravel\\framework\\src\\Illuminate\\Support\\Facades\\Facade.php(215): Illuminate\\Support\\Facades\\Facade::getFacadeRoot()
#17 O:\\Proyectos_2019\\sis_ccc\\laravel-org\\vendor\\tcg\\voyager\\src\\VoyagerServiceProvider.php(283): Illuminate\\Support\\Facades\\Facade::__callStatic('hasTable', Array)
#18 O:\\Proyectos_2019\\sis_ccc\\laravel-org\\vendor\\tcg\\voyager\\src\\VoyagerServiceProvider.php(108): TCG\\Voyager\\VoyagerServiceProvider->registerGates()
#19 [internal function]: TCG\\Voyager\\VoyagerServiceProvider->boot(Object(Illuminate\\Routing\\Router), Object(Illuminate\\Events\\Dispatcher))
#20 O:\\Proyectos_2019\\sis_ccc\\laravel-org\\vendor\\laravel\\framework\\src\\Illuminate\\Container\\BoundMethod.php(29): call_user_func_array(Array, Array)
#21 O:\\Proyectos_2019\\sis_ccc\\laravel-org\\vendor\\laravel\\framework\\src\\Illuminate\\Container\\BoundMethod.php(87): Illuminate\\Container\\BoundMethod::Illuminate\\Container\\{closure}()
#22 O:\\Proyectos_2019\\sis_ccc\\laravel-org\\vendor\\laravel\\framework\\src\\Illuminate\\Container\\BoundMethod.php(31): Illuminate\\Container\\BoundMethod::callBoundMethod(Object(Illuminate\\Foundation\\Application), Array, Object(Closure))
#23 O:\\Proyectos_2019\\sis_ccc\\laravel-org\\vendor\\laravel\\framework\\src\\Illuminate\\Container\\Container.php(549): Illuminate\\Container\\BoundMethod::call(Object(Illuminate\\Foundation\\Application), Array, Array, NULL)
#24 O:\\Proyectos_2019\\sis_ccc\\laravel-org\\vendor\\laravel\\framework\\src\\Illuminate\\Foundation\\Application.php(792): Illuminate\\Container\\Container->call(Array)
#25 O:\\Proyectos_2019\\sis_ccc\\laravel-org\\vendor\\laravel\\framework\\src\\Illuminate\\Foundation\\Application.php(775): Illuminate\\Foundation\\Application->bootProvider(Object(TCG\\Voyager\\VoyagerServiceProvider))
#26 [internal function]: Illuminate\\Foundation\\Application->Illuminate\\Foundation\\{closure}(Object(TCG\\Voyager\\VoyagerServiceProvider), 21)
#27 O:\\Proyectos_2019\\sis_ccc\\laravel-org\\vendor\\laravel\\framework\\src\\Illuminate\\Foundation\\Application.php(776): array_walk(Array, Object(Closure))
#28 O:\\Proyectos_2019\\sis_ccc\\laravel-org\\vendor\\laravel\\framework\\src\\Illuminate\\Foundation\\Bootstrap\\BootProviders.php(17): Illuminate\\Foundation\\Application->boot()
#29 O:\\Proyectos_2019\\sis_ccc\\laravel-org\\vendor\\laravel\\framework\\src\\Illuminate\\Foundation\\Application.php(213): Illuminate\\Foundation\\Bootstrap\\BootProviders->bootstrap(Object(Illuminate\\Foundation\\Application))
#30 O:\\Proyectos_2019\\sis_ccc\\laravel-org\\vendor\\laravel\\framework\\src\\Illuminate\\Foundation\\Http\\Kernel.php(162): Illuminate\\Foundation\\Application->bootstrapWith(Array)
#31 O:\\Proyectos_2019\\sis_ccc\\laravel-org\\vendor\\laravel\\framework\\src\\Illuminate\\Foundation\\Http\\Kernel.php(146): Illuminate\\Foundation\\Http\\Kernel->bootstrap()
#32 O:\\Proyectos_2019\\sis_ccc\\laravel-org\\vendor\\laravel\\framework\\src\\Illuminate\\Foundation\\Http\\Kernel.php(116): Illuminate\\Foundation\\Http\\Kernel->sendRequestThroughRouter(Object(Illuminate\\Http\\Request))
#33 O:\\Proyectos_2019\\sis_ccc\\laravel-org\\public\\index.php(53): Illuminate\\Foundation\\Http\\Kernel->handle(Object(Illuminate\\Http\\Request))
#34 {main}
"} 
[2018-11-26 15:10:55] production.ERROR: No Database connection yet in VoyagerServiceProvider registerGates()  
[2018-11-26 15:10:55] production.ERROR: SQLSTATE[HY000] [1045] Access denied for user 'gecndev_ccc'@'localhost' (using password: YES) {"exception":"[object] (Doctrine\\DBAL\\Driver\\PDOException(code: 1045): SQLSTATE[HY000] [1045] Access denied for user 'gecndev_ccc'@'localhost' (using password: YES) at O:\\Proyectos_2019\\sis_ccc\\laravel-org\\vendor\\doctrine\\dbal\\lib\\Doctrine\\DBAL\\Driver\\PDOConnection.php:47, PDOException(code: 1045): SQLSTATE[HY000] [1045] Access denied for user 'gecndev_ccc'@'localhost' (using password: YES) at O:\\Proyectos_2019\\sis_ccc\\laravel-org\\vendor\\doctrine\\dbal\\lib\\Doctrine\\DBAL\\Driver\\PDOConnection.php:43)
[stacktrace]
#0 O:\\Proyectos_2019\\sis_ccc\\laravel-org\\vendor\\laravel\\framework\\src\\Illuminate\\Database\\Connectors\\Connector.php(64): Doctrine\\DBAL\\Driver\\PDOConnection->__construct('mysql:host=loca...', 'gecndev_ccc', 'T6XOk7bS3bph', Array)
#1 O:\\Proyectos_2019\\sis_ccc\\laravel-org\\vendor\\laravel\\framework\\src\\Illuminate\\Database\\Connectors\\Connector.php(43): Illuminate\\Database\\Connectors\\Connector->createPdoConnection('mysql:host=loca...', 'gecndev_ccc', 'T6XOk7bS3bph', Array)
#2 O:\\Proyectos_2019\\sis_ccc\\laravel-org\\vendor\\laravel\\framework\\src\\Illuminate\\Database\\Connectors\\MySqlConnector.php(24): Illuminate\\Database\\Connectors\\Connector->createConnection('mysql:host=loca...', Array, Array)
#3 O:\\Proyectos_2019\\sis_ccc\\laravel-org\\vendor\\laravel\\framework\\src\\Illuminate\\Database\\Connectors\\ConnectionFactory.php(183): Illuminate\\Database\\Connectors\\MySqlConnector->connect(Array)
#4 [internal function]: Illuminate\\Database\\Connectors\\ConnectionFactory->Illuminate\\Database\\Connectors\\{closure}()
#5 O:\\Proyectos_2019\\sis_ccc\\laravel-org\\vendor\\laravel\\framework\\src\\Illuminate\\Database\\Connection.php(915): call_user_func(Object(Closure))
#6 O:\\Proyectos_2019\\sis_ccc\\laravel-org\\vendor\\laravel\\framework\\src\\Illuminate\\Database\\Connection.php(898): Illuminate\\Database\\Connection->getPdo()
#7 O:\\Proyectos_2019\\sis_ccc\\laravel-org\\vendor\\larapack\\doctrine-support\\src\\DoctrineSupportServiceProvider.php(54): Illuminate\\Database\\Connection->getDoctrineConnection()
#8 O:\\Proyectos_2019\\sis_ccc\\laravel-org\\vendor\\larapack\\doctrine-support\\src\\DoctrineSupportServiceProvider.php(34): Larapack\\DoctrineSupport\\DoctrineSupportServiceProvider->addDoctrineTypes(Object(Larapack\\DoctrineSupport\\Connections\\MySqlConnection))
#9 O:\\Proyectos_2019\\sis_ccc\\laravel-org\\vendor\\laravel\\framework\\src\\Illuminate\\Database\\Connectors\\ConnectionFactory.php(272): Larapack\\DoctrineSupport\\DoctrineSupportServiceProvider->Larapack\\DoctrineSupport\\{closure}(Object(Larapack\\DoctrineSupport\\Connections\\MySqlConnection), 'gecndev_sisccc', '', Array)
#10 O:\\Proyectos_2019\\sis_ccc\\laravel-org\\vendor\\laravel\\framework\\src\\Illuminate\\Database\\Connectors\\ConnectionFactory.php(77): Illuminate\\Database\\Connectors\\ConnectionFactory->createConnection('mysql', Object(Closure), 'gecndev_sisccc', '', Array)
#11 O:\\Proyectos_2019\\sis_ccc\\laravel-org\\vendor\\laravel\\framework\\src\\Illuminate\\Database\\Connectors\\ConnectionFactory.php(51): Illuminate\\Database\\Connectors\\ConnectionFactory->createSingleConnection(Array)
#12 O:\\Proyectos_2019\\sis_ccc\\laravel-org\\vendor\\laravel\\framework\\src\\Illuminate\\Database\\DatabaseManager.php(119): Illuminate\\Database\\Connectors\\ConnectionFactory->make(Array, 'mysql')
#13 O:\\Proyectos_2019\\sis_ccc\\laravel-org\\vendor\\laravel\\framework\\src\\Illuminate\\Database\\DatabaseManager.php(74): Illuminate\\Database\\DatabaseManager->makeConnection('mysql')
#14 O:\\Proyectos_2019\\sis_ccc\\laravel-org\\vendor\\laravel\\framework\\src\\Illuminate\\Database\\Eloquent\\Model.php(1131): Illuminate\\Database\\DatabaseManager->connection('mysql')
#15 O:\\Proyectos_2019\\sis_ccc\\laravel-org\\vendor\\laravel\\framework\\src\\Illuminate\\Database\\Eloquent\\Model.php(1097): Illuminate\\Database\\Eloquent\\Model::resolveConnection(NULL)
#16 O:\\Proyectos_2019\\sis_ccc\\laravel-org\\vendor\\laravel\\framework\\src\\Illuminate\\Database\\Eloquent\\Model.php(929): Illuminate\\Database\\Eloquent\\Model->getConnection()
#17 O:\\Proyectos_2019\\sis_ccc\\laravel-org\\vendor\\laravel\\framework\\src\\Illuminate\\Database\\Eloquent\\Model.php(873): Illuminate\\Database\\Eloquent\\Model->newBaseQueryBuilder()
#18 O:\\Proyectos_2019\\sis_ccc\\laravel-org\\vendor\\laravel\\framework\\src\\Illuminate\\Database\\Eloquent\\Model.php(836): Illuminate\\Database\\Eloquent\\Model->newQueryWithoutScopes()
#19 O:\\Proyectos_2019\\sis_ccc\\laravel-org\\vendor\\laravel\\framework\\src\\Illuminate\\Database\\Eloquent\\Model.php(359): Illuminate\\Database\\Eloquent\\Model->newQuery()
#20 O:\\Proyectos_2019\\sis_ccc\\laravel-org\\vendor\\tcg\\voyager\outes\\voyager.php(39): Illuminate\\Database\\Eloquent\\Model::all()
#21 O:\\Proyectos_2019\\sis_ccc\\laravel-org\\vendor\\laravel\\framework\\src\\Illuminate\\Routing\\Router.php(389): TCG\\Voyager\\Voyager->{closure}(Object(Illuminate\\Routing\\Router))
#22 O:\\Proyectos_2019\\sis_ccc\\laravel-org\\vendor\\laravel\\framework\\src\\Illuminate\\Routing\\Router.php(349): Illuminate\\Routing\\Router->loadRoutes(Object(Closure))
#23 O:\\Proyectos_2019\\sis_ccc\\laravel-org\\vendor\\laravel\\framework\\src\\Illuminate\\Support\\Facades\\Facade.php(221): Illuminate\\Routing\\Router->group(Array, Object(Closure))
#24 O:\\Proyectos_2019\\sis_ccc\\laravel-org\\vendor\\tcg\\voyager\outes\\voyager.php(130): Illuminate\\Support\\Facades\\Facade::__callStatic('group', Array)
#25 O:\\Proyectos_2019\\sis_ccc\\laravel-org\\vendor\\laravel\\framework\\src\\Illuminate\\Routing\\Router.php(389): TCG\\Voyager\\Voyager->{closure}(Object(Illuminate\\Routing\\Router))
#26 O:\\Proyectos_2019\\sis_ccc\\laravel-org\\vendor\\laravel\\framework\\src\\Illuminate\\Routing\\Router.php(349): Illuminate\\Routing\\Router->loadRoutes(Object(Closure))
#27 O:\\Proyectos_2019\\sis_ccc\\laravel-org\\vendor\\laravel\\framework\\src\\Illuminate\\Support\\Facades\\Facade.php(221): Illuminate\\Routing\\Router->group(Array, Object(Closure))
#28 O:\\Proyectos_2019\\sis_ccc\\laravel-org\\vendor\\tcg\\voyager\outes\\voyager.php(132): Illuminate\\Support\\Facades\\Facade::__callStatic('group', Array)
#29 O:\\Proyectos_2019\\sis_ccc\\laravel-org\\vendor\\tcg\\voyager\\src\\Voyager.php(190): require('O:\\\\Proyectos_20...')
#30 O:\\Proyectos_2019\\sis_ccc\\laravel-org\\vendor\\laravel\\framework\\src\\Illuminate\\Support\\Facades\\Facade.php(221): TCG\\Voyager\\Voyager->routes()
#31 O:\\Proyectos_2019\\sis_ccc\\laravel-org\outes\\web.php(76): Illuminate\\Support\\Facades\\Facade::__callStatic('routes', Array)
#32 O:\\Proyectos_2019\\sis_ccc\\laravel-org\\vendor\\laravel\\framework\\src\\Illuminate\\Routing\\Router.php(389): sis_ccc\\Providers\\RouteServiceProvider->{closure}(Object(Illuminate\\Routing\\Router))
#33 O:\\Proyectos_2019\\sis_ccc\\laravel-org\\vendor\\laravel\\framework\\src\\Illuminate\\Routing\\Router.php(349): Illuminate\\Routing\\Router->loadRoutes(Object(Closure))
#34 O:\\Proyectos_2019\\sis_ccc\\laravel-org\\vendor\\laravel\\framework\\src\\Illuminate\\Support\\Facades\\Facade.php(221): Illuminate\\Routing\\Router->group(Array, Object(Closure))
#35 O:\\Proyectos_2019\\sis_ccc\\laravel-org\outes\\web.php(77): Illuminate\\Support\\Facades\\Facade::__callStatic('group', Array)
#36 O:\\Proyectos_2019\\sis_ccc\\laravel-org\\app\\Providers\\RouteServiceProvider.php(58): require('O:\\\\Proyectos_20...')
#37 O:\\Proyectos_2019\\sis_ccc\\laravel-org\\vendor\\laravel\\framework\\src\\Illuminate\\Routing\\Router.php(389): sis_ccc\\Providers\\RouteServiceProvider->sis_ccc\\Providers\\{closure}(Object(Illuminate\\Routing\\Router))
#38 O:\\Proyectos_2019\\sis_ccc\\laravel-org\\vendor\\laravel\\framework\\src\\Illuminate\\Routing\\Router.php(349): Illuminate\\Routing\\Router->loadRoutes(Object(Closure))
#39 O:\\Proyectos_2019\\sis_ccc\\laravel-org\\vendor\\laravel\\framework\\src\\Illuminate\\Support\\Facades\\Facade.php(221): Illuminate\\Routing\\Router->group(Array, Object(Closure))
#40 O:\\Proyectos_2019\\sis_ccc\\laravel-org\\app\\Providers\\RouteServiceProvider.php(59): Illuminate\\Support\\Facades\\Facade::__callStatic('group', Array)
#41 O:\\Proyectos_2019\\sis_ccc\\laravel-org\\app\\Providers\\RouteServiceProvider.php(40): sis_ccc\\Providers\\RouteServiceProvider->mapWebRoutes()
#42 [internal function]: sis_ccc\\Providers\\RouteServiceProvider->map()
#43 O:\\Proyectos_2019\\sis_ccc\\laravel-org\\vendor\\laravel\\framework\\src\\Illuminate\\Container\\BoundMethod.php(29): call_user_func_array(Array, Array)
#44 O:\\Proyectos_2019\\sis_ccc\\laravel-org\\vendor\\laravel\\framework\\src\\Illuminate\\Container\\BoundMethod.php(87): Illuminate\\Container\\BoundMethod::Illuminate\\Container\\{closure}()
#45 O:\\Proyectos_2019\\sis_ccc\\laravel-org\\vendor\\laravel\\framework\\src\\Illuminate\\Container\\BoundMethod.php(31): Illuminate\\Container\\BoundMethod::callBoundMethod(Object(Illuminate\\Foundation\\Application), Array, Object(Closure))
#46 O:\\Proyectos_2019\\sis_ccc\\laravel-org\\vendor\\laravel\\framework\\src\\Illuminate\\Container\\Container.php(549): Illuminate\\Container\\BoundMethod::call(Object(Illuminate\\Foundation\\Application), Array, Array, NULL)
#47 O:\\Proyectos_2019\\sis_ccc\\laravel-org\\vendor\\laravel\\framework\\src\\Illuminate\\Foundation\\Support\\Providers\\RouteServiceProvider.php(74): Illuminate\\Container\\Container->call(Array)
#48 O:\\Proyectos_2019\\sis_ccc\\laravel-org\\vendor\\laravel\\framework\\src\\Illuminate\\Foundation\\Support\\Providers\\RouteServiceProvider.php(33): Illuminate\\Foundation\\Support\\Providers\\RouteServiceProvider->loadRoutes()
#49 O:\\Proyectos_2019\\sis_ccc\\laravel-org\\app\\Providers\\RouteServiceProvider.php(28): Illuminate\\Foundation\\Support\\Providers\\RouteServiceProvider->boot()
#50 [internal function]: sis_ccc\\Providers\\RouteServiceProvider->boot()
#51 O:\\Proyectos_2019\\sis_ccc\\laravel-org\\vendor\\laravel\\framework\\src\\Illuminate\\Container\\BoundMethod.php(29): call_user_func_array(Array, Array)
#52 O:\\Proyectos_2019\\sis_ccc\\laravel-org\\vendor\\laravel\\framework\\src\\Illuminate\\Container\\BoundMethod.php(87): Illuminate\\Container\\BoundMethod::Illuminate\\Container\\{closure}()
#53 O:\\Proyectos_2019\\sis_ccc\\laravel-org\\vendor\\laravel\\framework\\src\\Illuminate\\Container\\BoundMethod.php(31): Illuminate\\Container\\BoundMethod::callBoundMethod(Object(Illuminate\\Foundation\\Application), Array, Object(Closure))
#54 O:\\Proyectos_2019\\sis_ccc\\laravel-org\\vendor\\laravel\\framework\\src\\Illuminate\\Container\\Container.php(549): Illuminate\\Container\\BoundMethod::call(Object(Illuminate\\Foundation\\Application), Array, Array, NULL)
#55 O:\\Proyectos_2019\\sis_ccc\\laravel-org\\vendor\\laravel\\framework\\src\\Illuminate\\Foundation\\Application.php(792): Illuminate\\Container\\Container->call(Array)
#56 O:\\Proyectos_2019\\sis_ccc\\laravel-org\\vendor\\laravel\\framework\\src\\Illuminate\\Foundation\\Application.php(775): Illuminate\\Foundation\\Application->bootProvider(Object(sis_ccc\\Providers\\RouteServiceProvider))
#57 [internal function]: Illuminate\\Foundation\\Application->Illuminate\\Foundation\\{closure}(Object(sis_ccc\\Providers\\RouteServiceProvider), 25)
#58 O:\\Proyectos_2019\\sis_ccc\\laravel-org\\vendor\\laravel\\framework\\src\\Illuminate\\Foundation\\Application.php(776): array_walk(Array, Object(Closure))
#59 O:\\Proyectos_2019\\sis_ccc\\laravel-org\\vendor\\laravel\\framework\\src\\Illuminate\\Foundation\\Bootstrap\\BootProviders.php(17): Illuminate\\Foundation\\Application->boot()
#60 O:\\Proyectos_2019\\sis_ccc\\laravel-org\\vendor\\laravel\\framework\\src\\Illuminate\\Foundation\\Application.php(213): Illuminate\\Foundation\\Bootstrap\\BootProviders->bootstrap(Object(Illuminate\\Foundation\\Application))
#61 O:\\Proyectos_2019\\sis_ccc\\laravel-org\\vendor\\laravel\\framework\\src\\Illuminate\\Foundation\\Http\\Kernel.php(162): Illuminate\\Foundation\\Application->bootstrapWith(Array)
#62 O:\\Proyectos_2019\\sis_ccc\\laravel-org\\vendor\\laravel\\framework\\src\\Illuminate\\Foundation\\Http\\Kernel.php(146): Illuminate\\Foundation\\Http\\Kernel->bootstrap()
#63 O:\\Proyectos_2019\\sis_ccc\\laravel-org\\vendor\\laravel\\framework\\src\\Illuminate\\Foundation\\Http\\Kernel.php(116): Illuminate\\Foundation\\Http\\Kernel->sendRequestThroughRouter(Object(Illuminate\\Http\\Request))
#64 O:\\Proyectos_2019\\sis_ccc\\laravel-org\\public\\index.php(53): Illuminate\\Foundation\\Http\\Kernel->handle(Object(Illuminate\\Http\\Request))
#65 {main}
"} 
