0 info it worked if it ends with ok
1 verbose cli [ 'C:\\Program Files (x86)\\nodejs\\node.exe',
1 verbose cli   'C:\\Program Files (x86)\\nodejs\\node_modules\\npm\\bin\\npm-cli.js',
1 verbose cli   'run',
1 verbose cli   'development' ]
2 info using npm@3.10.8
3 info using node@v6.9.1
4 warn invalid config loglevel="notice"
5 verbose run-script [ 'predevelopment', 'development', 'postdevelopment' ]
6 info lifecycle @~predevelopment: @
7 silly lifecycle @~predevelopment: no script for predevelopment, continuing
8 info lifecycle @~development: @
9 verbose lifecycle @~development: unsafe-perm in lifecycle true
10 verbose lifecycle @~development: PATH: C:\Program Files (x86)\nodejs\node_modules\npm\bin\node-gyp-bin;E:\proyectos_2017\sisccc\sitio\node_modules\.bin;C:\Users\GuillermoElías\AppData\Roaming\npm\node_modules\npm\bin\node-gyp-bin;E:\proyectos_2017\sisccc\sitio\node_modules\.bin;C:\Users\GuillermoElías\bin;C:\Program Files\Git\mingw64\bin;C:\Program Files\Git\usr\local\bin;C:\Program Files\Git\usr\bin;C:\Program Files\Git\usr\bin;C:\Program Files\Git\mingw64\bin;C:\Program Files\Git\usr\bin;C:\Users\GuillermoElías\bin;F:\0 - Programas\A_Rad_Studio XE7\Embarcadero\Studio\15.0\bin;C:\Users\Public\Documents\Embarcadero\Studio\15.0\Bpl;F:\0 - Programas\A_Rad_Studio XE7\Embarcadero\Studio\15.0\bin64;C:\Users\Public\Documents\Embarcadero\Studio\15.0\Bpl\Win64;C:\ProgramData\Oracle\Java\javapath;C:\Windows\system32;C:\Windows;C:\Windows\System32\Wbem;C:\Windows\System32\WindowsPowerShell\v1.0;C:\Program Files (x86)\NVIDIA Corporation\PhysX\Common;c;cygwin;C:\WINDOWS\system32;C:\WINDOWS;C:\WINDOWS\System32\Wbem;C:\WINDOWS\System32\WindowsPowerShell\v1.0;C:\Users\GuillermoElías\.dnx\bin;C:\Program Files\Microsoft DNX\Dnvm;C:\Program Files\Microsoft SQL Server\120\Tools\Binn;C:\Program Files\Microsoft SQL Server\130\Tools\Binn;C:\Program Files (x86)\Windows Kits\10\Windows Performance Toolkit;C:\Program Files (x86)\Microsoft Emulator Manager\1.0;C:\wamp64\bin\php\php7.0.10;C:\ProgramData\ComposerSetup\bin;C:\Program Files\Git\cmd;C:\Program Files (x86;C:\Program Files (x86)\nodejs;C:\WINDOWS\system32;C:\WINDOWS;C:\WINDOWS\System32\Wbem;C:\WINDOWS\System32\WindowsPowerShell\v1.0;C:\Program Files (x86)\Skype\Phone;C:\wamp64\bin\php\php7.0.10\php.exe;C:\ProgramData\chocolatey\bin;C:\Users\GuillermoElías\AppData\Roaming\npm;C:\Users\GuillermoElías\AppData\Local\Microsoft\WindowsApps;C:\Users\GuillermoElías\AppData\Local\Programs\Fiddler;C:\Program Files\Git\usr\bin\vendor_perl;C:\Program Files\Git\usr\bin\core_perl
11 verbose lifecycle @~development: CWD: E:\proyectos_2017\sisccc\sitio
12 silly lifecycle @~development: Args: [ '/d /s /c',
12 silly lifecycle   'cross-env NODE_ENV=development node_modules/webpack/bin/webpack.js --progress --hide-modules --config=node_modules/laravel-mix/setup/webpack.config.js' ]
13 silly lifecycle @~development: Returned: code: 1  signal: null
14 info lifecycle @~development: Failed to exec development script
15 verbose stack Error: @ development: `cross-env NODE_ENV=development node_modules/webpack/bin/webpack.js --progress --hide-modules --config=node_modules/laravel-mix/setup/webpack.config.js`
15 verbose stack Exit status 1
15 verbose stack     at EventEmitter.<anonymous> (C:\Program Files (x86)\nodejs\node_modules\npm\lib\utils\lifecycle.js:255:16)
15 verbose stack     at emitTwo (events.js:106:13)
15 verbose stack     at EventEmitter.emit (events.js:191:7)
15 verbose stack     at ChildProcess.<anonymous> (C:\Program Files (x86)\nodejs\node_modules\npm\lib\utils\spawn.js:40:14)
15 verbose stack     at emitTwo (events.js:106:13)
15 verbose stack     at ChildProcess.emit (events.js:191:7)
15 verbose stack     at maybeClose (internal/child_process.js:877:16)
15 verbose stack     at Process.ChildProcess._handle.onexit (internal/child_process.js:226:5)
16 verbose pkgid @
17 verbose cwd E:\proyectos_2017\sisccc\sitio
18 error Windows_NT 10.0.15063
19 error argv "C:\\Program Files (x86)\\nodejs\\node.exe" "C:\\Program Files (x86)\\nodejs\\node_modules\\npm\\bin\\npm-cli.js" "run" "development"
20 error node v6.9.1
21 error npm  v3.10.8
22 error code ELIFECYCLE
23 error @ development: `cross-env NODE_ENV=development node_modules/webpack/bin/webpack.js --progress --hide-modules --config=node_modules/laravel-mix/setup/webpack.config.js`
23 error Exit status 1
24 error Failed at the @ development script 'cross-env NODE_ENV=development node_modules/webpack/bin/webpack.js --progress --hide-modules --config=node_modules/laravel-mix/setup/webpack.config.js'.
24 error Make sure you have the latest version of node.js and npm installed.
24 error If you do, this is most likely a problem with the  package,
24 error not with npm itself.
24 error Tell the author that this fails on your system:
24 error     cross-env NODE_ENV=development node_modules/webpack/bin/webpack.js --progress --hide-modules --config=node_modules/laravel-mix/setup/webpack.config.js
24 error You can get information on how to open an issue for this project with:
24 error     npm bugs
24 error Or if that isn't available, you can get their info via:
24 error     npm owner ls
24 error There is likely additional logging output above.
25 verbose exit [ 1, true ]
